
*** Running vivado
    with args -log Inv_KPlus.vds -m64 -product Vivado -mode batch -messageDb vivado.pb -notrace -source Inv_KPlus.tcl


****** Vivado v2017.2 (64-bit)
  **** SW Build 1909853 on Thu Jun 15 18:39:10 MDT 2017
  **** IP Build 1909766 on Thu Jun 15 19:58:00 MDT 2017
    ** Copyright 1986-2017 Xilinx, Inc. All Rights Reserved.

source Inv_KPlus.tcl -notrace
Starting RTL Elaboration : Time (s): cpu = 00:00:04 ; elapsed = 00:00:04 . Memory (MB): peak = 1153.832 ; gain = 54.996 ; free physical = 10676 ; free virtual = 28283
INFO: [Synth 8-638] synthesizing module 'Inv_KPlus' [/home/fede/GIT/Jaquenod/Modulo11/Guia/ISE/Actividad_11_2_2/Dec_8b10b/Dec_8b10b.srcs/sources_1/ip/Inv_KPlus/synth/Inv_KPlus.vhd:66]
INFO: [Synth 8-256] done synthesizing module 'Inv_KPlus' (4#1) [/home/fede/GIT/Jaquenod/Modulo11/Guia/ISE/Actividad_11_2_2/Dec_8b10b/Dec_8b10b.srcs/sources_1/ip/Inv_KPlus/synth/Inv_KPlus.vhd:66]
Finished RTL Elaboration : Time (s): cpu = 00:00:05 ; elapsed = 00:00:05 . Memory (MB): peak = 1195.332 ; gain = 96.496 ; free physical = 10687 ; free virtual = 28293
Finished RTL Optimization Phase 1 : Time (s): cpu = 00:00:05 ; elapsed = 00:00:05 . Memory (MB): peak = 1195.332 ; gain = 96.496 ; free physical = 10687 ; free virtual = 28293
INFO: [Device 21-403] Loading part xa7a100tfgg484-2I
Constraint Validation Runtime : Time (s): cpu = 00:00:00.02 ; elapsed = 00:00:00.02 . Memory (MB): peak = 1437.137 ; gain = 0.000 ; free physical = 10425 ; free virtual = 28031
Finished Constraint Validation : Time (s): cpu = 00:00:13 ; elapsed = 00:00:14 . Memory (MB): peak = 1437.137 ; gain = 338.301 ; free physical = 10515 ; free virtual = 28121
Finished Loading Part and Timing Information : Time (s): cpu = 00:00:13 ; elapsed = 00:00:14 . Memory (MB): peak = 1437.137 ; gain = 338.301 ; free physical = 10515 ; free virtual = 28121
Finished applying 'set_property' XDC Constraints : Time (s): cpu = 00:00:13 ; elapsed = 00:00:14 . Memory (MB): peak = 1437.137 ; gain = 338.301 ; free physical = 10516 ; free virtual = 28123
Finished RTL Optimization Phase 2 : Time (s): cpu = 00:00:13 ; elapsed = 00:00:14 . Memory (MB): peak = 1445.145 ; gain = 346.309 ; free physical = 10515 ; free virtual = 28122
Finished Cross Boundary and Area Optimization : Time (s): cpu = 00:00:14 ; elapsed = 00:00:14 . Memory (MB): peak = 1453.152 ; gain = 354.316 ; free physical = 10507 ; free virtual = 28114
---------------------------------------------------------------------------------
Start ROM, RAM, DSP and Shift Register Reporting
---------------------------------------------------------------------------------

ROM:
+------------+------------+---------------+----------------+
|Module Name | RTL Object | Depth x Width | Implemented As | 
+------------+------------+---------------+----------------+
|rom         | rom[31]    | 32x5          | LUT            | 
+------------+------------+---------------+----------------+

---------------------------------------------------------------------------------
Finished ROM, RAM, DSP and Shift Register Reporting
---------------------------------------------------------------------------------
Finished Applying XDC Timing Constraints : Time (s): cpu = 00:00:20 ; elapsed = 00:00:21 . Memory (MB): peak = 1479.152 ; gain = 380.316 ; free physical = 10382 ; free virtual = 27988
Finished Timing Optimization : Time (s): cpu = 00:00:20 ; elapsed = 00:00:21 . Memory (MB): peak = 1479.152 ; gain = 380.316 ; free physical = 10382 ; free virtual = 27988
Finished Technology Mapping : Time (s): cpu = 00:00:20 ; elapsed = 00:00:21 . Memory (MB): peak = 1489.168 ; gain = 390.332 ; free physical = 10381 ; free virtual = 27987
Finished IO Insertion : Time (s): cpu = 00:00:21 ; elapsed = 00:00:21 . Memory (MB): peak = 1489.168 ; gain = 390.332 ; free physical = 10381 ; free virtual = 27987
Finished Renaming Generated Instances : Time (s): cpu = 00:00:21 ; elapsed = 00:00:21 . Memory (MB): peak = 1489.168 ; gain = 390.332 ; free physical = 10381 ; free virtual = 27987
Finished Rebuilding User Hierarchy : Time (s): cpu = 00:00:21 ; elapsed = 00:00:21 . Memory (MB): peak = 1489.168 ; gain = 390.332 ; free physical = 10381 ; free virtual = 27987
Finished Renaming Generated Ports : Time (s): cpu = 00:00:21 ; elapsed = 00:00:21 . Memory (MB): peak = 1489.168 ; gain = 390.332 ; free physical = 10381 ; free virtual = 27987
Finished Handling Custom Attributes : Time (s): cpu = 00:00:21 ; elapsed = 00:00:21 . Memory (MB): peak = 1489.168 ; gain = 390.332 ; free physical = 10381 ; free virtual = 27987
Finished Renaming Generated Nets : Time (s): cpu = 00:00:21 ; elapsed = 00:00:21 . Memory (MB): peak = 1489.168 ; gain = 390.332 ; free physical = 10381 ; free virtual = 27987

Report Cell Usage: 
+------+-----+------+
|      |Cell |Count |
+------+-----+------+
|1     |LUT5 |     5|
+------+-----+------+
Finished Writing Synthesis Report : Time (s): cpu = 00:00:21 ; elapsed = 00:00:21 . Memory (MB): peak = 1489.168 ; gain = 390.332 ; free physical = 10381 ; free virtual = 27987
synth_design: Time (s): cpu = 00:00:22 ; elapsed = 00:00:22 . Memory (MB): peak = 1496.168 ; gain = 409.918 ; free physical = 10389 ; free virtual = 27996
