
*** Running vivado
    with args -log Kplus.vds -m64 -product Vivado -mode batch -messageDb vivado.pb -notrace -source Kplus.tcl


****** Vivado v2017.3 (64-bit)
  **** SW Build 2018833 on Wed Oct  4 19:58:07 MDT 2017
  **** IP Build 2016188 on Wed Oct  4 21:52:56 MDT 2017
    ** Copyright 1986-2017 Xilinx, Inc. All Rights Reserved.

source Kplus.tcl -notrace
Starting RTL Elaboration : Time (s): cpu = 00:00:06 ; elapsed = 00:00:06 . Memory (MB): peak = 1252.305 ; gain = 77.996 ; free physical = 456 ; free virtual = 11326
INFO: [Synth 8-638] synthesizing module 'Kplus' [/home/farbizu/Trabajo_Final/System_8b10b/System_8b10b.srcs/sources_1/ip/Kplus/synth/Kplus.vhd:66]
INFO: [Synth 8-256] done synthesizing module 'Kplus' (4#1) [/home/farbizu/Trabajo_Final/System_8b10b/System_8b10b.srcs/sources_1/ip/Kplus/synth/Kplus.vhd:66]
Finished RTL Elaboration : Time (s): cpu = 00:00:06 ; elapsed = 00:00:07 . Memory (MB): peak = 1295.836 ; gain = 121.527 ; free physical = 469 ; free virtual = 11340
Finished RTL Optimization Phase 1 : Time (s): cpu = 00:00:07 ; elapsed = 00:00:07 . Memory (MB): peak = 1295.836 ; gain = 121.527 ; free physical = 468 ; free virtual = 11339
INFO: [Device 21-403] Loading part xc7a100tfgg484-2
Constraint Validation Runtime : Time (s): cpu = 00:00:00.01 ; elapsed = 00:00:00.01 . Memory (MB): peak = 1549.664 ; gain = 0.000 ; free physical = 200 ; free virtual = 11069
Finished Constraint Validation : Time (s): cpu = 00:00:18 ; elapsed = 00:00:27 . Memory (MB): peak = 1549.664 ; gain = 375.355 ; free physical = 280 ; free virtual = 11150
Finished Loading Part and Timing Information : Time (s): cpu = 00:00:18 ; elapsed = 00:00:27 . Memory (MB): peak = 1549.664 ; gain = 375.355 ; free physical = 280 ; free virtual = 11150
Finished applying 'set_property' XDC Constraints : Time (s): cpu = 00:00:18 ; elapsed = 00:00:27 . Memory (MB): peak = 1549.664 ; gain = 375.355 ; free physical = 282 ; free virtual = 11152
Finished RTL Optimization Phase 2 : Time (s): cpu = 00:00:18 ; elapsed = 00:00:27 . Memory (MB): peak = 1549.664 ; gain = 375.355 ; free physical = 281 ; free virtual = 11151
Finished Cross Boundary and Area Optimization : Time (s): cpu = 00:00:18 ; elapsed = 00:00:27 . Memory (MB): peak = 1557.672 ; gain = 383.363 ; free physical = 273 ; free virtual = 11143
---------------------------------------------------------------------------------
Start ROM, RAM, DSP and Shift Register Reporting
---------------------------------------------------------------------------------

ROM:
+------------+------------+---------------+----------------+
|Module Name | RTL Object | Depth x Width | Implemented As | 
+------------+------------+---------------+----------------+
|rom         | rom[15]    | 16x4          | LUT            | 
+------------+------------+---------------+----------------+

---------------------------------------------------------------------------------
Finished ROM, RAM, DSP and Shift Register Reporting
---------------------------------------------------------------------------------
Finished Applying XDC Timing Constraints : Time (s): cpu = 00:00:23 ; elapsed = 00:00:34 . Memory (MB): peak = 1591.672 ; gain = 417.363 ; free physical = 199 ; free virtual = 11068
Finished Timing Optimization : Time (s): cpu = 00:00:23 ; elapsed = 00:00:34 . Memory (MB): peak = 1591.672 ; gain = 417.363 ; free physical = 199 ; free virtual = 11068
Finished Technology Mapping : Time (s): cpu = 00:00:23 ; elapsed = 00:00:34 . Memory (MB): peak = 1600.688 ; gain = 426.379 ; free physical = 198 ; free virtual = 11067
Finished IO Insertion : Time (s): cpu = 00:00:23 ; elapsed = 00:00:34 . Memory (MB): peak = 1600.688 ; gain = 426.379 ; free physical = 198 ; free virtual = 11067
Finished Renaming Generated Instances : Time (s): cpu = 00:00:23 ; elapsed = 00:00:34 . Memory (MB): peak = 1600.688 ; gain = 426.379 ; free physical = 198 ; free virtual = 11067
Finished Rebuilding User Hierarchy : Time (s): cpu = 00:00:23 ; elapsed = 00:00:34 . Memory (MB): peak = 1600.688 ; gain = 426.379 ; free physical = 198 ; free virtual = 11067
Finished Renaming Generated Ports : Time (s): cpu = 00:00:23 ; elapsed = 00:00:34 . Memory (MB): peak = 1600.688 ; gain = 426.379 ; free physical = 198 ; free virtual = 11067
Finished Handling Custom Attributes : Time (s): cpu = 00:00:23 ; elapsed = 00:00:34 . Memory (MB): peak = 1600.688 ; gain = 426.379 ; free physical = 198 ; free virtual = 11067
Finished Renaming Generated Nets : Time (s): cpu = 00:00:23 ; elapsed = 00:00:34 . Memory (MB): peak = 1600.688 ; gain = 426.379 ; free physical = 198 ; free virtual = 11067

Report Cell Usage: 
+------+-----+------+
|      |Cell |Count |
+------+-----+------+
|1     |LUT4 |     4|
+------+-----+------+
Finished Writing Synthesis Report : Time (s): cpu = 00:00:23 ; elapsed = 00:00:34 . Memory (MB): peak = 1600.688 ; gain = 426.379 ; free physical = 198 ; free virtual = 11067
synth_design: Time (s): cpu = 00:00:24 ; elapsed = 00:00:35 . Memory (MB): peak = 1608.688 ; gain = 447.754 ; free physical = 236 ; free virtual = 11106
