INFO:sim:172 - Generating IP...
Applying current project options...
Finished applying current project options.
ERROR:sim - Unable to find
ERROR:sim -   
   /home/fede/Documents/Jaquenod/GIT/Modulo7/Guia/ISE/Actividad_7_2_2/Cordic/Cor
ERROR:sim -    dic.ip_user_files/mem_init_files/arctan_init_dec.coe
ERROR:sim -    Coregen is looking for
ERROR:sim -   
   /home/fede/Documents/Jaquenod/GIT/Modulo7/Guia/ISE/Actividad_7_2_2/Cordic/Cor
ERROR:sim -    dic.ip_user_files/mem_init_files/arctan_init_dec.coe
ERROR:sim - Unable to find
ERROR:sim -   
   /home/fede/Documents/Jaquenod/GIT/Modulo7/Guia/ISE/Actividad_7_2_2/Cordic/Cor
ERROR:sim -    dic.ip_user_files/mem_init_files/arctan_init_dec.coe
ERROR:sim -    Coregen is looking for
ERROR:sim -   
   /home/fede/Documents/Jaquenod/GIT/Modulo7/Guia/ISE/Actividad_7_2_2/Cordic/Cor
ERROR:sim -    dic.ip_user_files/mem_init_files/arctan_init_dec.coe
ERROR:sim - An invalid core configuration has been detected during
ERROR:sim -    Customization. Core parameters will be reset to their default
   values.
Cancelled executing Tcl generator.
Wrote CGP file for project 'arctan'.
