--------------------------------------------------------------------------------
Release 14.7 Trace  (lin)
Copyright (c) 1995-2013 Xilinx, Inc.  All rights reserved.

/opt/Xilinx/14.7/ISE_DS/ISE/bin/lin/unwrapped/trce -intstyle ise -v 3 -s 2 -n 3
-fastpaths -xml En_Head.twx En_Head.ncd -o En_Head.twr En_Head.pcf

Design file:              En_Head.ncd
Physical constraint file: En_Head.pcf
Device,package,speed:     xc7a100t,fgg484,C,-2 (PRODUCTION 1.10 2013-10-13)
Report level:             verbose report

Environment Variable      Effect 
--------------------      ------ 
NONE                      No environment variables were set
--------------------------------------------------------------------------------

INFO:Timing:2698 - No timing constraints found, doing default enumeration.
INFO:Timing:3412 - To improve timing, see the Timing Closure User Guide (UG612).
INFO:Timing:2752 - To get complete path coverage, use the unconstrained paths 
   option. All paths that are not constrained will be reported in the 
   unconstrained paths section(s) of the report.
INFO:Timing:3339 - The clock-to-out numbers in this timing report are based on 
   a 50 Ohm transmission line loading model.  For the details of this model, 
   and for more information on accounting for different loading conditions, 
   please see the device datasheet.



Data Sheet report:
-----------------
All values displayed in nanoseconds (ns)

Pad to Pad
---------------+---------------+---------+
Source Pad     |Destination Pad|  Delay  |
---------------+---------------+---------+
A              |C              |    5.756|
B              |C              |    5.464|
---------------+---------------+---------+


Analysis completed Mon Mar 13 10:46:40 2017 
--------------------------------------------------------------------------------

Trace Settings:
-------------------------
Trace Settings 

Peak Memory Usage: 396 MB



