Running: /opt/Xilinx/14.7/ISE_DS/ISE/bin/lin/unwrapped/fuse -relaunch -intstyle "ise" -incremental -lib "secureip" -o "/home/fedeserver/Documents/Jaquenod/GIT/Guia_1/ISE/Sim_isim_beh.exe" -prj "/home/fedeserver/Documents/Jaquenod/GIT/Guia_1/ISE/Sim_beh.prj" "work.Sim" 
ISim P.20131013 (signature 0xfbc00daa)
Number of CPUs detected in this system: 2
Turning on mult-threading, number of parallel sub-compilation jobs: 4 
Determining compilation order of HDL files
Parsing VHDL file "/home/fedeserver/Documents/Jaquenod/GIT/Guia_1/ISE/Sources/Head.vhd" into library work
Parsing VHDL file "/home/fedeserver/Documents/Jaquenod/GIT/Guia_1/ISE/Sources/Sim.vhd" into library work
Starting static elaboration
Completed static elaboration
Fuse Memory Usage: 37164 KB
Fuse CPU Usage: 2890 ms
Compiling package standard
Compiling package std_logic_1164
Compiling architecture arq_head of entity En_Head [en_head_default]
Compiling architecture behavior of entity sim
Time Resolution for simulation is 1ps.
Compiled 5 VHDL Units
Built simulation executable /home/fedeserver/Documents/Jaquenod/GIT/Guia_1/ISE/Sim_isim_beh.exe
Fuse Memory Usage: 80584 KB
Fuse CPU Usage: 3000 ms
GCC CPU Usage: 810 ms
