
*** Running vivado
    with args -log Inv_Ch.vds -m64 -product Vivado -mode batch -messageDb vivado.pb -notrace -source Inv_Ch.tcl


****** Vivado v2017.3 (64-bit)
  **** SW Build 2018833 on Wed Oct  4 19:58:07 MDT 2017
  **** IP Build 2016188 on Wed Oct  4 21:52:56 MDT 2017
    ** Copyright 1986-2017 Xilinx, Inc. All Rights Reserved.

source Inv_Ch.tcl -notrace
Starting RTL Elaboration : Time (s): cpu = 00:00:09 ; elapsed = 00:00:09 . Memory (MB): peak = 1244.312 ; gain = 69.996 ; free physical = 11828 ; free virtual = 13619
INFO: [Synth 8-638] synthesizing module 'Inv_Ch' [/home/fede/GIT/Jaquenod/Trabajo_Final/System_8b10b/System_8b10b.srcs/sources_1/ip/Inv_Ch/synth/Inv_Ch.vhd:66]
INFO: [Synth 8-256] done synthesizing module 'Inv_Ch' (4#1) [/home/fede/GIT/Jaquenod/Trabajo_Final/System_8b10b/System_8b10b.srcs/sources_1/ip/Inv_Ch/synth/Inv_Ch.vhd:66]
Finished RTL Elaboration : Time (s): cpu = 00:00:10 ; elapsed = 00:00:11 . Memory (MB): peak = 1288.844 ; gain = 114.527 ; free physical = 11837 ; free virtual = 13630
Finished RTL Optimization Phase 1 : Time (s): cpu = 00:00:10 ; elapsed = 00:00:11 . Memory (MB): peak = 1288.844 ; gain = 114.527 ; free physical = 11840 ; free virtual = 13633
INFO: [Device 21-403] Loading part xc7a100tfgg484-2
Constraint Validation Runtime : Time (s): cpu = 00:00:00 ; elapsed = 00:00:00 . Memory (MB): peak = 1540.656 ; gain = 0.000 ; free physical = 11546 ; free virtual = 13373
Finished Constraint Validation : Time (s): cpu = 00:00:29 ; elapsed = 00:00:44 . Memory (MB): peak = 1540.656 ; gain = 366.340 ; free physical = 11623 ; free virtual = 13448
Finished Loading Part and Timing Information : Time (s): cpu = 00:00:29 ; elapsed = 00:00:44 . Memory (MB): peak = 1540.656 ; gain = 366.340 ; free physical = 11623 ; free virtual = 13447
Finished applying 'set_property' XDC Constraints : Time (s): cpu = 00:00:29 ; elapsed = 00:00:44 . Memory (MB): peak = 1540.656 ; gain = 366.340 ; free physical = 11624 ; free virtual = 13449
Finished RTL Optimization Phase 2 : Time (s): cpu = 00:00:29 ; elapsed = 00:00:44 . Memory (MB): peak = 1548.664 ; gain = 374.348 ; free physical = 11624 ; free virtual = 13448
Finished Cross Boundary and Area Optimization : Time (s): cpu = 00:00:30 ; elapsed = 00:00:45 . Memory (MB): peak = 1556.672 ; gain = 382.355 ; free physical = 11613 ; free virtual = 13439
---------------------------------------------------------------------------------
Start ROM, RAM, DSP and Shift Register Reporting
---------------------------------------------------------------------------------

ROM:
+------------+------------+---------------+----------------+
|Module Name | RTL Object | Depth x Width | Implemented As | 
+------------+------------+---------------+----------------+
|rom         | rom[63]    | 64x6          | LUT            | 
+------------+------------+---------------+----------------+

---------------------------------------------------------------------------------
Finished ROM, RAM, DSP and Shift Register Reporting
---------------------------------------------------------------------------------
Finished Applying XDC Timing Constraints : Time (s): cpu = 00:00:38 ; elapsed = 00:00:56 . Memory (MB): peak = 1581.672 ; gain = 407.355 ; free physical = 11481 ; free virtual = 13314
Finished Timing Optimization : Time (s): cpu = 00:00:38 ; elapsed = 00:00:56 . Memory (MB): peak = 1581.672 ; gain = 407.355 ; free physical = 11481 ; free virtual = 13314
Finished Technology Mapping : Time (s): cpu = 00:00:38 ; elapsed = 00:00:56 . Memory (MB): peak = 1591.688 ; gain = 417.371 ; free physical = 11480 ; free virtual = 13313
Finished IO Insertion : Time (s): cpu = 00:00:38 ; elapsed = 00:00:56 . Memory (MB): peak = 1591.688 ; gain = 417.371 ; free physical = 11481 ; free virtual = 13314
Finished Renaming Generated Instances : Time (s): cpu = 00:00:38 ; elapsed = 00:00:56 . Memory (MB): peak = 1591.688 ; gain = 417.371 ; free physical = 11481 ; free virtual = 13314
Finished Rebuilding User Hierarchy : Time (s): cpu = 00:00:38 ; elapsed = 00:00:56 . Memory (MB): peak = 1591.688 ; gain = 417.371 ; free physical = 11481 ; free virtual = 13314
Finished Renaming Generated Ports : Time (s): cpu = 00:00:38 ; elapsed = 00:00:56 . Memory (MB): peak = 1591.688 ; gain = 417.371 ; free physical = 11481 ; free virtual = 13314
Finished Handling Custom Attributes : Time (s): cpu = 00:00:38 ; elapsed = 00:00:56 . Memory (MB): peak = 1591.688 ; gain = 417.371 ; free physical = 11481 ; free virtual = 13314
Finished Renaming Generated Nets : Time (s): cpu = 00:00:38 ; elapsed = 00:00:56 . Memory (MB): peak = 1591.688 ; gain = 417.371 ; free physical = 11481 ; free virtual = 13314

Report Cell Usage: 
+------+-----+------+
|      |Cell |Count |
+------+-----+------+
|1     |LUT6 |     6|
+------+-----+------+
Finished Writing Synthesis Report : Time (s): cpu = 00:00:38 ; elapsed = 00:00:56 . Memory (MB): peak = 1591.688 ; gain = 417.371 ; free physical = 11481 ; free virtual = 13314
synth_design: Time (s): cpu = 00:00:40 ; elapsed = 00:00:58 . Memory (MB): peak = 1599.688 ; gain = 438.746 ; free physical = 11520 ; free virtual = 13353
