
*** Running vivado
    with args -log Arial16x16.vds -m64 -product Vivado -mode batch -messageDb vivado.pb -notrace -source Arial16x16.tcl


****** Vivado v2017.2 (64-bit)
  **** SW Build 1909853 on Thu Jun 15 18:39:10 MDT 2017
  **** IP Build 1909766 on Thu Jun 15 19:58:00 MDT 2017
    ** Copyright 1986-2017 Xilinx, Inc. All Rights Reserved.

source Arial16x16.tcl -notrace
Starting RTL Elaboration : Time (s): cpu = 00:00:03 ; elapsed = 00:00:03 . Memory (MB): peak = 1148.832 ; gain = 49.996 ; free physical = 1320 ; free virtual = 14208
INFO: [Synth 8-638] synthesizing module 'Arial16x16' [/home/farbizu/GIT/Carcasa_Artix/Carcasa.srcs/sources_1/ip/Arial16x16/synth/Arial16x16.vhd:66]
INFO: [Synth 8-256] done synthesizing module 'Arial16x16' (4#1) [/home/farbizu/GIT/Carcasa_Artix/Carcasa.srcs/sources_1/ip/Arial16x16/synth/Arial16x16.vhd:66]
Finished RTL Elaboration : Time (s): cpu = 00:00:11 ; elapsed = 00:00:11 . Memory (MB): peak = 1338.613 ; gain = 239.777 ; free physical = 1262 ; free virtual = 14151
Finished RTL Optimization Phase 1 : Time (s): cpu = 00:00:11 ; elapsed = 00:00:11 . Memory (MB): peak = 1338.613 ; gain = 239.777 ; free physical = 1265 ; free virtual = 14153
INFO: [Device 21-403] Loading part xa7a100tfgg484-2I
Constraint Validation Runtime : Time (s): cpu = 00:00:00.02 ; elapsed = 00:00:00.02 . Memory (MB): peak = 1454.004 ; gain = 0.000 ; free physical = 1058 ; free virtual = 13946
Finished Constraint Validation : Time (s): cpu = 00:00:18 ; elapsed = 00:00:18 . Memory (MB): peak = 1454.004 ; gain = 355.168 ; free physical = 1129 ; free virtual = 14017
Finished Loading Part and Timing Information : Time (s): cpu = 00:00:18 ; elapsed = 00:00:18 . Memory (MB): peak = 1454.004 ; gain = 355.168 ; free physical = 1129 ; free virtual = 14017
Finished applying 'set_property' XDC Constraints : Time (s): cpu = 00:00:18 ; elapsed = 00:00:18 . Memory (MB): peak = 1454.004 ; gain = 355.168 ; free physical = 1130 ; free virtual = 14019
Finished RTL Optimization Phase 2 : Time (s): cpu = 00:00:18 ; elapsed = 00:00:18 . Memory (MB): peak = 1462.012 ; gain = 363.176 ; free physical = 1130 ; free virtual = 14019
Finished Cross Boundary and Area Optimization : Time (s): cpu = 00:00:19 ; elapsed = 00:00:19 . Memory (MB): peak = 1486.035 ; gain = 387.199 ; free physical = 1100 ; free virtual = 13988
---------------------------------------------------------------------------------
Start ROM, RAM, DSP and Shift Register Reporting
---------------------------------------------------------------------------------

ROM:
+------------+------------+---------------+----------------+
|Module Name | RTL Object | Depth x Width | Implemented As | 
+------------+------------+---------------+----------------+
|rom         | rom[127]   | 128x128       | LUT            | 
+------------+------------+---------------+----------------+

---------------------------------------------------------------------------------
Finished ROM, RAM, DSP and Shift Register Reporting
---------------------------------------------------------------------------------
Finished Applying XDC Timing Constraints : Time (s): cpu = 00:00:24 ; elapsed = 00:00:24 . Memory (MB): peak = 1520.035 ; gain = 421.199 ; free physical = 974 ; free virtual = 13862
Finished Timing Optimization : Time (s): cpu = 00:00:24 ; elapsed = 00:00:24 . Memory (MB): peak = 1520.035 ; gain = 421.199 ; free physical = 974 ; free virtual = 13862
Finished Technology Mapping : Time (s): cpu = 00:00:24 ; elapsed = 00:00:25 . Memory (MB): peak = 1529.051 ; gain = 430.215 ; free physical = 973 ; free virtual = 13861
Finished IO Insertion : Time (s): cpu = 00:00:25 ; elapsed = 00:00:25 . Memory (MB): peak = 1529.051 ; gain = 430.215 ; free physical = 973 ; free virtual = 13861
Finished Renaming Generated Instances : Time (s): cpu = 00:00:25 ; elapsed = 00:00:25 . Memory (MB): peak = 1529.051 ; gain = 430.215 ; free physical = 973 ; free virtual = 13861
Finished Rebuilding User Hierarchy : Time (s): cpu = 00:00:25 ; elapsed = 00:00:25 . Memory (MB): peak = 1529.051 ; gain = 430.215 ; free physical = 973 ; free virtual = 13861
Finished Renaming Generated Ports : Time (s): cpu = 00:00:25 ; elapsed = 00:00:25 . Memory (MB): peak = 1529.051 ; gain = 430.215 ; free physical = 973 ; free virtual = 13861
Finished Handling Custom Attributes : Time (s): cpu = 00:00:25 ; elapsed = 00:00:25 . Memory (MB): peak = 1529.051 ; gain = 430.215 ; free physical = 973 ; free virtual = 13861
Finished Renaming Generated Nets : Time (s): cpu = 00:00:25 ; elapsed = 00:00:25 . Memory (MB): peak = 1529.051 ; gain = 430.215 ; free physical = 973 ; free virtual = 13861

Report Cell Usage: 
+------+------+------+
|      |Cell  |Count |
+------+------+------+
|1     |LUT2  |    13|
|2     |LUT3  |    33|
|3     |LUT5  |     1|
|4     |LUT6  |   184|
|5     |MUXF7 |    75|
+------+------+------+
Finished Writing Synthesis Report : Time (s): cpu = 00:00:25 ; elapsed = 00:00:25 . Memory (MB): peak = 1529.051 ; gain = 430.215 ; free physical = 973 ; free virtual = 13861
synth_design: Time (s): cpu = 00:00:25 ; elapsed = 00:00:26 . Memory (MB): peak = 1537.051 ; gain = 450.801 ; free physical = 1002 ; free virtual = 13891
