Running: /opt/Xilinx/14.7/ISE_DS/ISE/bin/lin64/unwrapped/fuse -intstyle ise -incremental -lib secureip -o /home/fede/GIT/Jaquenod/Modulo11/Guia/ISE/Actividad_11_1_2/Manchester_Diferencial/System_TB_isim_beh.exe -prj /home/fede/GIT/Jaquenod/Modulo11/Guia/ISE/Actividad_11_1_2/Manchester_Diferencial/System_TB_beh.prj work.System_TB 
ISim P.20131013 (signature 0xfbc00daa)
Number of CPUs detected in this system: 4
Turning on mult-threading, number of parallel sub-compilation jobs: 8 
Determining compilation order of HDL files
Parsing VHDL file "/home/fede/GIT/Jaquenod/Modulo11/Guia/ISE/Actividad_11_1_2/Manchester_Diferencial/Sources/Decodificador.vhd" into library work
Parsing VHDL file "/home/fede/GIT/Jaquenod/Modulo11/Guia/ISE/Actividad_11_1_2/Manchester_Diferencial/Sources/Codificador.vhd" into library work
Parsing VHDL file "/home/fede/GIT/Jaquenod/Modulo11/Guia/ISE/Actividad_11_1_2/Manchester_Diferencial/Sources/System.vhd" into library work
Parsing VHDL file "/home/fede/GIT/Jaquenod/Modulo11/Guia/ISE/Actividad_11_1_2/Manchester_Diferencial/Sources/System_TB.vhd" into library work
Starting static elaboration
Completed static elaboration
Fuse Memory Usage: 95064 KB
Fuse CPU Usage: 1070 ms
Compiling package standard
Compiling package std_logic_1164
Compiling architecture arq_codificador of entity En_Codificador [en_codificador_default]
Compiling architecture arq_decodificador of entity En_Decodificador [en_decodificador_default]
Compiling architecture arq_system of entity En_System [en_system_default]
Compiling architecture behavior of entity system_tb
Time Resolution for simulation is 1ps.
Waiting for 1 sub-compilation(s) to finish...
Compiled 9 VHDL Units
Built simulation executable /home/fede/GIT/Jaquenod/Modulo11/Guia/ISE/Actividad_11_1_2/Manchester_Diferencial/System_TB_isim_beh.exe
Fuse Memory Usage: 660848 KB
Fuse CPU Usage: 1100 ms
GCC CPU Usage: 320 ms
