Running: /opt/Xilinx/14.7/ISE_DS/ISE/bin/lin64/unwrapped/fuse -relaunch -intstyle "ise" -incremental -lib "secureip" -o "/home/fede/Documents/Jaquenod/Jaquenod/Modulo4/Guia4/ISE/Actividad 4_2/Codificador/TB_System_isim_beh.exe" -prj "/home/fede/Documents/Jaquenod/Jaquenod/Modulo4/Guia4/ISE/Actividad 4_2/Codificador/TB_System_beh.prj" "work.TB_System" 
ISim P.20131013 (signature 0xfbc00daa)
Number of CPUs detected in this system: 4
Turning on mult-threading, number of parallel sub-compilation jobs: 8 
Determining compilation order of HDL files
Parsing VHDL file "/home/fede/Documents/Jaquenod/Jaquenod/Modulo4/Guia4/ISE/Actividad 4_2/Codificador/Sources/Cod_Stuffing.vhd" into library work
Parsing VHDL file "/home/fede/Documents/Jaquenod/Jaquenod/Modulo4/Guia4/ISE/Actividad 4_2/Codificador/Sources/TB_Codificador.vhd" into library work
Starting static elaboration
Completed static elaboration
Fuse Memory Usage: 96772 KB
Fuse CPU Usage: 1180 ms
Compiling package standard
Compiling package std_logic_1164
Compiling package numeric_std
Compiling architecture arq_cod_stuffing of entity En_Cod_Stuffing [en_cod_stuffing_default]
Compiling architecture behavior of entity tb_system
Time Resolution for simulation is 1ps.
Waiting for 1 sub-compilation(s) to finish...
Compiled 6 VHDL Units
Built simulation executable /home/fede/Documents/Jaquenod/Jaquenod/Modulo4/Guia4/ISE/Actividad 4_2/Codificador/TB_System_isim_beh.exe
Fuse Memory Usage: 668356 KB
Fuse CPU Usage: 1290 ms
GCC CPU Usage: 120 ms
