
*** Running vivado
    with args -log KCh.vds -m64 -product Vivado -mode batch -messageDb vivado.pb -notrace -source KCh.tcl


****** Vivado v2017.3 (64-bit)
  **** SW Build 2018833 on Wed Oct  4 19:58:07 MDT 2017
  **** IP Build 2016188 on Wed Oct  4 21:52:56 MDT 2017
    ** Copyright 1986-2017 Xilinx, Inc. All Rights Reserved.

source KCh.tcl -notrace
INFO: [IP_Flow 19-4838] Using cached IP synthesis design for IP KCh, cache-ID = 079cdbbce0f6b8c9.

*** Running vivado
    with args -log KCh.vds -m64 -product Vivado -mode batch -messageDb vivado.pb -notrace -source KCh.tcl


****** Vivado v2018.1 (64-bit)
  **** SW Build 2188600 on Wed Apr  4 18:39:19 MDT 2018
  **** IP Build 2185939 on Wed Apr  4 20:55:05 MDT 2018
    ** Copyright 1986-2018 Xilinx, Inc. All Rights Reserved.

source KCh.tcl -notrace
Command: synth_design -top KCh -part xc7a100tfgg484-2 -mode out_of_context
Starting synth_design
Attempting to get a license for feature 'Synthesis' and/or device 'xc7a100t'
INFO: [Common 17-349] Got license for feature 'Synthesis' and/or device 'xc7a100t'
INFO: Launching helper process for spawning children vivado processes
INFO: Helper process launched with PID 2496 
---------------------------------------------------------------------------------
Starting RTL Elaboration : Time (s): cpu = 00:00:17 ; elapsed = 00:00:19 . Memory (MB): peak = 1289.293 ; gain = 80.000 ; free physical = 11781 ; free virtual = 28530
---------------------------------------------------------------------------------
INFO: [Synth 8-638] synthesizing module 'KCh' [/home/fede/GIT/Jaquenod/Trabajo_Final/System_8b10b/System_8b10b.srcs/sources_1/ip/KCh/synth/KCh.vhd:66]
	Parameter C_FAMILY bound to: artix7 - type: string 
	Parameter C_ADDR_WIDTH bound to: 5 - type: integer 
	Parameter C_DEFAULT_DATA bound to: 0 - type: string 
	Parameter C_DEPTH bound to: 32 - type: integer 
	Parameter C_HAS_CLK bound to: 0 - type: integer 
	Parameter C_HAS_D bound to: 0 - type: integer 
	Parameter C_HAS_DPO bound to: 0 - type: integer 
	Parameter C_HAS_DPRA bound to: 0 - type: integer 
	Parameter C_HAS_I_CE bound to: 0 - type: integer 
	Parameter C_HAS_QDPO bound to: 0 - type: integer 
	Parameter C_HAS_QDPO_CE bound to: 0 - type: integer 
	Parameter C_HAS_QDPO_CLK bound to: 0 - type: integer 
	Parameter C_HAS_QDPO_RST bound to: 0 - type: integer 
	Parameter C_HAS_QDPO_SRST bound to: 0 - type: integer 
	Parameter C_HAS_QSPO bound to: 0 - type: integer 
	Parameter C_HAS_QSPO_CE bound to: 0 - type: integer 
	Parameter C_HAS_QSPO_RST bound to: 0 - type: integer 
	Parameter C_HAS_QSPO_SRST bound to: 0 - type: integer 
	Parameter C_HAS_SPO bound to: 1 - type: integer 
	Parameter C_HAS_WE bound to: 0 - type: integer 
	Parameter C_MEM_INIT_FILE bound to: KCh.mif - type: string 
	Parameter C_ELABORATION_DIR bound to: ./ - type: string 
	Parameter C_MEM_TYPE bound to: 0 - type: integer 
	Parameter C_PIPELINE_STAGES bound to: 0 - type: integer 
	Parameter C_QCE_JOINED bound to: 0 - type: integer 
	Parameter C_QUALIFY_WE bound to: 0 - type: integer 
	Parameter C_READ_MIF bound to: 1 - type: integer 
	Parameter C_REG_A_D_INPUTS bound to: 0 - type: integer 
	Parameter C_REG_DPRA_INPUT bound to: 0 - type: integer 
	Parameter C_SYNC_ENABLE bound to: 1 - type: integer 
	Parameter C_WIDTH bound to: 6 - type: integer 
	Parameter C_PARSER_TYPE bound to: 1 - type: integer 
INFO: [Synth 8-3491] module 'dist_mem_gen_v8_0_12' declared at '/home/fede/GIT/Jaquenod/Trabajo_Final/System_8b10b/System_8b10b.srcs/sources_1/ip/KCh/hdl/dist_mem_gen_v8_0_vhsyn_rfs.vhd:3237' bound to instance 'U0' of component 'dist_mem_gen_v8_0_12' [/home/fede/GIT/Jaquenod/Trabajo_Final/System_8b10b/System_8b10b.srcs/sources_1/ip/KCh/synth/KCh.vhd:132]
INFO: [Synth 8-256] done synthesizing module 'KCh' (4#1) [/home/fede/GIT/Jaquenod/Trabajo_Final/System_8b10b/System_8b10b.srcs/sources_1/ip/KCh/synth/KCh.vhd:66]
WARNING: [Synth 8-3331] design rom has unconnected port qspo[5]
WARNING: [Synth 8-3331] design rom has unconnected port qspo[4]
WARNING: [Synth 8-3331] design rom has unconnected port qspo[3]
WARNING: [Synth 8-3331] design rom has unconnected port qspo[2]
WARNING: [Synth 8-3331] design rom has unconnected port qspo[1]
WARNING: [Synth 8-3331] design rom has unconnected port qspo[0]
WARNING: [Synth 8-3331] design rom has unconnected port clk
WARNING: [Synth 8-3331] design rom has unconnected port qspo_ce
WARNING: [Synth 8-3331] design rom has unconnected port qspo_rst
WARNING: [Synth 8-3331] design rom has unconnected port qspo_srst
WARNING: [Synth 8-3331] design dist_mem_gen_v8_0_12_synth has unconnected port dpo[5]
WARNING: [Synth 8-3331] design dist_mem_gen_v8_0_12_synth has unconnected port dpo[4]
WARNING: [Synth 8-3331] design dist_mem_gen_v8_0_12_synth has unconnected port dpo[3]
WARNING: [Synth 8-3331] design dist_mem_gen_v8_0_12_synth has unconnected port dpo[2]
WARNING: [Synth 8-3331] design dist_mem_gen_v8_0_12_synth has unconnected port dpo[1]
WARNING: [Synth 8-3331] design dist_mem_gen_v8_0_12_synth has unconnected port dpo[0]
WARNING: [Synth 8-3331] design dist_mem_gen_v8_0_12_synth has unconnected port qdpo[5]
WARNING: [Synth 8-3331] design dist_mem_gen_v8_0_12_synth has unconnected port qdpo[4]
WARNING: [Synth 8-3331] design dist_mem_gen_v8_0_12_synth has unconnected port qdpo[3]
WARNING: [Synth 8-3331] design dist_mem_gen_v8_0_12_synth has unconnected port qdpo[2]
WARNING: [Synth 8-3331] design dist_mem_gen_v8_0_12_synth has unconnected port qdpo[1]
WARNING: [Synth 8-3331] design dist_mem_gen_v8_0_12_synth has unconnected port qdpo[0]
WARNING: [Synth 8-3331] design dist_mem_gen_v8_0_12_synth has unconnected port d[5]
WARNING: [Synth 8-3331] design dist_mem_gen_v8_0_12_synth has unconnected port d[4]
WARNING: [Synth 8-3331] design dist_mem_gen_v8_0_12_synth has unconnected port d[3]
WARNING: [Synth 8-3331] design dist_mem_gen_v8_0_12_synth has unconnected port d[2]
WARNING: [Synth 8-3331] design dist_mem_gen_v8_0_12_synth has unconnected port d[1]
WARNING: [Synth 8-3331] design dist_mem_gen_v8_0_12_synth has unconnected port d[0]
WARNING: [Synth 8-3331] design dist_mem_gen_v8_0_12_synth has unconnected port dpra[4]
WARNING: [Synth 8-3331] design dist_mem_gen_v8_0_12_synth has unconnected port dpra[3]
WARNING: [Synth 8-3331] design dist_mem_gen_v8_0_12_synth has unconnected port dpra[2]
WARNING: [Synth 8-3331] design dist_mem_gen_v8_0_12_synth has unconnected port dpra[1]
WARNING: [Synth 8-3331] design dist_mem_gen_v8_0_12_synth has unconnected port dpra[0]
WARNING: [Synth 8-3331] design dist_mem_gen_v8_0_12_synth has unconnected port we
WARNING: [Synth 8-3331] design dist_mem_gen_v8_0_12_synth has unconnected port i_ce
WARNING: [Synth 8-3331] design dist_mem_gen_v8_0_12_synth has unconnected port qdpo_ce
WARNING: [Synth 8-3331] design dist_mem_gen_v8_0_12_synth has unconnected port qdpo_clk
WARNING: [Synth 8-3331] design dist_mem_gen_v8_0_12_synth has unconnected port qdpo_rst
WARNING: [Synth 8-3331] design dist_mem_gen_v8_0_12_synth has unconnected port qdpo_srst
WARNING: [Synth 8-3331] design dist_mem_gen_v8_0_12 has unconnected port d[5]
WARNING: [Synth 8-3331] design dist_mem_gen_v8_0_12 has unconnected port d[4]
WARNING: [Synth 8-3331] design dist_mem_gen_v8_0_12 has unconnected port d[3]
WARNING: [Synth 8-3331] design dist_mem_gen_v8_0_12 has unconnected port d[2]
WARNING: [Synth 8-3331] design dist_mem_gen_v8_0_12 has unconnected port d[1]
WARNING: [Synth 8-3331] design dist_mem_gen_v8_0_12 has unconnected port d[0]
WARNING: [Synth 8-3331] design dist_mem_gen_v8_0_12 has unconnected port dpra[4]
WARNING: [Synth 8-3331] design dist_mem_gen_v8_0_12 has unconnected port dpra[3]
WARNING: [Synth 8-3331] design dist_mem_gen_v8_0_12 has unconnected port dpra[2]
WARNING: [Synth 8-3331] design dist_mem_gen_v8_0_12 has unconnected port dpra[1]
WARNING: [Synth 8-3331] design dist_mem_gen_v8_0_12 has unconnected port dpra[0]
WARNING: [Synth 8-3331] design dist_mem_gen_v8_0_12 has unconnected port clk
WARNING: [Synth 8-3331] design dist_mem_gen_v8_0_12 has unconnected port we
WARNING: [Synth 8-3331] design dist_mem_gen_v8_0_12 has unconnected port i_ce
WARNING: [Synth 8-3331] design dist_mem_gen_v8_0_12 has unconnected port qspo_ce
WARNING: [Synth 8-3331] design dist_mem_gen_v8_0_12 has unconnected port qdpo_ce
WARNING: [Synth 8-3331] design dist_mem_gen_v8_0_12 has unconnected port qdpo_clk
WARNING: [Synth 8-3331] design dist_mem_gen_v8_0_12 has unconnected port qspo_rst
WARNING: [Synth 8-3331] design dist_mem_gen_v8_0_12 has unconnected port qdpo_rst
WARNING: [Synth 8-3331] design dist_mem_gen_v8_0_12 has unconnected port qspo_srst
WARNING: [Synth 8-3331] design dist_mem_gen_v8_0_12 has unconnected port qdpo_srst
---------------------------------------------------------------------------------
Finished RTL Elaboration : Time (s): cpu = 00:00:19 ; elapsed = 00:00:22 . Memory (MB): peak = 1335.902 ; gain = 126.609 ; free physical = 11721 ; free virtual = 28473
---------------------------------------------------------------------------------

Report Check Netlist: 
+------+------------------+-------+---------+-------+------------------+
|      |Item              |Errors |Warnings |Status |Description       |
+------+------------------+-------+---------+-------+------------------+
|1     |multi_driven_nets |      0|        0|Passed |Multi driven nets |
+------+------------------+-------+---------+-------+------------------+
---------------------------------------------------------------------------------
Start Handling Custom Attributes
---------------------------------------------------------------------------------
---------------------------------------------------------------------------------
Finished Handling Custom Attributes : Time (s): cpu = 00:00:19 ; elapsed = 00:00:23 . Memory (MB): peak = 1335.902 ; gain = 126.609 ; free physical = 11807 ; free virtual = 28560
---------------------------------------------------------------------------------
---------------------------------------------------------------------------------
Finished RTL Optimization Phase 1 : Time (s): cpu = 00:00:19 ; elapsed = 00:00:23 . Memory (MB): peak = 1335.902 ; gain = 126.609 ; free physical = 11807 ; free virtual = 28560
---------------------------------------------------------------------------------
INFO: [Device 21-403] Loading part xc7a100tfgg484-2
INFO: [Project 1-570] Preparing netlist for logic optimization

Processing XDC Constraints
Initializing timing engine
Parsing XDC File [/home/fede/GIT/Jaquenod/Trabajo_Final/System_8b10b/System_8b10b.srcs/sources_1/ip/KCh/KCh_ooc.xdc] for cell 'U0'
Finished Parsing XDC File [/home/fede/GIT/Jaquenod/Trabajo_Final/System_8b10b/System_8b10b.srcs/sources_1/ip/KCh/KCh_ooc.xdc] for cell 'U0'
Parsing XDC File [/home/fede/GIT/Jaquenod/Trabajo_Final/System_8b10b/System_8b10b.runs/KCh_synth_1/dont_touch.xdc]
Finished Parsing XDC File [/home/fede/GIT/Jaquenod/Trabajo_Final/System_8b10b/System_8b10b.runs/KCh_synth_1/dont_touch.xdc]
Completed Processing XDC Constraints

INFO: [Project 1-111] Unisim Transformation Summary:
No Unisim elements were transformed.

Constraint Validation Runtime : Time (s): cpu = 00:00:00.02 ; elapsed = 00:00:00.04 . Memory (MB): peak = 1571.723 ; gain = 0.000 ; free physical = 10757 ; free virtual = 27625
---------------------------------------------------------------------------------
Finished Constraint Validation : Time (s): cpu = 00:00:50 ; elapsed = 00:01:26 . Memory (MB): peak = 1571.723 ; gain = 362.430 ; free physical = 10032 ; free virtual = 27043
---------------------------------------------------------------------------------
---------------------------------------------------------------------------------
Start Loading Part and Timing Information
---------------------------------------------------------------------------------
Loading part: xc7a100tfgg484-2
---------------------------------------------------------------------------------
Finished Loading Part and Timing Information : Time (s): cpu = 00:00:50 ; elapsed = 00:01:26 . Memory (MB): peak = 1571.723 ; gain = 362.430 ; free physical = 10031 ; free virtual = 27043
---------------------------------------------------------------------------------
---------------------------------------------------------------------------------
Start Applying 'set_property' XDC Constraints
---------------------------------------------------------------------------------
Applied set_property DONT_TOUCH = true for U0. (constraint file  /home/fede/GIT/Jaquenod/Trabajo_Final/System_8b10b/System_8b10b.runs/KCh_synth_1/dont_touch.xdc, line 9).
---------------------------------------------------------------------------------
Finished applying 'set_property' XDC Constraints : Time (s): cpu = 00:00:50 ; elapsed = 00:01:26 . Memory (MB): peak = 1571.723 ; gain = 362.430 ; free physical = 10032 ; free virtual = 27044
---------------------------------------------------------------------------------
---------------------------------------------------------------------------------
Finished RTL Optimization Phase 2 : Time (s): cpu = 00:00:50 ; elapsed = 00:01:26 . Memory (MB): peak = 1571.723 ; gain = 362.430 ; free physical = 10028 ; free virtual = 27041
---------------------------------------------------------------------------------

Report RTL Partitions: 
+-+--------------+------------+----------+
| |RTL Partition |Replication |Instances |
+-+--------------+------------+----------+
+-+--------------+------------+----------+
---------------------------------------------------------------------------------
Start RTL Component Statistics 
---------------------------------------------------------------------------------
Detailed RTL Component Info : 
---------------------------------------------------------------------------------
Finished RTL Component Statistics 
---------------------------------------------------------------------------------
---------------------------------------------------------------------------------
Start RTL Hierarchical Component Statistics 
---------------------------------------------------------------------------------
Hierarchical RTL Component report 
---------------------------------------------------------------------------------
Finished RTL Hierarchical Component Statistics
---------------------------------------------------------------------------------
---------------------------------------------------------------------------------
Start Part Resource Summary
---------------------------------------------------------------------------------
Part Resources:
DSPs: 240 (col length:80)
BRAMs: 270 (col length: RAMB18 80 RAMB36 40)
---------------------------------------------------------------------------------
Finished Part Resource Summary
---------------------------------------------------------------------------------
---------------------------------------------------------------------------------
Start Cross Boundary and Area Optimization
---------------------------------------------------------------------------------
Warning: Parallel synthesis criteria is not met 
WARNING: [Synth 8-3331] design dist_mem_gen_v8_0_12 has unconnected port dpo[5]
WARNING: [Synth 8-3331] design dist_mem_gen_v8_0_12 has unconnected port dpo[4]
WARNING: [Synth 8-3331] design dist_mem_gen_v8_0_12 has unconnected port dpo[3]
WARNING: [Synth 8-3331] design dist_mem_gen_v8_0_12 has unconnected port dpo[2]
WARNING: [Synth 8-3331] design dist_mem_gen_v8_0_12 has unconnected port dpo[1]
WARNING: [Synth 8-3331] design dist_mem_gen_v8_0_12 has unconnected port dpo[0]
WARNING: [Synth 8-3331] design dist_mem_gen_v8_0_12 has unconnected port qspo[5]
WARNING: [Synth 8-3331] design dist_mem_gen_v8_0_12 has unconnected port qspo[4]
WARNING: [Synth 8-3331] design dist_mem_gen_v8_0_12 has unconnected port qspo[3]
WARNING: [Synth 8-3331] design dist_mem_gen_v8_0_12 has unconnected port qspo[2]
WARNING: [Synth 8-3331] design dist_mem_gen_v8_0_12 has unconnected port qspo[1]
WARNING: [Synth 8-3331] design dist_mem_gen_v8_0_12 has unconnected port qspo[0]
WARNING: [Synth 8-3331] design dist_mem_gen_v8_0_12 has unconnected port qdpo[5]
WARNING: [Synth 8-3331] design dist_mem_gen_v8_0_12 has unconnected port qdpo[4]
WARNING: [Synth 8-3331] design dist_mem_gen_v8_0_12 has unconnected port qdpo[3]
WARNING: [Synth 8-3331] design dist_mem_gen_v8_0_12 has unconnected port qdpo[2]
WARNING: [Synth 8-3331] design dist_mem_gen_v8_0_12 has unconnected port qdpo[1]
WARNING: [Synth 8-3331] design dist_mem_gen_v8_0_12 has unconnected port qdpo[0]
WARNING: [Synth 8-3331] design dist_mem_gen_v8_0_12 has unconnected port d[5]
WARNING: [Synth 8-3331] design dist_mem_gen_v8_0_12 has unconnected port d[4]
WARNING: [Synth 8-3331] design dist_mem_gen_v8_0_12 has unconnected port d[3]
WARNING: [Synth 8-3331] design dist_mem_gen_v8_0_12 has unconnected port d[2]
WARNING: [Synth 8-3331] design dist_mem_gen_v8_0_12 has unconnected port d[1]
WARNING: [Synth 8-3331] design dist_mem_gen_v8_0_12 has unconnected port d[0]
WARNING: [Synth 8-3331] design dist_mem_gen_v8_0_12 has unconnected port dpra[4]
WARNING: [Synth 8-3331] design dist_mem_gen_v8_0_12 has unconnected port dpra[3]
WARNING: [Synth 8-3331] design dist_mem_gen_v8_0_12 has unconnected port dpra[2]
WARNING: [Synth 8-3331] design dist_mem_gen_v8_0_12 has unconnected port dpra[1]
WARNING: [Synth 8-3331] design dist_mem_gen_v8_0_12 has unconnected port dpra[0]
WARNING: [Synth 8-3331] design dist_mem_gen_v8_0_12 has unconnected port clk
WARNING: [Synth 8-3331] design dist_mem_gen_v8_0_12 has unconnected port we
WARNING: [Synth 8-3331] design dist_mem_gen_v8_0_12 has unconnected port i_ce
WARNING: [Synth 8-3331] design dist_mem_gen_v8_0_12 has unconnected port qspo_ce
WARNING: [Synth 8-3331] design dist_mem_gen_v8_0_12 has unconnected port qdpo_ce
WARNING: [Synth 8-3331] design dist_mem_gen_v8_0_12 has unconnected port qdpo_clk
WARNING: [Synth 8-3331] design dist_mem_gen_v8_0_12 has unconnected port qspo_rst
WARNING: [Synth 8-3331] design dist_mem_gen_v8_0_12 has unconnected port qdpo_rst
WARNING: [Synth 8-3331] design dist_mem_gen_v8_0_12 has unconnected port qspo_srst
WARNING: [Synth 8-3331] design dist_mem_gen_v8_0_12 has unconnected port qdpo_srst
---------------------------------------------------------------------------------
Finished Cross Boundary and Area Optimization : Time (s): cpu = 00:00:50 ; elapsed = 00:01:27 . Memory (MB): peak = 1579.730 ; gain = 370.438 ; free physical = 10038 ; free virtual = 27065
---------------------------------------------------------------------------------
---------------------------------------------------------------------------------
Start ROM, RAM, DSP and Shift Register Reporting
---------------------------------------------------------------------------------

ROM:
+------------+------------+---------------+----------------+
|Module Name | RTL Object | Depth x Width | Implemented As | 
+------------+------------+---------------+----------------+
|rom         | rom[31]    | 32x6          | LUT            | 
+------------+------------+---------------+----------------+

---------------------------------------------------------------------------------
Finished ROM, RAM, DSP and Shift Register Reporting
---------------------------------------------------------------------------------

Report RTL Partitions: 
+-+--------------+------------+----------+
| |RTL Partition |Replication |Instances |
+-+--------------+------------+----------+
+-+--------------+------------+----------+
---------------------------------------------------------------------------------
Start Applying XDC Timing Constraints
---------------------------------------------------------------------------------
---------------------------------------------------------------------------------
Finished Applying XDC Timing Constraints : Time (s): cpu = 00:01:04 ; elapsed = 00:01:51 . Memory (MB): peak = 1612.730 ; gain = 403.438 ; free physical = 9616 ; free virtual = 26634
---------------------------------------------------------------------------------
---------------------------------------------------------------------------------
Start Timing Optimization
---------------------------------------------------------------------------------
---------------------------------------------------------------------------------
Finished Timing Optimization : Time (s): cpu = 00:01:04 ; elapsed = 00:01:51 . Memory (MB): peak = 1612.730 ; gain = 403.438 ; free physical = 9616 ; free virtual = 26634
---------------------------------------------------------------------------------

Report RTL Partitions: 
+-+--------------+------------+----------+
| |RTL Partition |Replication |Instances |
+-+--------------+------------+----------+
+-+--------------+------------+----------+
---------------------------------------------------------------------------------
Start Technology Mapping
---------------------------------------------------------------------------------
---------------------------------------------------------------------------------
Finished Technology Mapping : Time (s): cpu = 00:01:04 ; elapsed = 00:01:51 . Memory (MB): peak = 1612.730 ; gain = 403.438 ; free physical = 9613 ; free virtual = 26631
---------------------------------------------------------------------------------

Report RTL Partitions: 
+-+--------------+------------+----------+
| |RTL Partition |Replication |Instances |
+-+--------------+------------+----------+
+-+--------------+------------+----------+
---------------------------------------------------------------------------------
Start IO Insertion
---------------------------------------------------------------------------------
---------------------------------------------------------------------------------
Start Flattening Before IO Insertion
---------------------------------------------------------------------------------
---------------------------------------------------------------------------------
Finished Flattening Before IO Insertion
---------------------------------------------------------------------------------
---------------------------------------------------------------------------------
Start Final Netlist Cleanup
---------------------------------------------------------------------------------
---------------------------------------------------------------------------------
Finished Final Netlist Cleanup
---------------------------------------------------------------------------------
---------------------------------------------------------------------------------
Finished IO Insertion : Time (s): cpu = 00:01:05 ; elapsed = 00:01:53 . Memory (MB): peak = 1613.730 ; gain = 404.438 ; free physical = 9499 ; free virtual = 26517
---------------------------------------------------------------------------------

Report Check Netlist: 
+------+------------------+-------+---------+-------+------------------+
|      |Item              |Errors |Warnings |Status |Description       |
+------+------------------+-------+---------+-------+------------------+
|1     |multi_driven_nets |      0|        0|Passed |Multi driven nets |
+------+------------------+-------+---------+-------+------------------+
---------------------------------------------------------------------------------
Start Renaming Generated Instances
---------------------------------------------------------------------------------
---------------------------------------------------------------------------------
Finished Renaming Generated Instances : Time (s): cpu = 00:01:05 ; elapsed = 00:01:53 . Memory (MB): peak = 1613.730 ; gain = 404.438 ; free physical = 9499 ; free virtual = 26516
---------------------------------------------------------------------------------

Report RTL Partitions: 
+-+--------------+------------+----------+
| |RTL Partition |Replication |Instances |
+-+--------------+------------+----------+
+-+--------------+------------+----------+
---------------------------------------------------------------------------------
Start Rebuilding User Hierarchy
---------------------------------------------------------------------------------
---------------------------------------------------------------------------------
Finished Rebuilding User Hierarchy : Time (s): cpu = 00:01:05 ; elapsed = 00:01:53 . Memory (MB): peak = 1613.730 ; gain = 404.438 ; free physical = 9498 ; free virtual = 26516
---------------------------------------------------------------------------------
---------------------------------------------------------------------------------
Start Renaming Generated Ports
---------------------------------------------------------------------------------
---------------------------------------------------------------------------------
Finished Renaming Generated Ports : Time (s): cpu = 00:01:05 ; elapsed = 00:01:53 . Memory (MB): peak = 1613.730 ; gain = 404.438 ; free physical = 9498 ; free virtual = 26516
---------------------------------------------------------------------------------
---------------------------------------------------------------------------------
Start Handling Custom Attributes
---------------------------------------------------------------------------------
---------------------------------------------------------------------------------
Finished Handling Custom Attributes : Time (s): cpu = 00:01:05 ; elapsed = 00:01:53 . Memory (MB): peak = 1613.730 ; gain = 404.438 ; free physical = 9498 ; free virtual = 26515
---------------------------------------------------------------------------------
---------------------------------------------------------------------------------
Start Renaming Generated Nets
---------------------------------------------------------------------------------
---------------------------------------------------------------------------------
Finished Renaming Generated Nets : Time (s): cpu = 00:01:05 ; elapsed = 00:01:53 . Memory (MB): peak = 1613.730 ; gain = 404.438 ; free physical = 9497 ; free virtual = 26515
---------------------------------------------------------------------------------
---------------------------------------------------------------------------------
Start Writing Synthesis Report
---------------------------------------------------------------------------------

Report BlackBoxes: 
+-+--------------+----------+
| |BlackBox name |Instances |
+-+--------------+----------+
+-+--------------+----------+

Report Cell Usage: 
+------+-----+------+
|      |Cell |Count |
+------+-----+------+
|1     |LUT5 |     6|
+------+-----+------+

Report Instance Areas: 
+------+---------+---------------------+------+
|      |Instance |Module               |Cells |
+------+---------+---------------------+------+
|1     |top      |                     |     6|
|2     |  U0     |dist_mem_gen_v8_0_12 |     6|
+------+---------+---------------------+------+
---------------------------------------------------------------------------------
Finished Writing Synthesis Report : Time (s): cpu = 00:01:05 ; elapsed = 00:01:53 . Memory (MB): peak = 1613.730 ; gain = 404.438 ; free physical = 9497 ; free virtual = 26515
---------------------------------------------------------------------------------
Synthesis finished with 0 errors, 0 critical warnings and 39 warnings.
Synthesis Optimization Runtime : Time (s): cpu = 00:00:51 ; elapsed = 00:01:17 . Memory (MB): peak = 1613.730 ; gain = 168.617 ; free physical = 9550 ; free virtual = 26567
Synthesis Optimization Complete : Time (s): cpu = 00:01:05 ; elapsed = 00:01:53 . Memory (MB): peak = 1613.738 ; gain = 404.438 ; free physical = 9560 ; free virtual = 26578
INFO: [Project 1-571] Translating synthesized netlist
INFO: [Project 1-570] Preparing netlist for logic optimization
INFO: [Opt 31-138] Pushed 0 inverter(s) to 0 load pin(s).
INFO: [Project 1-111] Unisim Transformation Summary:
No Unisim elements were transformed.

INFO: [Common 17-83] Releasing license: Synthesis
12 Infos, 99 Warnings, 0 Critical Warnings and 0 Errors encountered.
synth_design completed successfully
synth_design: Time (s): cpu = 00:01:08 ; elapsed = 00:01:55 . Memory (MB): peak = 1629.730 ; gain = 442.172 ; free physical = 9541 ; free virtual = 26559
INFO: [Common 17-1381] The checkpoint '/home/fede/GIT/Jaquenod/Trabajo_Final/System_8b10b/System_8b10b.runs/KCh_synth_1/KCh.dcp' has been generated.
