
*** Running vivado
    with args -log Inv_Ch.vds -m64 -product Vivado -mode batch -messageDb vivado.pb -notrace -source Inv_Ch.tcl


****** Vivado v2017.3 (64-bit)
  **** SW Build 2018833 on Wed Oct  4 19:58:07 MDT 2017
  **** IP Build 2016188 on Wed Oct  4 21:52:56 MDT 2017
    ** Copyright 1986-2017 Xilinx, Inc. All Rights Reserved.

source Inv_Ch.tcl -notrace
Starting RTL Elaboration : Time (s): cpu = 00:00:06 ; elapsed = 00:00:06 . Memory (MB): peak = 1252.309 ; gain = 77.996 ; free physical = 477 ; free virtual = 11365
INFO: [Synth 8-638] synthesizing module 'Inv_Ch' [/home/farbizu/Trabajo_Final/System_8b10b/System_8b10b.srcs/sources_1/ip/Inv_Ch/synth/Inv_Ch.vhd:66]
INFO: [Synth 8-256] done synthesizing module 'Inv_Ch' (4#1) [/home/farbizu/Trabajo_Final/System_8b10b/System_8b10b.srcs/sources_1/ip/Inv_Ch/synth/Inv_Ch.vhd:66]
Finished RTL Elaboration : Time (s): cpu = 00:00:07 ; elapsed = 00:00:07 . Memory (MB): peak = 1297.840 ; gain = 123.527 ; free physical = 488 ; free virtual = 11377
Finished RTL Optimization Phase 1 : Time (s): cpu = 00:00:07 ; elapsed = 00:00:07 . Memory (MB): peak = 1297.840 ; gain = 123.527 ; free physical = 487 ; free virtual = 11376
INFO: [Device 21-403] Loading part xc7a100tfgg484-2
Constraint Validation Runtime : Time (s): cpu = 00:00:00 ; elapsed = 00:00:00 . Memory (MB): peak = 1549.676 ; gain = 0.000 ; free physical = 224 ; free virtual = 11112
Finished Constraint Validation : Time (s): cpu = 00:00:18 ; elapsed = 00:00:27 . Memory (MB): peak = 1549.676 ; gain = 375.363 ; free physical = 300 ; free virtual = 11187
Finished Loading Part and Timing Information : Time (s): cpu = 00:00:18 ; elapsed = 00:00:27 . Memory (MB): peak = 1549.676 ; gain = 375.363 ; free physical = 300 ; free virtual = 11187
Finished applying 'set_property' XDC Constraints : Time (s): cpu = 00:00:18 ; elapsed = 00:00:27 . Memory (MB): peak = 1549.676 ; gain = 375.363 ; free physical = 301 ; free virtual = 11189
Finished RTL Optimization Phase 2 : Time (s): cpu = 00:00:18 ; elapsed = 00:00:27 . Memory (MB): peak = 1549.676 ; gain = 375.363 ; free physical = 301 ; free virtual = 11188
Finished Cross Boundary and Area Optimization : Time (s): cpu = 00:00:18 ; elapsed = 00:00:27 . Memory (MB): peak = 1557.684 ; gain = 383.371 ; free physical = 293 ; free virtual = 11181
---------------------------------------------------------------------------------
Start ROM, RAM, DSP and Shift Register Reporting
---------------------------------------------------------------------------------

ROM:
+------------+------------+---------------+----------------+
|Module Name | RTL Object | Depth x Width | Implemented As | 
+------------+------------+---------------+----------------+
|rom         | rom[63]    | 64x6          | LUT            | 
+------------+------------+---------------+----------------+

---------------------------------------------------------------------------------
Finished ROM, RAM, DSP and Shift Register Reporting
---------------------------------------------------------------------------------
Finished Applying XDC Timing Constraints : Time (s): cpu = 00:00:23 ; elapsed = 00:00:34 . Memory (MB): peak = 1591.684 ; gain = 417.371 ; free physical = 166 ; free virtual = 11054
Finished Timing Optimization : Time (s): cpu = 00:00:23 ; elapsed = 00:00:34 . Memory (MB): peak = 1591.684 ; gain = 417.371 ; free physical = 166 ; free virtual = 11054
Finished Technology Mapping : Time (s): cpu = 00:00:23 ; elapsed = 00:00:34 . Memory (MB): peak = 1601.699 ; gain = 427.387 ; free physical = 165 ; free virtual = 11053
Finished IO Insertion : Time (s): cpu = 00:00:23 ; elapsed = 00:00:34 . Memory (MB): peak = 1601.699 ; gain = 427.387 ; free physical = 165 ; free virtual = 11053
Finished Renaming Generated Instances : Time (s): cpu = 00:00:23 ; elapsed = 00:00:34 . Memory (MB): peak = 1601.699 ; gain = 427.387 ; free physical = 165 ; free virtual = 11053
Finished Rebuilding User Hierarchy : Time (s): cpu = 00:00:23 ; elapsed = 00:00:34 . Memory (MB): peak = 1601.699 ; gain = 427.387 ; free physical = 165 ; free virtual = 11053
Finished Renaming Generated Ports : Time (s): cpu = 00:00:23 ; elapsed = 00:00:34 . Memory (MB): peak = 1601.699 ; gain = 427.387 ; free physical = 165 ; free virtual = 11053
Finished Handling Custom Attributes : Time (s): cpu = 00:00:23 ; elapsed = 00:00:34 . Memory (MB): peak = 1601.699 ; gain = 427.387 ; free physical = 165 ; free virtual = 11053
Finished Renaming Generated Nets : Time (s): cpu = 00:00:23 ; elapsed = 00:00:34 . Memory (MB): peak = 1601.699 ; gain = 427.387 ; free physical = 165 ; free virtual = 11053

Report Cell Usage: 
+------+-----+------+
|      |Cell |Count |
+------+-----+------+
|1     |LUT6 |     6|
+------+-----+------+
Finished Writing Synthesis Report : Time (s): cpu = 00:00:23 ; elapsed = 00:00:34 . Memory (MB): peak = 1601.699 ; gain = 427.387 ; free physical = 165 ; free virtual = 11053
synth_design: Time (s): cpu = 00:00:24 ; elapsed = 00:00:35 . Memory (MB): peak = 1608.699 ; gain = 447.762 ; free physical = 198 ; free virtual = 11087
