
*** Running vivado
    with args -log Inv_Ch.vds -m64 -product Vivado -mode batch -messageDb vivado.pb -notrace -source Inv_Ch.tcl


****** Vivado v2017.3 (64-bit)
  **** SW Build 2018833 on Wed Oct  4 19:58:07 MDT 2017
  **** IP Build 2016188 on Wed Oct  4 21:52:56 MDT 2017
    ** Copyright 1986-2017 Xilinx, Inc. All Rights Reserved.

source Inv_Ch.tcl -notrace
Starting RTL Elaboration : Time (s): cpu = 00:00:09 ; elapsed = 00:00:09 . Memory (MB): peak = 1243.309 ; gain = 68.996 ; free physical = 11727 ; free virtual = 13576
INFO: [Synth 8-638] synthesizing module 'Inv_Ch' [/home/fede/GIT/Jaquenod/Trabajo_Final/System_8b10b/System_8b10b.srcs/sources_1/ip/Inv_Ch/synth/Inv_Ch.vhd:66]
INFO: [Synth 8-256] done synthesizing module 'Inv_Ch' (4#1) [/home/fede/GIT/Jaquenod/Trabajo_Final/System_8b10b/System_8b10b.srcs/sources_1/ip/Inv_Ch/synth/Inv_Ch.vhd:66]
Finished RTL Elaboration : Time (s): cpu = 00:00:10 ; elapsed = 00:00:11 . Memory (MB): peak = 1286.840 ; gain = 112.527 ; free physical = 11742 ; free virtual = 13589
Finished RTL Optimization Phase 1 : Time (s): cpu = 00:00:10 ; elapsed = 00:00:11 . Memory (MB): peak = 1286.840 ; gain = 112.527 ; free physical = 11742 ; free virtual = 13588
INFO: [Device 21-403] Loading part xc7a100tfgg484-2
Constraint Validation Runtime : Time (s): cpu = 00:00:00 ; elapsed = 00:00:00 . Memory (MB): peak = 1539.652 ; gain = 0.000 ; free physical = 11491 ; free virtual = 13335
Finished Constraint Validation : Time (s): cpu = 00:00:28 ; elapsed = 00:00:42 . Memory (MB): peak = 1539.652 ; gain = 365.340 ; free physical = 11563 ; free virtual = 13410
Finished Loading Part and Timing Information : Time (s): cpu = 00:00:28 ; elapsed = 00:00:42 . Memory (MB): peak = 1539.652 ; gain = 365.340 ; free physical = 11563 ; free virtual = 13409
Finished applying 'set_property' XDC Constraints : Time (s): cpu = 00:00:28 ; elapsed = 00:00:42 . Memory (MB): peak = 1539.652 ; gain = 365.340 ; free physical = 11565 ; free virtual = 13411
Finished RTL Optimization Phase 2 : Time (s): cpu = 00:00:28 ; elapsed = 00:00:42 . Memory (MB): peak = 1547.660 ; gain = 373.348 ; free physical = 11564 ; free virtual = 13410
Finished Cross Boundary and Area Optimization : Time (s): cpu = 00:00:29 ; elapsed = 00:00:43 . Memory (MB): peak = 1555.668 ; gain = 381.355 ; free physical = 11557 ; free virtual = 13402
---------------------------------------------------------------------------------
Start ROM, RAM, DSP and Shift Register Reporting
---------------------------------------------------------------------------------

ROM:
+------------+------------+---------------+----------------+
|Module Name | RTL Object | Depth x Width | Implemented As | 
+------------+------------+---------------+----------------+
|rom         | rom[63]    | 64x4          | LUT            | 
+------------+------------+---------------+----------------+

---------------------------------------------------------------------------------
Finished ROM, RAM, DSP and Shift Register Reporting
---------------------------------------------------------------------------------
Finished Applying XDC Timing Constraints : Time (s): cpu = 00:00:37 ; elapsed = 00:00:54 . Memory (MB): peak = 1581.668 ; gain = 407.355 ; free physical = 11428 ; free virtual = 13274
Finished Timing Optimization : Time (s): cpu = 00:00:37 ; elapsed = 00:00:54 . Memory (MB): peak = 1581.668 ; gain = 407.355 ; free physical = 11427 ; free virtual = 13273
Finished Technology Mapping : Time (s): cpu = 00:00:37 ; elapsed = 00:00:54 . Memory (MB): peak = 1591.684 ; gain = 417.371 ; free physical = 11427 ; free virtual = 13273
Finished IO Insertion : Time (s): cpu = 00:00:37 ; elapsed = 00:00:55 . Memory (MB): peak = 1591.684 ; gain = 417.371 ; free physical = 11427 ; free virtual = 13273
Finished Renaming Generated Instances : Time (s): cpu = 00:00:37 ; elapsed = 00:00:55 . Memory (MB): peak = 1591.684 ; gain = 417.371 ; free physical = 11427 ; free virtual = 13273
Finished Rebuilding User Hierarchy : Time (s): cpu = 00:00:37 ; elapsed = 00:00:55 . Memory (MB): peak = 1591.684 ; gain = 417.371 ; free physical = 11427 ; free virtual = 13273
Finished Renaming Generated Ports : Time (s): cpu = 00:00:37 ; elapsed = 00:00:55 . Memory (MB): peak = 1591.684 ; gain = 417.371 ; free physical = 11427 ; free virtual = 13273
Finished Handling Custom Attributes : Time (s): cpu = 00:00:37 ; elapsed = 00:00:55 . Memory (MB): peak = 1591.684 ; gain = 417.371 ; free physical = 11427 ; free virtual = 13273
Finished Renaming Generated Nets : Time (s): cpu = 00:00:37 ; elapsed = 00:00:55 . Memory (MB): peak = 1591.684 ; gain = 417.371 ; free physical = 11427 ; free virtual = 13273

Report Cell Usage: 
+------+-----+------+
|      |Cell |Count |
+------+-----+------+
|1     |LUT6 |     4|
+------+-----+------+
Finished Writing Synthesis Report : Time (s): cpu = 00:00:37 ; elapsed = 00:00:55 . Memory (MB): peak = 1591.684 ; gain = 417.371 ; free physical = 11427 ; free virtual = 13273
synth_design: Time (s): cpu = 00:00:39 ; elapsed = 00:00:56 . Memory (MB): peak = 1598.684 ; gain = 437.746 ; free physical = 11467 ; free virtual = 13314
