
*** Running vivado
    with args -log Arial16x16.vds -m64 -product Vivado -mode batch -messageDb vivado.pb -notrace -source Arial16x16.tcl


****** Vivado v2017.2 (64-bit)
  **** SW Build 1909853 on Thu Jun 15 18:39:10 MDT 2017
  **** IP Build 1909766 on Thu Jun 15 19:58:00 MDT 2017
    ** Copyright 1986-2017 Xilinx, Inc. All Rights Reserved.

source Arial16x16.tcl -notrace
Starting RTL Elaboration : Time (s): cpu = 00:00:03 ; elapsed = 00:00:03 . Memory (MB): peak = 1148.828 ; gain = 49.996 ; free physical = 886 ; free virtual = 15116
INFO: [Synth 8-638] synthesizing module 'Arial16x16' [/home/farbizu/GIT/Carcasa_Artix/Carcasa.srcs/sources_1/ip/Arial16x16/synth/Arial16x16.vhd:66]
INFO: [Synth 8-256] done synthesizing module 'Arial16x16' (4#1) [/home/farbizu/GIT/Carcasa_Artix/Carcasa.srcs/sources_1/ip/Arial16x16/synth/Arial16x16.vhd:66]
Finished RTL Elaboration : Time (s): cpu = 00:00:14 ; elapsed = 00:00:15 . Memory (MB): peak = 1414.750 ; gain = 315.918 ; free physical = 809 ; free virtual = 15040
Finished RTL Optimization Phase 1 : Time (s): cpu = 00:00:14 ; elapsed = 00:00:15 . Memory (MB): peak = 1414.750 ; gain = 315.918 ; free physical = 811 ; free virtual = 15043
INFO: [Device 21-403] Loading part xa7a100tfgg484-2I
Constraint Validation Runtime : Time (s): cpu = 00:00:00.06 ; elapsed = 00:00:00.09 . Memory (MB): peak = 1477.766 ; gain = 0.000 ; free physical = 571 ; free virtual = 14836
Finished Constraint Validation : Time (s): cpu = 00:00:21 ; elapsed = 00:00:23 . Memory (MB): peak = 1477.766 ; gain = 378.934 ; free physical = 645 ; free virtual = 14910
Finished Loading Part and Timing Information : Time (s): cpu = 00:00:21 ; elapsed = 00:00:23 . Memory (MB): peak = 1477.766 ; gain = 378.934 ; free physical = 644 ; free virtual = 14910
Finished applying 'set_property' XDC Constraints : Time (s): cpu = 00:00:21 ; elapsed = 00:00:23 . Memory (MB): peak = 1477.766 ; gain = 378.934 ; free physical = 646 ; free virtual = 14912
Finished RTL Optimization Phase 2 : Time (s): cpu = 00:00:22 ; elapsed = 00:00:23 . Memory (MB): peak = 1485.773 ; gain = 386.941 ; free physical = 646 ; free virtual = 14911
Finished Cross Boundary and Area Optimization : Time (s): cpu = 00:00:23 ; elapsed = 00:00:24 . Memory (MB): peak = 1509.797 ; gain = 410.965 ; free physical = 618 ; free virtual = 14886
---------------------------------------------------------------------------------
Start ROM, RAM, DSP and Shift Register Reporting
---------------------------------------------------------------------------------

ROM:
+------------+------------+---------------+----------------+
|Module Name | RTL Object | Depth x Width | Implemented As | 
+------------+------------+---------------+----------------+
|rom         | rom[127]   | 128x117       | LUT            | 
+------------+------------+---------------+----------------+

---------------------------------------------------------------------------------
Finished ROM, RAM, DSP and Shift Register Reporting
---------------------------------------------------------------------------------
Finished Applying XDC Timing Constraints : Time (s): cpu = 00:00:27 ; elapsed = 00:00:29 . Memory (MB): peak = 1538.797 ; gain = 439.965 ; free physical = 488 ; free virtual = 14763
Finished Timing Optimization : Time (s): cpu = 00:00:27 ; elapsed = 00:00:29 . Memory (MB): peak = 1538.797 ; gain = 439.965 ; free physical = 488 ; free virtual = 14763
Finished Technology Mapping : Time (s): cpu = 00:00:27 ; elapsed = 00:00:29 . Memory (MB): peak = 1548.812 ; gain = 449.980 ; free physical = 487 ; free virtual = 14762
Finished IO Insertion : Time (s): cpu = 00:00:28 ; elapsed = 00:00:29 . Memory (MB): peak = 1548.812 ; gain = 449.980 ; free physical = 488 ; free virtual = 14762
Finished Renaming Generated Instances : Time (s): cpu = 00:00:28 ; elapsed = 00:00:30 . Memory (MB): peak = 1548.812 ; gain = 449.980 ; free physical = 488 ; free virtual = 14762
Finished Rebuilding User Hierarchy : Time (s): cpu = 00:00:28 ; elapsed = 00:00:30 . Memory (MB): peak = 1548.812 ; gain = 449.980 ; free physical = 488 ; free virtual = 14762
Finished Renaming Generated Ports : Time (s): cpu = 00:00:28 ; elapsed = 00:00:30 . Memory (MB): peak = 1548.812 ; gain = 449.980 ; free physical = 488 ; free virtual = 14762
Finished Handling Custom Attributes : Time (s): cpu = 00:00:28 ; elapsed = 00:00:30 . Memory (MB): peak = 1548.812 ; gain = 449.980 ; free physical = 488 ; free virtual = 14762
Finished Renaming Generated Nets : Time (s): cpu = 00:00:28 ; elapsed = 00:00:30 . Memory (MB): peak = 1548.812 ; gain = 449.980 ; free physical = 488 ; free virtual = 14762

Report Cell Usage: 
+------+------+------+
|      |Cell  |Count |
+------+------+------+
|1     |LUT2  |     6|
|2     |LUT3  |    22|
|3     |LUT5  |     1|
|4     |LUT6  |   156|
|5     |MUXF7 |    64|
+------+------+------+
Finished Writing Synthesis Report : Time (s): cpu = 00:00:28 ; elapsed = 00:00:30 . Memory (MB): peak = 1548.812 ; gain = 449.980 ; free physical = 488 ; free virtual = 14762
synth_design: Time (s): cpu = 00:00:29 ; elapsed = 00:00:30 . Memory (MB): peak = 1555.812 ; gain = 469.566 ; free physical = 516 ; free virtual = 14791
