Copyright 1986-2017 Xilinx, Inc. All Rights Reserved.
-------------------------------------------------------------------------------------
| Tool Version : Vivado v.2017.2 (lin64) Build 1909853 Thu Jun 15 18:39:10 MDT 2017
| Date         : Thu Dec  7 08:15:36 2017
| Host         : farbizu-78 running 64-bit Ubuntu 16.04.3 LTS
| Command      : report_clock_utilization -file En_Head_clock_utilization_routed.rpt
| Design       : En_Head
| Device       : 7a100t-fgg484
| Speed File   : -2  PRODUCTION 1.17 2017-05-11
-------------------------------------------------------------------------------------

Clock Utilization Report

Table of Contents
-----------------
1. Clock Primitive Utilization
2. Global Clock Resources
3. Global Clock Source Details
4. Local Clock Details
5. Clock Regions: Key Resource Utilization
6. Clock Regions : Global Clock Summary
7. Device Cell Placement Summary for Global Clock g0
8. Device Cell Placement Summary for Global Clock g1
9. Device Cell Placement Summary for Global Clock g2
10. Device Cell Placement Summary for Global Clock g3
11. Device Cell Placement Summary for Global Clock g4
12. Device Cell Placement Summary for Global Clock g5
13. Device Cell Placement Summary for Global Clock g6
14. Device Cell Placement Summary for Global Clock g7
15. Clock Region Cell Placement per Global Clock: Region X0Y0
16. Clock Region Cell Placement per Global Clock: Region X0Y1
17. Clock Region Cell Placement per Global Clock: Region X1Y1
18. Clock Region Cell Placement per Global Clock: Region X0Y2

1. Clock Primitive Utilization
------------------------------

+----------+------+-----------+-----+--------------+--------+
| Type     | Used | Available | LOC | Clock Region | Pblock |
+----------+------+-----------+-----+--------------+--------+
| BUFGCTRL |    8 |        32 |   0 |            0 |      0 |
| BUFH     |    0 |        96 |   0 |            0 |      0 |
| BUFIO    |    0 |        24 |   0 |            0 |      0 |
| BUFMR    |    0 |        12 |   0 |            0 |      0 |
| BUFR     |    0 |        24 |   0 |            0 |      0 |
| MMCM     |    0 |         6 |   0 |            0 |      0 |
| PLL      |    1 |         6 |   0 |            0 |      0 |
+----------+------+-----------+-----+--------------+--------+


2. Global Clock Resources
-------------------------

+-----------+-----------+-----------------+------------+----------------+--------------+-------------------+-------------+-----------------+--------------+-------+------------------------------------------------------------------------------------------------------------+-----------------------------------------------------------------------------------------------------+
| Global Id | Source Id | Driver Type/Pin | Constraint | Site           | Clock Region | Load Clock Region | Clock Loads | Non-Clock Loads | Clock Period | Clock | Driver Pin                                                                                                 | Net                                                                                                 |
+-----------+-----------+-----------------+------------+----------------+--------------+-------------------+-------------+-----------------+--------------+-------+------------------------------------------------------------------------------------------------------------+-----------------------------------------------------------------------------------------------------+
| g0        | src0      | BUFG/O          | None       | BUFGCTRL_X0Y18 | n/a          |                 3 |         267 |               0 |              |       | CLK_50MHz_BUFG_inst/O                                                                                      | CLK_50MHz_BUFG                                                                                      |
| g1        | src1      | BUFG/O          | None       | BUFGCTRL_X0Y2  | n/a          |                 1 |         212 |               0 |              |       | crc_s_reg[29]_i_3/O                                                                                        | Instance_Communication/UDP_Sender_CLK_12_Load                                                       |
| g2        | src2      | BUFG/O          | None       | BUFGCTRL_X0Y0  | n/a          |                 2 |         206 |               2 |              |       | Ins_ETH_100mbps/Instance_PHY_Manager/Instance_PHY_I2C/Instance_ClockMacker/Counter_IDLE_reg[0]_BUFG_inst/O | Ins_ETH_100mbps/Instance_PHY_Manager/Instance_PHY_I2C/Instance_ClockMacker/Counter_IDLE_reg[0]_BUFG |
| g3        | src3      | BUFG/O          | None       | BUFGCTRL_X0Y3  | n/a          |                 1 |          99 |               1 |              |       | RAMB16_S1_S1_inst_i_2/O                                                                                    | CLKB                                                                                                |
| g4        | src4      | BUFG/O          | None       | BUFGCTRL_X0Y4  | n/a          |                 1 |          73 |               0 |              |       | Buffer_Reply_reg[71]_i_2/O                                                                                 | Communication_In_ReplyValid                                                                         |
| g5        | src0      | BUFG/O          | None       | BUFGCTRL_X0Y16 | n/a          |                 2 |          35 |               1 |              |       | clk125MHz_BUFG_inst/O                                                                                      | clk125MHz_BUFG                                                                                      |
| g6        | src0      | BUFG/O          | None       | BUFGCTRL_X0Y17 | n/a          |                 3 |          33 |               0 |              |       | clk125MHz90_BUFG_inst/O                                                                                    | clk125MHz90_BUFG                                                                                    |
| g7        | src5      | BUFG/O          | None       | BUFGCTRL_X0Y1  | n/a          |                 1 |           9 |               0 |              |       | ETH_RXCK_IBUF_BUFG_inst/O                                                                                  | ETH_RXCK_IBUF_BUFG                                                                                  |
+-----------+-----------+-----------------+------------+----------------+--------------+-------------------+-------------+-----------------+--------------+-------+------------------------------------------------------------------------------------------------------------+-----------------------------------------------------------------------------------------------------+
* Clock Loads column represents the clock pin loads (pin count)
** Non-Clock Loads column represents the non-clock pin loads (pin count)


3. Global Clock Source Details
------------------------------

+-----------+-----------+-------------------+------------+----------------+--------------+-------------+-----------------+---------------------+--------------+-------------------------------------------------------------------------------------------------------+-------------------------------------------------------------------------------------------------------+
| Source Id | Global Id | Driver Type/Pin   | Constraint | Site           | Clock Region | Clock Loads | Non-Clock Loads | Source Clock Period | Source Clock | Driver Pin                                                                                            | Net                                                                                                   |
+-----------+-----------+-------------------+------------+----------------+--------------+-------------+-----------------+---------------------+--------------+-------------------------------------------------------------------------------------------------------+-------------------------------------------------------------------------------------------------------+
| src0      | g0        | PLLE2_ADV/CLKOUT1 | None       | PLLE2_ADV_X1Y2 | X1Y2         |           1 |               0 |                     |              | clocking/CLKOUT1                                                                                      | CLK_50MHz                                                                                             |
| src0      | g5        | PLLE2_ADV/CLKOUT0 | None       | PLLE2_ADV_X1Y2 | X1Y2         |           1 |               0 |                     |              | clocking/CLKOUT0                                                                                      | clk125MHz                                                                                             |
| src0      | g6        | PLLE2_ADV/CLKOUT3 | None       | PLLE2_ADV_X1Y2 | X1Y2         |           1 |               0 |                     |              | clocking/CLKOUT3                                                                                      | clk125MHz90                                                                                           |
| src1      | g1        | FDRE/Q            | None       | SLICE_X51Y96   | X0Y1         |           1 |               1 |                     |              | Ins_ETH_100mbps/Instance_Communication/Instance_UDP_Sender/Instance_ClockMacker/generated_Clock_reg/Q | Ins_ETH_100mbps/Instance_Communication/Instance_UDP_Sender/Instance_ClockMacker/generated_Clock_reg_0 |
| src2      | g2        | FDRE/Q            | None       | SLICE_X51Y96   | X0Y1         |           1 |               0 |                     |              | Ins_ETH_100mbps/Instance_PHY_Manager/Instance_PHY_I2C/Instance_ClockMacker/generated_Clock_reg/Q      | Ins_ETH_100mbps/Instance_PHY_Manager/Instance_PHY_I2C/Instance_ClockMacker/Counter_IDLE_reg[0]        |
| src3      | g3        | BSCANE2/DRCK      | None       | BSCAN_X0Y0     | X0Y1         |           1 |               0 |                     |              | Ins_Flash_SPI/BSCANE2_inst/DRCK                                                                       | Ins_Flash_SPI/len_reg[15]_0                                                                           |
| src4      | g4        | FDRE/Q            | None       | SLICE_X32Y80   | X0Y1         |           1 |               0 |                     |              | Ins_ETH_100mbps/Communication_In_ReplyValid_reg/Q                                                     | Ins_ETH_100mbps/Buffer_Reply_reg[71]                                                                  |
| src5      | g7        | IBUF/O            | IOB_X0Y24  | IOB_X0Y24      | X0Y0         |           1 |               0 |                     |              | ETH_RXCK_IBUF_inst/O                                                                                  | ETH_RXCK_IBUF                                                                                         |
+-----------+-----------+-------------------+------------+----------------+--------------+-------------+-----------------+---------------------+--------------+-------------------------------------------------------------------------------------------------------+-------------------------------------------------------------------------------------------------------+
* Clock Loads column represents the clock pin loads (pin count)
** Non-Clock Loads column represents the non-clock pin loads (pin count)


4. Local Clock Details
----------------------

+----------+-----------------+------------+-----------------+--------------+-------------+-----------------+--------------+-------+--------------------------------------------------------------------------------+--------------------------------------------------------------------------+
| Local Id | Driver Type/Pin | Constraint | Site/BEL        | Clock Region | Clock Loads | Non-Clock Loads | Clock Period | Clock | Driver Pin                                                                     | Net                                                                      |
+----------+-----------------+------------+-----------------+--------------+-------------+-----------------+--------------+-------+--------------------------------------------------------------------------------+--------------------------------------------------------------------------+
| 0        | FDRE/Q          | None       | SLICE_X4Y50/AFF | X0Y1         |           8 |               1 |              |       | Ins_ETH_100mbps/Instance_PHY_Manager/Instance_ClockMaker/generated_Clock_reg/Q | Ins_ETH_100mbps/Instance_PHY_Manager/Instance_ClockMaker/generated_Clock |
+----------+-----------------+------------+-----------------+--------------+-------------+-----------------+--------------+-------+--------------------------------------------------------------------------------+--------------------------------------------------------------------------+
* Local Clocks in this context represents only clocks driven by non-global buffers
** Clock Loads column represents the clock pin loads (pin count)
*** Non-Clock Loads column represents the non-clock pin loads (pin count)


5. Clock Regions: Key Resource Utilization
------------------------------------------

+-------------------+--------------+--------------+--------------+--------------+--------------+--------------+--------------+--------------+--------------+--------------+--------------+--------------+--------------+--------------+--------------+
|                   | Global Clock |     BUFRs    |    BUFMRs    |    BUFIOs    |     MMCM     |      PLL     |      GT      |      PCI     |    ILOGIC    |    OLOGIC    |      FF      |     LUTM     |    RAMB18    |    RAMB36    |    DSP48E2   |
+-------------------+------+-------+------+-------+------+-------+------+-------+------+-------+------+-------+------+-------+------+-------+------+-------+------+-------+------+-------+------+-------+------+-------+------+-------+------+-------+
| Clock Region Name | Used | Avail | Used | Avail | Used | Avail | Used | Avail | Used | Avail | Used | Avail | Used | Avail | Used | Avail | Used | Avail | Used | Avail | Used | Avail | Used | Avail | Used | Avail | Used | Avail | Used | Avail |
+-------------------+------+-------+------+-------+------+-------+------+-------+------+-------+------+-------+------+-------+------+-------+------+-------+------+-------+------+-------+------+-------+------+-------+------+-------+------+-------+
| X0Y0              |    4 |    12 |    0 |     4 |    0 |     2 |    0 |     4 |    0 |     1 |    0 |     1 |    0 |     0 |    0 |     0 |    5 |    50 |    6 |    50 |  109 |  2600 |   45 |   600 |    0 |    20 |    0 |    10 |    0 |    20 |
| X1Y0              |    0 |    12 |    0 |     0 |    0 |     0 |    0 |     0 |    0 |     0 |    0 |     0 |    0 |     4 |    0 |     0 |    0 |     0 |    0 |     0 |    0 |  1500 |    0 |   550 |    0 |    40 |    0 |    20 |    0 |    40 |
| X0Y1              |    6 |    12 |    0 |     4 |    0 |     2 |    0 |     4 |    0 |     1 |    0 |     1 |    0 |     0 |    0 |     0 |    0 |    50 |    0 |    50 |  760 |  2000 |  314 |   600 |    0 |    20 |    0 |    10 |    0 |    20 |
| X1Y1              |    1 |    12 |    0 |     4 |    0 |     2 |    0 |     4 |    0 |     1 |    0 |     1 |    0 |     0 |    0 |     0 |    0 |    50 |    0 |    50 |   36 |  1900 |    0 |   650 |    0 |    60 |    0 |    30 |    0 |    40 |
| X0Y2              |    3 |    12 |    0 |     4 |    0 |     2 |    0 |     4 |    0 |     1 |    0 |     1 |    0 |     0 |    0 |     0 |    0 |    50 |    0 |    50 |   24 |  2000 |   18 |   600 |    0 |    20 |    0 |    10 |    0 |    20 |
| X1Y2              |    0 |    12 |    0 |     4 |    0 |     2 |    0 |     4 |    0 |     1 |    0 |     1 |    0 |     0 |    0 |     0 |    0 |    50 |    0 |    50 |    0 |  1900 |    0 |   650 |    0 |    60 |    0 |    30 |    0 |    40 |
| X0Y3              |    0 |    12 |    0 |     4 |    0 |     2 |    0 |     4 |    0 |     1 |    0 |     1 |    0 |     0 |    0 |     0 |    0 |    50 |    0 |    50 |    0 |  2600 |    0 |   600 |    0 |    20 |    0 |    10 |    0 |    20 |
| X1Y3              |    0 |    12 |    0 |     0 |    0 |     0 |    0 |     0 |    0 |     0 |    0 |     0 |    0 |     4 |    0 |     1 |    0 |     0 |    0 |     0 |    0 |  1350 |    0 |   500 |    0 |    30 |    0 |    15 |    0 |    40 |
+-------------------+------+-------+------+-------+------+-------+------+-------+------+-------+------+-------+------+-------+------+-------+------+-------+------+-------+------+-------+------+-------+------+-------+------+-------+------+-------+
* Global Clock column represents track count; while other columns represents cell counts


6. Clock Regions : Global Clock Summary
---------------------------------------

+----+----+----+
|    | X0 | X1 |
+----+----+----+
| Y3 |  0 |  0 |
| Y2 |  3 |  0 |
| Y1 |  6 |  1 |
| Y0 |  4 |  0 |
+----+----+----+


7. Device Cell Placement Summary for Global Clock g0
----------------------------------------------------

+-----------+-----------------+-------------------+-------+-------------+---------------+-------------+----------+----------------+----------+----------------+
| Global Id | Driver Type/Pin | Driver Region (D) | Clock | Period (ns) | Waveform (ns) | Slice Loads | IO Loads | Clocking Loads | GT Loads | Net            |
+-----------+-----------------+-------------------+-------+-------------+---------------+-------------+----------+----------------+----------+----------------+
| g0        | BUFG/O          | n/a               |       |             |               |         267 |        0 |              0 |        0 | CLK_50MHz_BUFG |
+-----------+-----------------+-------------------+-------+-------------+---------------+-------------+----------+----------------+----------+----------------+
* Logic Loads column represents load cell count of all cell types other than IO, GT and clock resources
** IO Loads column represents load cell count of IO types
*** Clocking Loads column represents load cell count that are clock resources (global clock buffer, MMCM, PLL, etc)
**** GT Loads column represents load cell count of GT types


+----+------+-----+
|    | X0   | X1  |
+----+------+-----+
| Y3 |    0 |   0 |
| Y2 |    4 |   0 |
| Y1 |  227 |  36 |
| Y0 |    0 |   0 |
+----+------+-----+


8. Device Cell Placement Summary for Global Clock g1
----------------------------------------------------

+-----------+-----------------+-------------------+-------+-------------+---------------+-------------+----------+----------------+----------+-----------------------------------------------+
| Global Id | Driver Type/Pin | Driver Region (D) | Clock | Period (ns) | Waveform (ns) | Slice Loads | IO Loads | Clocking Loads | GT Loads | Net                                           |
+-----------+-----------------+-------------------+-------+-------------+---------------+-------------+----------+----------------+----------+-----------------------------------------------+
| g1        | BUFG/O          | n/a               |       |             |               |         212 |        0 |              0 |        0 | Instance_Communication/UDP_Sender_CLK_12_Load |
+-----------+-----------------+-------------------+-------+-------------+---------------+-------------+----------+----------------+----------+-----------------------------------------------+
* Logic Loads column represents load cell count of all cell types other than IO, GT and clock resources
** IO Loads column represents load cell count of IO types
*** Clocking Loads column represents load cell count that are clock resources (global clock buffer, MMCM, PLL, etc)
**** GT Loads column represents load cell count of GT types


+----+------+----+
|    | X0   | X1 |
+----+------+----+
| Y3 |    0 |  0 |
| Y2 |    0 |  0 |
| Y1 |  212 |  0 |
| Y0 |    0 |  0 |
+----+------+----+


9. Device Cell Placement Summary for Global Clock g2
----------------------------------------------------

+-----------+-----------------+-------------------+-------+-------------+---------------+-------------+----------+----------------+----------+-----------------------------------------------------------------------------------------------------+
| Global Id | Driver Type/Pin | Driver Region (D) | Clock | Period (ns) | Waveform (ns) | Slice Loads | IO Loads | Clocking Loads | GT Loads | Net                                                                                                 |
+-----------+-----------------+-------------------+-------+-------------+---------------+-------------+----------+----------------+----------+-----------------------------------------------------------------------------------------------------+
| g2        | BUFG/O          | n/a               |       |             |               |         207 |        1 |              0 |        0 | Ins_ETH_100mbps/Instance_PHY_Manager/Instance_PHY_I2C/Instance_ClockMacker/Counter_IDLE_reg[0]_BUFG |
+-----------+-----------------+-------------------+-------+-------------+---------------+-------------+----------+----------------+----------+-----------------------------------------------------------------------------------------------------+
* Logic Loads column represents load cell count of all cell types other than IO, GT and clock resources
** IO Loads column represents load cell count of IO types
*** Clocking Loads column represents load cell count that are clock resources (global clock buffer, MMCM, PLL, etc)
**** GT Loads column represents load cell count of GT types


+----+------+----+
|    | X0   | X1 |
+----+------+----+
| Y3 |    0 |  0 |
| Y2 |    0 |  0 |
| Y1 |  141 |  0 |
| Y0 |   67 |  0 |
+----+------+----+


10. Device Cell Placement Summary for Global Clock g3
-----------------------------------------------------

+-----------+-----------------+-------------------+-------+-------------+---------------+-------------+----------+----------------+----------+------+
| Global Id | Driver Type/Pin | Driver Region (D) | Clock | Period (ns) | Waveform (ns) | Slice Loads | IO Loads | Clocking Loads | GT Loads | Net  |
+-----------+-----------------+-------------------+-------+-------------+---------------+-------------+----------+----------------+----------+------+
| g3        | BUFG/O          | n/a               |       |             |               |          99 |        0 |              0 |        0 | CLKB |
+-----------+-----------------+-------------------+-------+-------------+---------------+-------------+----------+----------------+----------+------+
* Logic Loads column represents load cell count of all cell types other than IO, GT and clock resources
** IO Loads column represents load cell count of IO types
*** Clocking Loads column represents load cell count that are clock resources (global clock buffer, MMCM, PLL, etc)
**** GT Loads column represents load cell count of GT types


+----+-----+----+
|    | X0  | X1 |
+----+-----+----+
| Y3 |   0 |  0 |
| Y2 |   0 |  0 |
| Y1 |  99 |  0 |
| Y0 |   0 |  0 |
+----+-----+----+


11. Device Cell Placement Summary for Global Clock g4
-----------------------------------------------------

+-----------+-----------------+-------------------+-------+-------------+---------------+-------------+----------+----------------+----------+-----------------------------+
| Global Id | Driver Type/Pin | Driver Region (D) | Clock | Period (ns) | Waveform (ns) | Slice Loads | IO Loads | Clocking Loads | GT Loads | Net                         |
+-----------+-----------------+-------------------+-------+-------------+---------------+-------------+----------+----------------+----------+-----------------------------+
| g4        | BUFG/O          | n/a               |       |             |               |          73 |        0 |              0 |        0 | Communication_In_ReplyValid |
+-----------+-----------------+-------------------+-------+-------------+---------------+-------------+----------+----------------+----------+-----------------------------+
* Logic Loads column represents load cell count of all cell types other than IO, GT and clock resources
** IO Loads column represents load cell count of IO types
*** Clocking Loads column represents load cell count that are clock resources (global clock buffer, MMCM, PLL, etc)
**** GT Loads column represents load cell count of GT types


+----+-----+----+
|    | X0  | X1 |
+----+-----+----+
| Y3 |   0 |  0 |
| Y2 |   0 |  0 |
| Y1 |  73 |  0 |
| Y0 |   0 |  0 |
+----+-----+----+


12. Device Cell Placement Summary for Global Clock g5
-----------------------------------------------------

+-----------+-----------------+-------------------+-------+-------------+---------------+-------------+----------+----------------+----------+----------------+
| Global Id | Driver Type/Pin | Driver Region (D) | Clock | Period (ns) | Waveform (ns) | Slice Loads | IO Loads | Clocking Loads | GT Loads | Net            |
+-----------+-----------------+-------------------+-------+-------------+---------------+-------------+----------+----------------+----------+----------------+
| g5        | BUFG/O          | n/a               |       |             |               |          36 |        0 |              0 |        0 | clk125MHz_BUFG |
+-----------+-----------------+-------------------+-------+-------------+---------------+-------------+----------+----------------+----------+----------------+
* Logic Loads column represents load cell count of all cell types other than IO, GT and clock resources
** IO Loads column represents load cell count of IO types
*** Clocking Loads column represents load cell count that are clock resources (global clock buffer, MMCM, PLL, etc)
**** GT Loads column represents load cell count of GT types


+----+-----+----+
|    | X0  | X1 |
+----+-----+----+
| Y3 |   0 |  0 |
| Y2 |   1 |  0 |
| Y1 |   0 |  0 |
| Y0 |  35 |  0 |
+----+-----+----+


13. Device Cell Placement Summary for Global Clock g6
-----------------------------------------------------

+-----------+-----------------+-------------------+-------+-------------+---------------+-------------+----------+----------------+----------+------------------+
| Global Id | Driver Type/Pin | Driver Region (D) | Clock | Period (ns) | Waveform (ns) | Slice Loads | IO Loads | Clocking Loads | GT Loads | Net              |
+-----------+-----------------+-------------------+-------+-------------+---------------+-------------+----------+----------------+----------+------------------+
| g6        | BUFG/O          | n/a               |       |             |               |          33 |        0 |              0 |        0 | clk125MHz90_BUFG |
+-----------+-----------------+-------------------+-------+-------------+---------------+-------------+----------+----------------+----------+------------------+
* Logic Loads column represents load cell count of all cell types other than IO, GT and clock resources
** IO Loads column represents load cell count of IO types
*** Clocking Loads column represents load cell count that are clock resources (global clock buffer, MMCM, PLL, etc)
**** GT Loads column represents load cell count of GT types


+----+-----+----+
|    | X0  | X1 |
+----+-----+----+
| Y3 |   0 |  0 |
| Y2 |  20 |  0 |
| Y1 |  12 |  0 |
| Y0 |   1 |  0 |
+----+-----+----+


14. Device Cell Placement Summary for Global Clock g7
-----------------------------------------------------

+-----------+-----------------+-------------------+-------+-------------+---------------+-------------+----------+----------------+----------+--------------------+
| Global Id | Driver Type/Pin | Driver Region (D) | Clock | Period (ns) | Waveform (ns) | Slice Loads | IO Loads | Clocking Loads | GT Loads | Net                |
+-----------+-----------------+-------------------+-------+-------------+---------------+-------------+----------+----------------+----------+--------------------+
| g7        | BUFG/O          | n/a               |       |             |               |           9 |        0 |              0 |        0 | ETH_RXCK_IBUF_BUFG |
+-----------+-----------------+-------------------+-------+-------------+---------------+-------------+----------+----------------+----------+--------------------+
* Logic Loads column represents load cell count of all cell types other than IO, GT and clock resources
** IO Loads column represents load cell count of IO types
*** Clocking Loads column represents load cell count that are clock resources (global clock buffer, MMCM, PLL, etc)
**** GT Loads column represents load cell count of GT types


+----+----+----+
|    | X0 | X1 |
+----+----+----+
| Y3 |  0 |  0 |
| Y2 |  0 |  0 |
| Y1 |  0 |  0 |
| Y0 |  9 |  0 |
+----+----+----+


15. Clock Region Cell Placement per Global Clock: Region X0Y0
-------------------------------------------------------------

+-----------+-------+-----------------+------------+-------------+-----------------+----+--------+------+-----+----+------+-----+---------+-----------------------------------------------------------------------------------------------------+
| Global Id | Track | Driver Type/Pin | Constraint | Clock Loads | Non-Clock Loads | FF | LUTRAM | RAMB | DSP | GT | MMCM | PLL | Hard IP | Net                                                                                                 |
+-----------+-------+-----------------+------------+-------------+-----------------+----+--------+------+-----+----+------+-----+---------+-----------------------------------------------------------------------------------------------------+
| g2        | n/a   | BUFG/O          | None       |          67 |               0 | 67 |      0 |    0 |   0 |  0 |    0 |   0 |       0 | Ins_ETH_100mbps/Instance_PHY_Manager/Instance_PHY_I2C/Instance_ClockMacker/Counter_IDLE_reg[0]_BUFG |
| g5        | n/a   | BUFG/O          | None       |          35 |               0 | 30 |      0 |    0 |   0 |  0 |    0 |   0 |       0 | clk125MHz_BUFG                                                                                      |
| g6        | n/a   | BUFG/O          | None       |           1 |               0 |  0 |      0 |    0 |   0 |  0 |    0 |   0 |       0 | clk125MHz90_BUFG                                                                                    |
| g7        | n/a   | BUFG/O          | None       |           9 |               0 |  4 |      0 |    0 |   0 |  0 |    0 |   0 |       0 | ETH_RXCK_IBUF_BUFG                                                                                  |
+-----------+-------+-----------------+------------+-------------+-----------------+----+--------+------+-----+----+------+-----+---------+-----------------------------------------------------------------------------------------------------+
* Clock Loads column represents the clock pin loads (pin count)
** Non-Clock Loads column represents the non-clock pin loads (pin count)
*** Columns FF, LUTRAM, RAMB through 'Hard IP' represents load cell counts


16. Clock Region Cell Placement per Global Clock: Region X0Y1
-------------------------------------------------------------

+-----------+-------+-----------------+------------+-------------+-----------------+-----+--------+------+-----+----+------+-----+---------+-----------------------------------------------------------------------------------------------------+
| Global Id | Track | Driver Type/Pin | Constraint | Clock Loads | Non-Clock Loads | FF  | LUTRAM | RAMB | DSP | GT | MMCM | PLL | Hard IP | Net                                                                                                 |
+-----------+-------+-----------------+------------+-------------+-----------------+-----+--------+------+-----+----+------+-----+---------+-----------------------------------------------------------------------------------------------------+
| g0        | n/a   | BUFG/O          | None       |         227 |               0 | 227 |      0 |    0 |   0 |  0 |    0 |   0 |       0 | CLK_50MHz_BUFG                                                                                      |
| g1        | n/a   | BUFG/O          | None       |         212 |               0 | 212 |      0 |    0 |   0 |  0 |    0 |   0 |       0 | Instance_Communication/UDP_Sender_CLK_12_Load                                                       |
| g2        | n/a   | BUFG/O          | None       |         139 |               2 | 139 |      0 |    0 |   0 |  0 |    0 |   0 |       0 | Ins_ETH_100mbps/Instance_PHY_Manager/Instance_PHY_I2C/Instance_ClockMacker/Counter_IDLE_reg[0]_BUFG |
| g3        | n/a   | BUFG/O          | None       |          98 |               1 |  97 |      0 |    0 |   0 |  0 |    0 |   0 |       0 | CLKB                                                                                                |
| g4        | n/a   | BUFG/O          | None       |          73 |               0 |  73 |      0 |    0 |   0 |  0 |    0 |   0 |       0 | Communication_In_ReplyValid                                                                         |
| g6        | n/a   | BUFG/O          | None       |          12 |               0 |  12 |      0 |    0 |   0 |  0 |    0 |   0 |       0 | clk125MHz90_BUFG                                                                                    |
+-----------+-------+-----------------+------------+-------------+-----------------+-----+--------+------+-----+----+------+-----+---------+-----------------------------------------------------------------------------------------------------+
* Clock Loads column represents the clock pin loads (pin count)
** Non-Clock Loads column represents the non-clock pin loads (pin count)
*** Columns FF, LUTRAM, RAMB through 'Hard IP' represents load cell counts


17. Clock Region Cell Placement per Global Clock: Region X1Y1
-------------------------------------------------------------

+-----------+-------+-----------------+------------+-------------+-----------------+----+--------+------+-----+----+------+-----+---------+----------------+
| Global Id | Track | Driver Type/Pin | Constraint | Clock Loads | Non-Clock Loads | FF | LUTRAM | RAMB | DSP | GT | MMCM | PLL | Hard IP | Net            |
+-----------+-------+-----------------+------------+-------------+-----------------+----+--------+------+-----+----+------+-----+---------+----------------+
| g0        | n/a   | BUFG/O          | None       |          36 |               0 | 36 |      0 |    0 |   0 |  0 |    0 |   0 |       0 | CLK_50MHz_BUFG |
+-----------+-------+-----------------+------------+-------------+-----------------+----+--------+------+-----+----+------+-----+---------+----------------+
* Clock Loads column represents the clock pin loads (pin count)
** Non-Clock Loads column represents the non-clock pin loads (pin count)
*** Columns FF, LUTRAM, RAMB through 'Hard IP' represents load cell counts


18. Clock Region Cell Placement per Global Clock: Region X0Y2
-------------------------------------------------------------

+-----------+-------+-----------------+------------+-------------+-----------------+----+--------+------+-----+----+------+-----+---------+------------------+
| Global Id | Track | Driver Type/Pin | Constraint | Clock Loads | Non-Clock Loads | FF | LUTRAM | RAMB | DSP | GT | MMCM | PLL | Hard IP | Net              |
+-----------+-------+-----------------+------------+-------------+-----------------+----+--------+------+-----+----+------+-----+---------+------------------+
| g0        | n/a   | BUFG/O          | None       |           4 |               0 |  4 |      0 |    0 |   0 |  0 |    0 |   0 |       0 | CLK_50MHz_BUFG   |
| g5        | n/a   | BUFG/O          | None       |           0 |               1 |  0 |      0 |    0 |   0 |  0 |    0 |   0 |       0 | clk125MHz_BUFG   |
| g6        | n/a   | BUFG/O          | None       |          20 |               0 | 20 |      0 |    0 |   0 |  0 |    0 |   0 |       0 | clk125MHz90_BUFG |
+-----------+-------+-----------------+------------+-------------+-----------------+----+--------+------+-----+----+------+-----+---------+------------------+
* Clock Loads column represents the clock pin loads (pin count)
** Non-Clock Loads column represents the non-clock pin loads (pin count)
*** Columns FF, LUTRAM, RAMB through 'Hard IP' represents load cell counts



# Location of BUFG Primitives 
set_property LOC BUFGCTRL_X0Y16 [get_cells clk125MHz_BUFG_inst]
set_property LOC BUFGCTRL_X0Y17 [get_cells clk125MHz90_BUFG_inst]
set_property LOC BUFGCTRL_X0Y2 [get_cells crc_s_reg[29]_i_3]
set_property LOC BUFGCTRL_X0Y0 [get_cells Ins_ETH_100mbps/Instance_PHY_Manager/Instance_PHY_I2C/Instance_ClockMacker/Counter_IDLE_reg[0]_BUFG_inst]
set_property LOC BUFGCTRL_X0Y1 [get_cells ETH_RXCK_IBUF_BUFG_inst]
set_property LOC BUFGCTRL_X0Y4 [get_cells Buffer_Reply_reg[71]_i_2]
set_property LOC BUFGCTRL_X0Y18 [get_cells CLK_50MHz_BUFG_inst]
set_property LOC BUFGCTRL_X0Y3 [get_cells RAMB16_S1_S1_inst_i_2]

# Location of IO Primitives which is load of clock spine
set_property LOC IOB_X0Y55 [get_cells MDC_OBUF_inst]

# Location of clock ports
set_property LOC IOB_X0Y24 [get_ports ETH_RXCK]
set_property LOC IOB_X1Y125 [get_ports PLL_CLK_N]
set_property LOC IOB_X1Y126 [get_ports PLL_CLK_P]

# Clock net "clk125MHz_BUFG" driven by instance "clk125MHz_BUFG_inst" located at site "BUFGCTRL_X0Y16"
#startgroup
create_pblock {CLKAG_clk125MHz_BUFG}
add_cells_to_pblock [get_pblocks  {CLKAG_clk125MHz_BUFG}] [get_cells -filter { PRIMITIVE_GROUP != I/O && IS_PRIMITIVE==1 && PRIMITIVE_LEVEL !=INTERNAL } -of_object [get_pins -filter {DIRECTION==IN} -of_objects [get_nets -hierarchical -filter {PARENT=="clk125MHz_BUFG"}]]]
resize_pblock [get_pblocks {CLKAG_clk125MHz_BUFG}] -add {CLOCKREGION_X0Y0:CLOCKREGION_X0Y0 CLOCKREGION_X0Y2:CLOCKREGION_X0Y2}
#endgroup

# Clock net "clk125MHz90_BUFG" driven by instance "clk125MHz90_BUFG_inst" located at site "BUFGCTRL_X0Y17"
#startgroup
create_pblock {CLKAG_clk125MHz90_BUFG}
add_cells_to_pblock [get_pblocks  {CLKAG_clk125MHz90_BUFG}] [get_cells -filter { PRIMITIVE_GROUP != I/O && IS_PRIMITIVE==1 && PRIMITIVE_LEVEL !=INTERNAL } -of_object [get_pins -filter {DIRECTION==IN} -of_objects [get_nets -hierarchical -filter {PARENT=="clk125MHz90_BUFG"}]]]
resize_pblock [get_pblocks {CLKAG_clk125MHz90_BUFG}] -add {CLOCKREGION_X0Y0:CLOCKREGION_X0Y0 CLOCKREGION_X0Y1:CLOCKREGION_X0Y1 CLOCKREGION_X0Y2:CLOCKREGION_X0Y2}
#endgroup

# Clock net "Instance_Communication/UDP_Sender_CLK_12_Load" driven by instance "crc_s_reg[29]_i_3" located at site "BUFGCTRL_X0Y2"
#startgroup
create_pblock {CLKAG_Instance_Communication/UDP_Sender_CLK_12_Load}
add_cells_to_pblock [get_pblocks  {CLKAG_Instance_Communication/UDP_Sender_CLK_12_Load}] [get_cells -filter { PRIMITIVE_GROUP != I/O && IS_PRIMITIVE==1 && PRIMITIVE_LEVEL !=INTERNAL } -of_object [get_pins -filter {DIRECTION==IN} -of_objects [get_nets -hierarchical -filter {PARENT=="Instance_Communication/UDP_Sender_CLK_12_Load"}]]]
resize_pblock [get_pblocks {CLKAG_Instance_Communication/UDP_Sender_CLK_12_Load}] -add {CLOCKREGION_X0Y1:CLOCKREGION_X0Y1}
#endgroup

# Clock net "Ins_ETH_100mbps/Instance_PHY_Manager/Instance_PHY_I2C/Instance_ClockMacker/Counter_IDLE_reg[0]_BUFG" driven by instance "Ins_ETH_100mbps/Instance_PHY_Manager/Instance_PHY_I2C/Instance_ClockMacker/Counter_IDLE_reg[0]_BUFG_inst" located at site "BUFGCTRL_X0Y0"
#startgroup
create_pblock {CLKAG_Ins_ETH_100mbps/Instance_PHY_Manager/Instance_PHY_I2C/Instance_ClockMacker/Counter_IDLE_reg[0]_BUFG}
add_cells_to_pblock [get_pblocks  {CLKAG_Ins_ETH_100mbps/Instance_PHY_Manager/Instance_PHY_I2C/Instance_ClockMacker/Counter_IDLE_reg[0]_BUFG}] [get_cells -filter { PRIMITIVE_GROUP != I/O && IS_PRIMITIVE==1 && PRIMITIVE_LEVEL !=INTERNAL && NAME!=MDC_OBUF_inst} -of_object [get_pins -filter {DIRECTION==IN} -of_objects [get_nets -hierarchical -filter {PARENT=="Ins_ETH_100mbps/Instance_PHY_Manager/Instance_PHY_I2C/Instance_ClockMacker/Counter_IDLE_reg[0]_BUFG"}]]]
resize_pblock [get_pblocks {CLKAG_Ins_ETH_100mbps/Instance_PHY_Manager/Instance_PHY_I2C/Instance_ClockMacker/Counter_IDLE_reg[0]_BUFG}] -add {CLOCKREGION_X0Y0:CLOCKREGION_X0Y0 CLOCKREGION_X0Y1:CLOCKREGION_X0Y1}
#endgroup

# Clock net "ETH_RXCK_IBUF_BUFG" driven by instance "ETH_RXCK_IBUF_BUFG_inst" located at site "BUFGCTRL_X0Y1"
#startgroup
create_pblock {CLKAG_ETH_RXCK_IBUF_BUFG}
add_cells_to_pblock [get_pblocks  {CLKAG_ETH_RXCK_IBUF_BUFG}] [get_cells -filter { PRIMITIVE_GROUP != I/O && IS_PRIMITIVE==1 && PRIMITIVE_LEVEL !=INTERNAL } -of_object [get_pins -filter {DIRECTION==IN} -of_objects [get_nets -hierarchical -filter {PARENT=="ETH_RXCK_IBUF_BUFG"}]]]
resize_pblock [get_pblocks {CLKAG_ETH_RXCK_IBUF_BUFG}] -add {CLOCKREGION_X0Y0:CLOCKREGION_X0Y0}
#endgroup

# Clock net "Communication_In_ReplyValid" driven by instance "Buffer_Reply_reg[71]_i_2" located at site "BUFGCTRL_X0Y4"
#startgroup
create_pblock {CLKAG_Communication_In_ReplyValid}
add_cells_to_pblock [get_pblocks  {CLKAG_Communication_In_ReplyValid}] [get_cells -filter { PRIMITIVE_GROUP != I/O && IS_PRIMITIVE==1 && PRIMITIVE_LEVEL !=INTERNAL } -of_object [get_pins -filter {DIRECTION==IN} -of_objects [get_nets -hierarchical -filter {PARENT=="Communication_In_ReplyValid"}]]]
resize_pblock [get_pblocks {CLKAG_Communication_In_ReplyValid}] -add {CLOCKREGION_X0Y1:CLOCKREGION_X0Y1}
#endgroup

# Clock net "CLK_50MHz_BUFG" driven by instance "CLK_50MHz_BUFG_inst" located at site "BUFGCTRL_X0Y18"
#startgroup
create_pblock {CLKAG_CLK_50MHz_BUFG}
add_cells_to_pblock [get_pblocks  {CLKAG_CLK_50MHz_BUFG}] [get_cells -filter { PRIMITIVE_GROUP != I/O && IS_PRIMITIVE==1 && PRIMITIVE_LEVEL !=INTERNAL } -of_object [get_pins -filter {DIRECTION==IN} -of_objects [get_nets -hierarchical -filter {PARENT=="CLK_50MHz_BUFG"}]]]
resize_pblock [get_pblocks {CLKAG_CLK_50MHz_BUFG}] -add {CLOCKREGION_X0Y1:CLOCKREGION_X0Y1 CLOCKREGION_X0Y2:CLOCKREGION_X0Y2 CLOCKREGION_X1Y1:CLOCKREGION_X1Y1}
#endgroup

# Clock net "CLKB" driven by instance "RAMB16_S1_S1_inst_i_2" located at site "BUFGCTRL_X0Y3"
#startgroup
create_pblock {CLKAG_CLKB}
add_cells_to_pblock [get_pblocks  {CLKAG_CLKB}] [get_cells -filter { PRIMITIVE_GROUP != I/O && IS_PRIMITIVE==1 && PRIMITIVE_LEVEL !=INTERNAL } -of_object [get_pins -filter {DIRECTION==IN} -of_objects [get_nets -hierarchical -filter {PARENT=="CLKB"}]]]
resize_pblock [get_pblocks {CLKAG_CLKB}] -add {CLOCKREGION_X0Y1:CLOCKREGION_X0Y1}
#endgroup
