
*** Running vivado
    with args -log En_Head.vdi -applog -m64 -product Vivado -messageDb vivado.pb -mode batch -source En_Head.tcl -notrace


****** Vivado v2017.2 (64-bit)
  **** SW Build 1909853 on Thu Jun 15 18:39:10 MDT 2017
  **** IP Build 1909766 on Thu Jun 15 19:58:00 MDT 2017
    ** Copyright 1986-2017 Xilinx, Inc. All Rights Reserved.

source En_Head.tcl -notrace
Design is defaulting to srcset: sources_1
Design is defaulting to constrset: constrs_1
INFO: [Netlist 29-17] Analyzing 405 Unisim elements for replacement
INFO: [Netlist 29-28] Unisim Transformation completed in 0 CPU seconds
INFO: [Project 1-479] Netlist was created with Vivado 2017.2
INFO: [Device 21-403] Loading part xc7a100tfgg484-2
INFO: [Project 1-570] Preparing netlist for logic optimization
Parsing XDC File [/home/farbizu/GIT/Jaquenod/Trabajo_Final/Ethernet-comunication-VHDL/Ethernet-comunication-VHDL.srcs/constrs_1/new/top_level.xdc]
Finished Parsing XDC File [/home/farbizu/GIT/Jaquenod/Trabajo_Final/Ethernet-comunication-VHDL/Ethernet-comunication-VHDL.srcs/constrs_1/new/top_level.xdc]
INFO: [Opt 31-138] Pushed 0 inverter(s) to 0 load pin(s).
INFO: [Project 1-111] Unisim Transformation Summary:
No Unisim elements were transformed.

Command: opt_design
Attempting to get a license for feature 'Implementation' and/or device 'xc7a100t-fgg484'
INFO: [Common 17-349] Got license for feature 'Implementation' and/or device 'xc7a100t-fgg484'
Running DRC as a precondition to command opt_design

Starting DRC Task
Command: report_drc (run_mandatory_drcs) for: opt_checks
INFO: [DRC 23-27] Running DRC with 4 threads
report_drc (run_mandatory_drcs) completed successfully
INFO: [Project 1-461] DRC finished with 0 Errors
INFO: [Project 1-462] Please refer to the DRC report (report_drc) for more information.

Time (s): cpu = 00:00:01 ; elapsed = 00:00:00.44 . Memory (MB): peak = 1394.637 ; gain = 43.016 ; free physical = 1112 ; free virtual = 12417
INFO: [Timing 38-35] Done setting XDC timing constraints.

Starting Logic Optimization Task

Phase 1 Retarget
INFO: [Opt 31-138] Pushed 3 inverter(s) to 576 load pin(s).
INFO: [Opt 31-49] Retargeted 0 cell(s).
Phase 1 Retarget | Checksum: 109f4f3fa

Time (s): cpu = 00:00:00.29 ; elapsed = 00:00:00.25 . Memory (MB): peak = 1861.066 ; gain = 0.000 ; free physical = 731 ; free virtual = 12036
INFO: [Opt 31-389] Phase Retarget created 0 cells and removed 373 cells

Phase 2 Constant propagation
INFO: [Opt 31-138] Pushed 0 inverter(s) to 0 load pin(s).
Phase 2 Constant propagation | Checksum: 105df3735

Time (s): cpu = 00:00:00.46 ; elapsed = 00:00:00.42 . Memory (MB): peak = 1861.066 ; gain = 0.000 ; free physical = 729 ; free virtual = 12034
INFO: [Opt 31-389] Phase Constant propagation created 26 cells and removed 471 cells

Phase 3 Sweep
Phase 3 Sweep | Checksum: ca9f8e11

Time (s): cpu = 00:00:00.62 ; elapsed = 00:00:00.59 . Memory (MB): peak = 1861.066 ; gain = 0.000 ; free physical = 728 ; free virtual = 12033
INFO: [Opt 31-389] Phase Sweep created 0 cells and removed 1093 cells

Phase 4 BUFG optimization
INFO: [Opt 31-194] Inserted BUFG clk125MHz90_BUFG_inst to drive 1 load(s) on clock net clk125MHz90_BUFG
INFO: [Opt 31-194] Inserted BUFG Ins_ETH_1000mbps/Instance_PHY_Manager/Instance_PHY_I2C/Instance_ClockMacker/Counter_IDLE_reg[0]_BUFG_inst to drive 208 load(s) on clock net ETH_MDC_OBUF
INFO: [Opt 31-194] Inserted BUFG Ins_ETH_100mbps/Instance_PHY_Manager/Instance_PHY_I2C/Instance_ClockMacker/Counter_IDLE_reg[0]_BUFG_inst to drive 208 load(s) on clock net MDC_OBUF
INFO: [Opt 31-193] Inserted 3 BUFG(s) on clock nets
Phase 4 BUFG optimization | Checksum: 1841cbb2e

Time (s): cpu = 00:00:00.68 ; elapsed = 00:00:00.64 . Memory (MB): peak = 1861.066 ; gain = 0.000 ; free physical = 728 ; free virtual = 12033
INFO: [Opt 31-389] Phase BUFG optimization created 3 cells and removed 0 cells

Phase 5 Shift Register Optimization
Phase 5 Shift Register Optimization | Checksum: 1841cbb2e

Time (s): cpu = 00:00:00.68 ; elapsed = 00:00:00.65 . Memory (MB): peak = 1861.066 ; gain = 0.000 ; free physical = 728 ; free virtual = 12033
INFO: [Opt 31-389] Phase Shift Register Optimization created 0 cells and removed 0 cells

Starting Connectivity Check Task

Time (s): cpu = 00:00:00 ; elapsed = 00:00:00.01 . Memory (MB): peak = 1861.066 ; gain = 0.000 ; free physical = 728 ; free virtual = 12033
Ending Logic Optimization Task | Checksum: 1841cbb2e

Time (s): cpu = 00:00:00.70 ; elapsed = 00:00:00.66 . Memory (MB): peak = 1861.066 ; gain = 0.000 ; free physical = 728 ; free virtual = 12033

Starting Power Optimization Task
INFO: [Pwropt 34-132] Skipping clock gating for clocks with a period < 2.00 ns.
INFO: [Pwropt 34-9] Applying IDT optimizations ...
INFO: [Pwropt 34-10] Applying ODC optimizations ...
INFO: [Power 33-23] Power model is not available for STARTUPE2_inst
INFO: [Timing 38-35] Done setting XDC timing constraints.
WARNING: [Power 33-232] No user defined clocks were found in the design!
Resolution: Please specify clocks using create_clock/create_generated_clock for sequential elements. For pure combinatorial circuits, please specify a virtual clock, otherwise the vectorless estimation might be inaccurate
Running Vector-less Activity Propagation...

Finished Running Vector-less Activity Propagation


Starting PowerOpt Patch Enables Task
INFO: [Pwropt 34-162] WRITE_MODE attribute of 1 BRAM(s) out of a total of 1 has been updated to save power. Run report_power_opt to get a complete listing of the BRAMs updated.
INFO: [Pwropt 34-201] Structural ODC has moved 1 WE to EN ports
Number of BRAM Ports augmented: 0 newly gated: 1 Total Ports: 2
Ending PowerOpt Patch Enables Task | Checksum: 11efb61c9

Time (s): cpu = 00:00:00.02 ; elapsed = 00:00:00.02 . Memory (MB): peak = 1991.117 ; gain = 0.000 ; free physical = 713 ; free virtual = 12018
Ending Power Optimization Task | Checksum: 11efb61c9

Time (s): cpu = 00:00:00.96 ; elapsed = 00:00:00.81 . Memory (MB): peak = 1991.117 ; gain = 130.051 ; free physical = 718 ; free virtual = 12023
31 Infos, 1 Warnings, 0 Critical Warnings and 0 Errors encountered.
opt_design completed successfully
opt_design: Time (s): cpu = 00:00:09 ; elapsed = 00:00:08 . Memory (MB): peak = 1991.117 ; gain = 639.496 ; free physical = 718 ; free virtual = 12023
Writing placer database...
Writing XDEF routing.
Writing XDEF routing logical nets.
Writing XDEF routing special nets.
Write XDEF Complete: Time (s): cpu = 00:00:00.03 ; elapsed = 00:00:00 . Memory (MB): peak = 1991.117 ; gain = 0.000 ; free physical = 717 ; free virtual = 12023
INFO: [Common 17-1381] The checkpoint '/home/farbizu/GIT/Jaquenod/Trabajo_Final/Ethernet-comunication-VHDL/Ethernet-comunication-VHDL.runs/impl_1/En_Head_opt.dcp' has been generated.
Command: report_drc -file En_Head_drc_opted.rpt
INFO: [DRC 23-27] Running DRC with 4 threads
INFO: [Coretcl 2-168] The results of DRC are in file /home/farbizu/GIT/Jaquenod/Trabajo_Final/Ethernet-comunication-VHDL/Ethernet-comunication-VHDL.runs/impl_1/En_Head_drc_opted.rpt.
report_drc completed successfully
INFO: [Chipscope 16-241] No debug cores found in the current design.
Before running the implement_debug_core command, either use the Set Up Debug wizard (GUI mode)
or use the create_debug_core and connect_debug_core Tcl commands to insert debug cores into the design.
Command: place_design
Attempting to get a license for feature 'Implementation' and/or device 'xc7a100t-fgg484'
INFO: [Common 17-349] Got license for feature 'Implementation' and/or device 'xc7a100t-fgg484'
Command: report_drc (run_mandatory_drcs) for: incr_eco_checks
INFO: [DRC 23-27] Running DRC with 4 threads
report_drc (run_mandatory_drcs) completed successfully
INFO: [Vivado_Tcl 4-198] DRC finished with 0 Errors
INFO: [Vivado_Tcl 4-199] Please refer to the DRC report (report_drc) for more information.
Running DRC as a precondition to command place_design
Command: report_drc (run_mandatory_drcs) for: placer_checks
INFO: [DRC 23-27] Running DRC with 4 threads
WARNING: [DRC CHECK-3] Report rule limit reached: REQP-1840 rule limit reached: 20 violations have been found.
WARNING: [DRC PORTPROP-2] selectio_diff_term: The port PLL_CLK_N has an invalid DIFF_TERM property value. For the target architecture, IOSTANDARD value DIFF_SSTL15 does not support on-chip input differential termination. The DIFF_TERM property value will be ignored.
WARNING: [DRC PORTPROP-2] selectio_diff_term: The port PLL_CLK_P has an invalid DIFF_TERM property value. For the target architecture, IOSTANDARD value DIFF_SSTL15 does not support on-chip input differential termination. The DIFF_TERM property value will be ignored.
WARNING: [DRC REQP-1840] RAMB18 async control check: The RAMB18E1 Ins_Flash_SPI/RAMB16_S1_S1_inst has an input control pin Ins_Flash_SPI/RAMB16_S1_S1_inst/ADDRARDADDR[0] (net: Ins_Flash_SPI/ADDRA[0]) which is driven by a register (Ins_Flash_SPI/RAM_RADDR_reg[0]) that has an active asychronous set or reset. This may cause corruption of the memory contents and/or read values when the set/reset is asserted and is not analyzed by the default static timing analysis. It is suggested to eliminate the use of a set/reset to registers driving this RAMB pin or else use a synchronous reset in which the assertion of the reset is timed by default.
WARNING: [DRC REQP-1840] RAMB18 async control check: The RAMB18E1 Ins_Flash_SPI/RAMB16_S1_S1_inst has an input control pin Ins_Flash_SPI/RAMB16_S1_S1_inst/ADDRARDADDR[10] (net: Ins_Flash_SPI/ADDRA[10]) which is driven by a register (Ins_Flash_SPI/RAM_RADDR_reg[10]) that has an active asychronous set or reset. This may cause corruption of the memory contents and/or read values when the set/reset is asserted and is not analyzed by the default static timing analysis. It is suggested to eliminate the use of a set/reset to registers driving this RAMB pin or else use a synchronous reset in which the assertion of the reset is timed by default.
WARNING: [DRC REQP-1840] RAMB18 async control check: The RAMB18E1 Ins_Flash_SPI/RAMB16_S1_S1_inst has an input control pin Ins_Flash_SPI/RAMB16_S1_S1_inst/ADDRARDADDR[11] (net: Ins_Flash_SPI/ADDRA[11]) which is driven by a register (Ins_Flash_SPI/RAM_RADDR_reg[11]) that has an active asychronous set or reset. This may cause corruption of the memory contents and/or read values when the set/reset is asserted and is not analyzed by the default static timing analysis. It is suggested to eliminate the use of a set/reset to registers driving this RAMB pin or else use a synchronous reset in which the assertion of the reset is timed by default.
WARNING: [DRC REQP-1840] RAMB18 async control check: The RAMB18E1 Ins_Flash_SPI/RAMB16_S1_S1_inst has an input control pin Ins_Flash_SPI/RAMB16_S1_S1_inst/ADDRARDADDR[12] (net: Ins_Flash_SPI/ADDRA[12]) which is driven by a register (Ins_Flash_SPI/RAM_RADDR_reg[12]) that has an active asychronous set or reset. This may cause corruption of the memory contents and/or read values when the set/reset is asserted and is not analyzed by the default static timing analysis. It is suggested to eliminate the use of a set/reset to registers driving this RAMB pin or else use a synchronous reset in which the assertion of the reset is timed by default.
WARNING: [DRC REQP-1840] RAMB18 async control check: The RAMB18E1 Ins_Flash_SPI/RAMB16_S1_S1_inst has an input control pin Ins_Flash_SPI/RAMB16_S1_S1_inst/ADDRARDADDR[13] (net: Ins_Flash_SPI/ADDRA[13]) which is driven by a register (Ins_Flash_SPI/RAM_RADDR_reg[13]) that has an active asychronous set or reset. This may cause corruption of the memory contents and/or read values when the set/reset is asserted and is not analyzed by the default static timing analysis. It is suggested to eliminate the use of a set/reset to registers driving this RAMB pin or else use a synchronous reset in which the assertion of the reset is timed by default.
WARNING: [DRC REQP-1840] RAMB18 async control check: The RAMB18E1 Ins_Flash_SPI/RAMB16_S1_S1_inst has an input control pin Ins_Flash_SPI/RAMB16_S1_S1_inst/ADDRARDADDR[1] (net: Ins_Flash_SPI/ADDRA[1]) which is driven by a register (Ins_Flash_SPI/RAM_RADDR_reg[1]) that has an active asychronous set or reset. This may cause corruption of the memory contents and/or read values when the set/reset is asserted and is not analyzed by the default static timing analysis. It is suggested to eliminate the use of a set/reset to registers driving this RAMB pin or else use a synchronous reset in which the assertion of the reset is timed by default.
WARNING: [DRC REQP-1840] RAMB18 async control check: The RAMB18E1 Ins_Flash_SPI/RAMB16_S1_S1_inst has an input control pin Ins_Flash_SPI/RAMB16_S1_S1_inst/ADDRARDADDR[2] (net: Ins_Flash_SPI/ADDRA[2]) which is driven by a register (Ins_Flash_SPI/RAM_RADDR_reg[2]) that has an active asychronous set or reset. This may cause corruption of the memory contents and/or read values when the set/reset is asserted and is not analyzed by the default static timing analysis. It is suggested to eliminate the use of a set/reset to registers driving this RAMB pin or else use a synchronous reset in which the assertion of the reset is timed by default.
WARNING: [DRC REQP-1840] RAMB18 async control check: The RAMB18E1 Ins_Flash_SPI/RAMB16_S1_S1_inst has an input control pin Ins_Flash_SPI/RAMB16_S1_S1_inst/ADDRARDADDR[3] (net: Ins_Flash_SPI/ADDRA[3]) which is driven by a register (Ins_Flash_SPI/RAM_RADDR_reg[3]) that has an active asychronous set or reset. This may cause corruption of the memory contents and/or read values when the set/reset is asserted and is not analyzed by the default static timing analysis. It is suggested to eliminate the use of a set/reset to registers driving this RAMB pin or else use a synchronous reset in which the assertion of the reset is timed by default.
WARNING: [DRC REQP-1840] RAMB18 async control check: The RAMB18E1 Ins_Flash_SPI/RAMB16_S1_S1_inst has an input control pin Ins_Flash_SPI/RAMB16_S1_S1_inst/ADDRARDADDR[4] (net: Ins_Flash_SPI/ADDRA[4]) which is driven by a register (Ins_Flash_SPI/RAM_RADDR_reg[4]) that has an active asychronous set or reset. This may cause corruption of the memory contents and/or read values when the set/reset is asserted and is not analyzed by the default static timing analysis. It is suggested to eliminate the use of a set/reset to registers driving this RAMB pin or else use a synchronous reset in which the assertion of the reset is timed by default.
WARNING: [DRC REQP-1840] RAMB18 async control check: The RAMB18E1 Ins_Flash_SPI/RAMB16_S1_S1_inst has an input control pin Ins_Flash_SPI/RAMB16_S1_S1_inst/ADDRARDADDR[5] (net: Ins_Flash_SPI/ADDRA[5]) which is driven by a register (Ins_Flash_SPI/RAM_RADDR_reg[5]) that has an active asychronous set or reset. This may cause corruption of the memory contents and/or read values when the set/reset is asserted and is not analyzed by the default static timing analysis. It is suggested to eliminate the use of a set/reset to registers driving this RAMB pin or else use a synchronous reset in which the assertion of the reset is timed by default.
WARNING: [DRC REQP-1840] RAMB18 async control check: The RAMB18E1 Ins_Flash_SPI/RAMB16_S1_S1_inst has an input control pin Ins_Flash_SPI/RAMB16_S1_S1_inst/ADDRARDADDR[6] (net: Ins_Flash_SPI/ADDRA[6]) which is driven by a register (Ins_Flash_SPI/RAM_RADDR_reg[6]) that has an active asychronous set or reset. This may cause corruption of the memory contents and/or read values when the set/reset is asserted and is not analyzed by the default static timing analysis. It is suggested to eliminate the use of a set/reset to registers driving this RAMB pin or else use a synchronous reset in which the assertion of the reset is timed by default.
WARNING: [DRC REQP-1840] RAMB18 async control check: The RAMB18E1 Ins_Flash_SPI/RAMB16_S1_S1_inst has an input control pin Ins_Flash_SPI/RAMB16_S1_S1_inst/ADDRARDADDR[7] (net: Ins_Flash_SPI/ADDRA[7]) which is driven by a register (Ins_Flash_SPI/RAM_RADDR_reg[7]) that has an active asychronous set or reset. This may cause corruption of the memory contents and/or read values when the set/reset is asserted and is not analyzed by the default static timing analysis. It is suggested to eliminate the use of a set/reset to registers driving this RAMB pin or else use a synchronous reset in which the assertion of the reset is timed by default.
WARNING: [DRC REQP-1840] RAMB18 async control check: The RAMB18E1 Ins_Flash_SPI/RAMB16_S1_S1_inst has an input control pin Ins_Flash_SPI/RAMB16_S1_S1_inst/ADDRARDADDR[8] (net: Ins_Flash_SPI/ADDRA[8]) which is driven by a register (Ins_Flash_SPI/RAM_RADDR_reg[8]) that has an active asychronous set or reset. This may cause corruption of the memory contents and/or read values when the set/reset is asserted and is not analyzed by the default static timing analysis. It is suggested to eliminate the use of a set/reset to registers driving this RAMB pin or else use a synchronous reset in which the assertion of the reset is timed by default.
WARNING: [DRC REQP-1840] RAMB18 async control check: The RAMB18E1 Ins_Flash_SPI/RAMB16_S1_S1_inst has an input control pin Ins_Flash_SPI/RAMB16_S1_S1_inst/ADDRARDADDR[9] (net: Ins_Flash_SPI/ADDRA[9]) which is driven by a register (Ins_Flash_SPI/RAM_RADDR_reg[9]) that has an active asychronous set or reset. This may cause corruption of the memory contents and/or read values when the set/reset is asserted and is not analyzed by the default static timing analysis. It is suggested to eliminate the use of a set/reset to registers driving this RAMB pin or else use a synchronous reset in which the assertion of the reset is timed by default.
WARNING: [DRC REQP-1840] RAMB18 async control check: The RAMB18E1 Ins_Flash_SPI/RAMB16_S1_S1_inst has an input control pin Ins_Flash_SPI/RAMB16_S1_S1_inst/ADDRBWRADDR[10] (net: Ins_Flash_SPI/ADDRB[10]) which is driven by a register (Ins_Flash_SPI/RAM_WADDR_reg[10]) that has an active asychronous set or reset. This may cause corruption of the memory contents and/or read values when the set/reset is asserted and is not analyzed by the default static timing analysis. It is suggested to eliminate the use of a set/reset to registers driving this RAMB pin or else use a synchronous reset in which the assertion of the reset is timed by default.
WARNING: [DRC REQP-1840] RAMB18 async control check: The RAMB18E1 Ins_Flash_SPI/RAMB16_S1_S1_inst has an input control pin Ins_Flash_SPI/RAMB16_S1_S1_inst/ADDRBWRADDR[11] (net: Ins_Flash_SPI/ADDRB[11]) which is driven by a register (Ins_Flash_SPI/RAM_WADDR_reg[11]) that has an active asychronous set or reset. This may cause corruption of the memory contents and/or read values when the set/reset is asserted and is not analyzed by the default static timing analysis. It is suggested to eliminate the use of a set/reset to registers driving this RAMB pin or else use a synchronous reset in which the assertion of the reset is timed by default.
WARNING: [DRC REQP-1840] RAMB18 async control check: The RAMB18E1 Ins_Flash_SPI/RAMB16_S1_S1_inst has an input control pin Ins_Flash_SPI/RAMB16_S1_S1_inst/ADDRBWRADDR[12] (net: Ins_Flash_SPI/ADDRB[12]) which is driven by a register (Ins_Flash_SPI/RAM_WADDR_reg[12]) that has an active asychronous set or reset. This may cause corruption of the memory contents and/or read values when the set/reset is asserted and is not analyzed by the default static timing analysis. It is suggested to eliminate the use of a set/reset to registers driving this RAMB pin or else use a synchronous reset in which the assertion of the reset is timed by default.
WARNING: [DRC REQP-1840] RAMB18 async control check: The RAMB18E1 Ins_Flash_SPI/RAMB16_S1_S1_inst has an input control pin Ins_Flash_SPI/RAMB16_S1_S1_inst/ADDRBWRADDR[13] (net: Ins_Flash_SPI/ADDRB[13]) which is driven by a register (Ins_Flash_SPI/RAM_WADDR_reg[13]) that has an active asychronous set or reset. This may cause corruption of the memory contents and/or read values when the set/reset is asserted and is not analyzed by the default static timing analysis. It is suggested to eliminate the use of a set/reset to registers driving this RAMB pin or else use a synchronous reset in which the assertion of the reset is timed by default.
WARNING: [DRC REQP-1840] RAMB18 async control check: The RAMB18E1 Ins_Flash_SPI/RAMB16_S1_S1_inst has an input control pin Ins_Flash_SPI/RAMB16_S1_S1_inst/ADDRBWRADDR[8] (net: Ins_Flash_SPI/ADDRB[8]) which is driven by a register (Ins_Flash_SPI/RAM_WADDR_reg[8]) that has an active asychronous set or reset. This may cause corruption of the memory contents and/or read values when the set/reset is asserted and is not analyzed by the default static timing analysis. It is suggested to eliminate the use of a set/reset to registers driving this RAMB pin or else use a synchronous reset in which the assertion of the reset is timed by default.
WARNING: [DRC REQP-1840] RAMB18 async control check: The RAMB18E1 Ins_Flash_SPI/RAMB16_S1_S1_inst has an input control pin Ins_Flash_SPI/RAMB16_S1_S1_inst/ADDRBWRADDR[9] (net: Ins_Flash_SPI/ADDRB[9]) which is driven by a register (Ins_Flash_SPI/RAM_WADDR_reg[9]) that has an active asychronous set or reset. This may cause corruption of the memory contents and/or read values when the set/reset is asserted and is not analyzed by the default static timing analysis. It is suggested to eliminate the use of a set/reset to registers driving this RAMB pin or else use a synchronous reset in which the assertion of the reset is timed by default.
report_drc (run_mandatory_drcs) completed successfully
INFO: [Vivado_Tcl 4-198] DRC finished with 0 Errors, 23 Warnings
INFO: [Vivado_Tcl 4-199] Please refer to the DRC report (report_drc) for more information.

Starting Placer Task
INFO: [Place 30-611] Multithreading enabled for place_design using a maximum of 4 CPUs

Phase 1 Placer Initialization

Phase 1.1 Placer Initialization Netlist Sorting
Netlist sorting complete. Time (s): cpu = 00:00:00 ; elapsed = 00:00:00 . Memory (MB): peak = 1991.117 ; gain = 0.000 ; free physical = 708 ; free virtual = 12013
Phase 1.1 Placer Initialization Netlist Sorting | Checksum: 10c503d41

Time (s): cpu = 00:00:00.01 ; elapsed = 00:00:00.01 . Memory (MB): peak = 1991.117 ; gain = 0.000 ; free physical = 708 ; free virtual = 12013
INFO: [Timing 38-35] Done setting XDC timing constraints.
INFO: [Opt 31-138] Pushed 0 inverter(s) to 0 load pin(s).
Netlist sorting complete. Time (s): cpu = 00:00:00.01 ; elapsed = 00:00:00 . Memory (MB): peak = 1991.117 ; gain = 0.000 ; free physical = 709 ; free virtual = 12015

Phase 1.2 IO Placement/ Clock Placement/ Build Placer Device
INFO: [Timing 38-35] Done setting XDC timing constraints.
CRITICAL WARNING: [Place 30-73] Invalid constraint on register 'Ins_ETH_1000mbps/i_rgmii_tx/dout_reg[0]'. It has the property IOB=TRUE, but it is not driving or driven by any IO element.
CRITICAL WARNING: [Place 30-73] Invalid constraint on register 'Ins_ETH_1000mbps/i_rgmii_tx/dout_reg[1]'. It has the property IOB=TRUE, but it is not driving or driven by any IO element.
CRITICAL WARNING: [Place 30-73] Invalid constraint on register 'Ins_ETH_1000mbps/i_rgmii_tx/dout_reg[2]'. It has the property IOB=TRUE, but it is not driving or driven by any IO element.
CRITICAL WARNING: [Place 30-73] Invalid constraint on register 'Ins_ETH_1000mbps/i_rgmii_tx/dout_reg[3]'. It has the property IOB=TRUE, but it is not driving or driven by any IO element.
CRITICAL WARNING: [Place 30-73] Invalid constraint on register 'Ins_ETH_1000mbps/i_rgmii_tx/dout_reg[4]'. It has the property IOB=TRUE, but it is not driving or driven by any IO element.
CRITICAL WARNING: [Place 30-73] Invalid constraint on register 'Ins_ETH_1000mbps/i_rgmii_tx/dout_reg[5]'. It has the property IOB=TRUE, but it is not driving or driven by any IO element.
CRITICAL WARNING: [Place 30-73] Invalid constraint on register 'Ins_ETH_1000mbps/i_rgmii_tx/dout_reg[6]'. It has the property IOB=TRUE, but it is not driving or driven by any IO element.
CRITICAL WARNING: [Place 30-73] Invalid constraint on register 'Ins_ETH_1000mbps/i_rgmii_tx/dout_reg[7]'. It has the property IOB=TRUE, but it is not driving or driven by any IO element.
CRITICAL WARNING: [Place 30-73] Invalid constraint on register 'Ins_ETH_1000mbps/i_rgmii_tx/doutctl_reg[0]'. It has the property IOB=TRUE, but it is not driving or driven by any IO element.
CRITICAL WARNING: [Place 30-73] Invalid constraint on register 'Ins_ETH_1000mbps/i_rgmii_tx/doutctl_reg[1]'. It has the property IOB=TRUE, but it is not driving or driven by any IO element.
Phase 1.2 IO Placement/ Clock Placement/ Build Placer Device | Checksum: 43b880d2

Time (s): cpu = 00:00:02 ; elapsed = 00:00:01 . Memory (MB): peak = 1991.117 ; gain = 0.000 ; free physical = 704 ; free virtual = 12009

Phase 1.3 Build Placer Netlist Model
Phase 1.3 Build Placer Netlist Model | Checksum: 98255c94

Time (s): cpu = 00:00:02 ; elapsed = 00:00:02 . Memory (MB): peak = 1991.117 ; gain = 0.000 ; free physical = 704 ; free virtual = 12009

Phase 1.4 Constrain Clocks/Macros
Phase 1.4 Constrain Clocks/Macros | Checksum: 98255c94

Time (s): cpu = 00:00:02 ; elapsed = 00:00:02 . Memory (MB): peak = 1991.117 ; gain = 0.000 ; free physical = 704 ; free virtual = 12009
Phase 1 Placer Initialization | Checksum: 98255c94

Time (s): cpu = 00:00:02 ; elapsed = 00:00:02 . Memory (MB): peak = 1991.117 ; gain = 0.000 ; free physical = 704 ; free virtual = 12009

Phase 2 Global Placement
WARNING: [Place 46-30] place_design is not in timing mode. Skip physical synthesis in placer
Phase 2 Global Placement | Checksum: 1825d0d2c

Time (s): cpu = 00:00:04 ; elapsed = 00:00:02 . Memory (MB): peak = 1991.117 ; gain = 0.000 ; free physical = 691 ; free virtual = 11997

Phase 3 Detail Placement

Phase 3.1 Commit Multi Column Macros
Phase 3.1 Commit Multi Column Macros | Checksum: 1825d0d2c

Time (s): cpu = 00:00:04 ; elapsed = 00:00:02 . Memory (MB): peak = 1991.117 ; gain = 0.000 ; free physical = 691 ; free virtual = 11997

Phase 3.2 Commit Most Macros & LUTRAMs
Phase 3.2 Commit Most Macros & LUTRAMs | Checksum: 1585ab974

Time (s): cpu = 00:00:04 ; elapsed = 00:00:02 . Memory (MB): peak = 1991.117 ; gain = 0.000 ; free physical = 690 ; free virtual = 11996

Phase 3.3 Area Swap Optimization
Phase 3.3 Area Swap Optimization | Checksum: 1e88064e3

Time (s): cpu = 00:00:04 ; elapsed = 00:00:02 . Memory (MB): peak = 1991.117 ; gain = 0.000 ; free physical = 690 ; free virtual = 11996

Phase 3.4 Pipeline Register Optimization
Phase 3.4 Pipeline Register Optimization | Checksum: 1e88064e3

Time (s): cpu = 00:00:04 ; elapsed = 00:00:02 . Memory (MB): peak = 1991.117 ; gain = 0.000 ; free physical = 690 ; free virtual = 11996

Phase 3.5 Small Shape Detail Placement
Phase 3.5 Small Shape Detail Placement | Checksum: 62b75495

Time (s): cpu = 00:00:04 ; elapsed = 00:00:03 . Memory (MB): peak = 1991.117 ; gain = 0.000 ; free physical = 688 ; free virtual = 11993

Phase 3.6 Re-assign LUT pins
Phase 3.6 Re-assign LUT pins | Checksum: 62b75495

Time (s): cpu = 00:00:04 ; elapsed = 00:00:03 . Memory (MB): peak = 1991.117 ; gain = 0.000 ; free physical = 688 ; free virtual = 11993

Phase 3.7 Pipeline Register Optimization
Phase 3.7 Pipeline Register Optimization | Checksum: 62b75495

Time (s): cpu = 00:00:04 ; elapsed = 00:00:03 . Memory (MB): peak = 1991.117 ; gain = 0.000 ; free physical = 688 ; free virtual = 11993
Phase 3 Detail Placement | Checksum: 62b75495

Time (s): cpu = 00:00:04 ; elapsed = 00:00:03 . Memory (MB): peak = 1991.117 ; gain = 0.000 ; free physical = 688 ; free virtual = 11993

Phase 4 Post Placement Optimization and Clean-Up

Phase 4.1 Post Commit Optimization
Phase 4.1 Post Commit Optimization | Checksum: 62b75495

Time (s): cpu = 00:00:04 ; elapsed = 00:00:03 . Memory (MB): peak = 1991.117 ; gain = 0.000 ; free physical = 688 ; free virtual = 11993

Phase 4.2 Post Placement Cleanup
Phase 4.2 Post Placement Cleanup | Checksum: 62b75495

Time (s): cpu = 00:00:04 ; elapsed = 00:00:03 . Memory (MB): peak = 1991.117 ; gain = 0.000 ; free physical = 688 ; free virtual = 11994

Phase 4.3 Placer Reporting
Phase 4.3 Placer Reporting | Checksum: 62b75495

Time (s): cpu = 00:00:04 ; elapsed = 00:00:03 . Memory (MB): peak = 1991.117 ; gain = 0.000 ; free physical = 688 ; free virtual = 11994

Phase 4.4 Final Placement Cleanup
Phase 4.4 Final Placement Cleanup | Checksum: 4797dca2

Time (s): cpu = 00:00:04 ; elapsed = 00:00:03 . Memory (MB): peak = 1991.117 ; gain = 0.000 ; free physical = 688 ; free virtual = 11994
Phase 4 Post Placement Optimization and Clean-Up | Checksum: 4797dca2

Time (s): cpu = 00:00:04 ; elapsed = 00:00:03 . Memory (MB): peak = 1991.117 ; gain = 0.000 ; free physical = 688 ; free virtual = 11994
Ending Placer Task | Checksum: 3ffed962

Time (s): cpu = 00:00:04 ; elapsed = 00:00:03 . Memory (MB): peak = 1991.117 ; gain = 0.000 ; free physical = 699 ; free virtual = 12004
46 Infos, 25 Warnings, 10 Critical Warnings and 0 Errors encountered.
place_design completed successfully
Writing placer database...
Writing XDEF routing.
Writing XDEF routing logical nets.
Writing XDEF routing special nets.
Write XDEF Complete: Time (s): cpu = 00:00:00.36 ; elapsed = 00:00:00.15 . Memory (MB): peak = 1991.117 ; gain = 0.000 ; free physical = 697 ; free virtual = 12006
INFO: [Common 17-1381] The checkpoint '/home/farbizu/GIT/Jaquenod/Trabajo_Final/Ethernet-comunication-VHDL/Ethernet-comunication-VHDL.runs/impl_1/En_Head_placed.dcp' has been generated.
report_io: Time (s): cpu = 00:00:00.11 ; elapsed = 00:00:00.14 . Memory (MB): peak = 1991.117 ; gain = 0.000 ; free physical = 689 ; free virtual = 11995
report_utilization: Time (s): cpu = 00:00:00.08 ; elapsed = 00:00:00.11 . Memory (MB): peak = 1991.117 ; gain = 0.000 ; free physical = 698 ; free virtual = 12004
report_control_sets: Time (s): cpu = 00:00:00.05 ; elapsed = 00:00:00.09 . Memory (MB): peak = 1991.117 ; gain = 0.000 ; free physical = 698 ; free virtual = 12004
Command: route_design
Attempting to get a license for feature 'Implementation' and/or device 'xc7a100t-fgg484'
INFO: [Common 17-349] Got license for feature 'Implementation' and/or device 'xc7a100t-fgg484'
Running DRC as a precondition to command route_design
Command: report_drc (run_mandatory_drcs) for: router_checks
INFO: [DRC 23-27] Running DRC with 4 threads
WARNING: [DRC PLIO-6] Placement Constraints Check for IO constraints: Invalid constraint on register Ins_ETH_1000mbps/i_rgmii_tx/dout_reg[0]. It has the property IOB=TRUE, but it is not driving or driven by any IO element.
WARNING: [DRC PLIO-6] Placement Constraints Check for IO constraints: Invalid constraint on register Ins_ETH_1000mbps/i_rgmii_tx/dout_reg[1]. It has the property IOB=TRUE, but it is not driving or driven by any IO element.
WARNING: [DRC PLIO-6] Placement Constraints Check for IO constraints: Invalid constraint on register Ins_ETH_1000mbps/i_rgmii_tx/dout_reg[2]. It has the property IOB=TRUE, but it is not driving or driven by any IO element.
WARNING: [DRC PLIO-6] Placement Constraints Check for IO constraints: Invalid constraint on register Ins_ETH_1000mbps/i_rgmii_tx/dout_reg[3]. It has the property IOB=TRUE, but it is not driving or driven by any IO element.
WARNING: [DRC PLIO-6] Placement Constraints Check for IO constraints: Invalid constraint on register Ins_ETH_1000mbps/i_rgmii_tx/dout_reg[4]. It has the property IOB=TRUE, but it is not driving or driven by any IO element.
WARNING: [DRC PLIO-6] Placement Constraints Check for IO constraints: Invalid constraint on register Ins_ETH_1000mbps/i_rgmii_tx/dout_reg[5]. It has the property IOB=TRUE, but it is not driving or driven by any IO element.
WARNING: [DRC PLIO-6] Placement Constraints Check for IO constraints: Invalid constraint on register Ins_ETH_1000mbps/i_rgmii_tx/dout_reg[6]. It has the property IOB=TRUE, but it is not driving or driven by any IO element.
WARNING: [DRC PLIO-6] Placement Constraints Check for IO constraints: Invalid constraint on register Ins_ETH_1000mbps/i_rgmii_tx/dout_reg[7]. It has the property IOB=TRUE, but it is not driving or driven by any IO element.
WARNING: [DRC PLIO-6] Placement Constraints Check for IO constraints: Invalid constraint on register Ins_ETH_1000mbps/i_rgmii_tx/doutctl_reg[0]. It has the property IOB=TRUE, but it is not driving or driven by any IO element.
WARNING: [DRC PLIO-6] Placement Constraints Check for IO constraints: Invalid constraint on register Ins_ETH_1000mbps/i_rgmii_tx/doutctl_reg[1]. It has the property IOB=TRUE, but it is not driving or driven by any IO element.
WARNING: [DRC PORTPROP-2] selectio_diff_term: The port PLL_CLK_N has an invalid DIFF_TERM property value. For the target architecture, IOSTANDARD value DIFF_SSTL15 does not support on-chip input differential termination. The DIFF_TERM property value will be ignored.
WARNING: [DRC PORTPROP-2] selectio_diff_term: The port PLL_CLK_P has an invalid DIFF_TERM property value. For the target architecture, IOSTANDARD value DIFF_SSTL15 does not support on-chip input differential termination. The DIFF_TERM property value will be ignored.
report_drc (run_mandatory_drcs) completed successfully
INFO: [Vivado_Tcl 4-198] DRC finished with 0 Errors, 12 Warnings
INFO: [Vivado_Tcl 4-199] Please refer to the DRC report (report_drc) for more information.


Starting Routing Task
INFO: [Route 35-254] Multithreading enabled for route_design using a maximum of 4 CPUs
Checksum: PlaceDB: 2d672c48 ConstDB: 0 ShapeSum: 1297ad1a RouteDB: 0

Phase 1 Build RT Design
Phase 1 Build RT Design | Checksum: 178ebfd09

Time (s): cpu = 00:00:18 ; elapsed = 00:00:15 . Memory (MB): peak = 2017.773 ; gain = 26.656 ; free physical = 548 ; free virtual = 11854

Phase 2 Router Initialization
INFO: [Route 35-64] No timing constraints were detected. The router will operate in resource-optimization mode.

Phase 2.1 Fix Topology Constraints
Phase 2.1 Fix Topology Constraints | Checksum: 178ebfd09

Time (s): cpu = 00:00:18 ; elapsed = 00:00:15 . Memory (MB): peak = 2031.773 ; gain = 40.656 ; free physical = 531 ; free virtual = 11838

Phase 2.2 Pre Route Cleanup
Phase 2.2 Pre Route Cleanup | Checksum: 178ebfd09

Time (s): cpu = 00:00:18 ; elapsed = 00:00:15 . Memory (MB): peak = 2031.773 ; gain = 40.656 ; free physical = 531 ; free virtual = 11838
 Number of Nodes with overlaps = 0
Phase 2 Router Initialization | Checksum: 12d88128f

Time (s): cpu = 00:00:19 ; elapsed = 00:00:16 . Memory (MB): peak = 2063.039 ; gain = 71.922 ; free physical = 520 ; free virtual = 11827

Phase 3 Initial Routing
Phase 3 Initial Routing | Checksum: b3f4617c

Time (s): cpu = 00:00:20 ; elapsed = 00:00:16 . Memory (MB): peak = 2063.039 ; gain = 71.922 ; free physical = 523 ; free virtual = 11830

Phase 4 Rip-up And Reroute

Phase 4.1 Global Iteration 0
 Number of Nodes with overlaps = 130
 Number of Nodes with overlaps = 0
Phase 4.1 Global Iteration 0 | Checksum: 15fbba898

Time (s): cpu = 00:00:20 ; elapsed = 00:00:16 . Memory (MB): peak = 2063.039 ; gain = 71.922 ; free physical = 524 ; free virtual = 11831
Phase 4 Rip-up And Reroute | Checksum: 15fbba898

Time (s): cpu = 00:00:20 ; elapsed = 00:00:16 . Memory (MB): peak = 2063.039 ; gain = 71.922 ; free physical = 524 ; free virtual = 11831

Phase 5 Delay and Skew Optimization
Phase 5 Delay and Skew Optimization | Checksum: 15fbba898

Time (s): cpu = 00:00:20 ; elapsed = 00:00:16 . Memory (MB): peak = 2063.039 ; gain = 71.922 ; free physical = 524 ; free virtual = 11831

Phase 6 Post Hold Fix

Phase 6.1 Hold Fix Iter
Phase 6.1 Hold Fix Iter | Checksum: 15fbba898

Time (s): cpu = 00:00:20 ; elapsed = 00:00:16 . Memory (MB): peak = 2063.039 ; gain = 71.922 ; free physical = 524 ; free virtual = 11831
Phase 6 Post Hold Fix | Checksum: 15fbba898

Time (s): cpu = 00:00:20 ; elapsed = 00:00:16 . Memory (MB): peak = 2063.039 ; gain = 71.922 ; free physical = 524 ; free virtual = 11831

Phase 7 Route finalize

Router Utilization Summary
  Global Vertical Routing Utilization    = 0.218523 %
  Global Horizontal Routing Utilization  = 0.16965 %
  Routable Net Status*
  *Does not include unroutable nets such as driverless and loadless.
  Run report_route_status for detailed report.
  Number of Failed Nets               = 0
  Number of Unrouted Nets             = 0
  Number of Partially Routed Nets     = 0
  Number of Node Overlaps             = 0

Congestion Report
North Dir 1x1 Area, Max Cong = 24.3243%, No Congested Regions.
South Dir 1x1 Area, Max Cong = 27.9279%, No Congested Regions.
East Dir 1x1 Area, Max Cong = 20.5882%, No Congested Regions.
West Dir 1x1 Area, Max Cong = 32.3529%, No Congested Regions.
Phase 7 Route finalize | Checksum: 15fbba898

Time (s): cpu = 00:00:20 ; elapsed = 00:00:16 . Memory (MB): peak = 2063.039 ; gain = 71.922 ; free physical = 524 ; free virtual = 11831

Phase 8 Verifying routed nets

 Verification completed successfully
Phase 8 Verifying routed nets | Checksum: 15fbba898

Time (s): cpu = 00:00:20 ; elapsed = 00:00:16 . Memory (MB): peak = 2063.039 ; gain = 71.922 ; free physical = 523 ; free virtual = 11830

Phase 9 Depositing Routes
Phase 9 Depositing Routes | Checksum: 17b67faa3

Time (s): cpu = 00:00:20 ; elapsed = 00:00:16 . Memory (MB): peak = 2063.039 ; gain = 71.922 ; free physical = 523 ; free virtual = 11830
INFO: [Route 35-16] Router Completed Successfully

Time (s): cpu = 00:00:20 ; elapsed = 00:00:16 . Memory (MB): peak = 2063.039 ; gain = 71.922 ; free physical = 543 ; free virtual = 11850

Routing Is Done.
54 Infos, 37 Warnings, 10 Critical Warnings and 0 Errors encountered.
route_design completed successfully
route_design: Time (s): cpu = 00:00:22 ; elapsed = 00:00:17 . Memory (MB): peak = 2096.984 ; gain = 105.867 ; free physical = 543 ; free virtual = 11850
Writing placer database...
Writing XDEF routing.
Writing XDEF routing logical nets.
Writing XDEF routing special nets.
Write XDEF Complete: Time (s): cpu = 00:00:00.34 ; elapsed = 00:00:00.13 . Memory (MB): peak = 2096.984 ; gain = 0.000 ; free physical = 537 ; free virtual = 11849
INFO: [Common 17-1381] The checkpoint '/home/farbizu/GIT/Jaquenod/Trabajo_Final/Ethernet-comunication-VHDL/Ethernet-comunication-VHDL.runs/impl_1/En_Head_routed.dcp' has been generated.
Command: report_drc -file En_Head_drc_routed.rpt -pb En_Head_drc_routed.pb -rpx En_Head_drc_routed.rpx
INFO: [DRC 23-27] Running DRC with 4 threads
INFO: [Coretcl 2-168] The results of DRC are in file /home/farbizu/GIT/Jaquenod/Trabajo_Final/Ethernet-comunication-VHDL/Ethernet-comunication-VHDL.runs/impl_1/En_Head_drc_routed.rpt.
report_drc completed successfully
Command: report_methodology -file En_Head_methodology_drc_routed.rpt -rpx En_Head_methodology_drc_routed.rpx
INFO: [Timing 38-35] Done setting XDC timing constraints.
INFO: [DRC 23-133] Running Methodology with 4 threads
INFO: [Coretcl 2-1520] The results of Report Methodology are in file /home/farbizu/GIT/Jaquenod/Trabajo_Final/Ethernet-comunication-VHDL/Ethernet-comunication-VHDL.runs/impl_1/En_Head_methodology_drc_routed.rpt.
report_methodology completed successfully
Command: report_power -file En_Head_power_routed.rpt -pb En_Head_power_summary_routed.pb -rpx En_Head_power_routed.rpx
INFO: [Power 33-23] Power model is not available for STARTUPE2_inst
WARNING: [Power 33-232] No user defined clocks were found in the design!
Resolution: Please specify clocks using create_clock/create_generated_clock for sequential elements. For pure combinatorial circuits, please specify a virtual clock, otherwise the vectorless estimation might be inaccurate
INFO: [Timing 38-35] Done setting XDC timing constraints.
Running Vector-less Activity Propagation...

Finished Running Vector-less Activity Propagation
WARNING: [Power 33-332] Found switching activity that implies high-fanout reset nets being asserted for excessive periods of time which may result in inaccurate power analysis.
Resolution: To review and fix problems, please run Power Constraints Advisor in the GUI from Tools > Power Constraints Advisor or run report_power with the -advisory option to generate a text report.
62 Infos, 39 Warnings, 10 Critical Warnings and 0 Errors encountered.
report_power completed successfully
INFO: [Timing 38-91] UpdateTimingParams: Speed grade: -2, Delay Type: min_max.
INFO: [Timing 38-191] Multithreading enabled for timing update using a maximum of 4 CPUs
WARNING: [Timing 38-313] There are no user specified timing constraints. Timing constraints are needed for proper timing analysis.
Command: write_bitstream -force En_Head.bit
Attempting to get a license for feature 'Implementation' and/or device 'xc7a100t-fgg484'
INFO: [Common 17-349] Got license for feature 'Implementation' and/or device 'xc7a100t-fgg484'
Running DRC as a precondition to command write_bitstream
Command: report_drc (run_mandatory_drcs) for: bitstream_checks
INFO: [DRC 23-27] Running DRC with 4 threads
WARNING: [DRC CFGBVS-1] Missing CFGBVS and CONFIG_VOLTAGE Design Properties: Neither the CFGBVS nor CONFIG_VOLTAGE voltage property is set in the current_design.  Configuration bank voltage select (CFGBVS) must be set to VCCO or GND, and CONFIG_VOLTAGE must be set to the correct configuration voltage, in order to determine the I/O voltage support for the pins in bank 0.  It is suggested to specify these either using the 'Edit Device Properties' function in the GUI or directly in the XDC file using the following syntax:

 set_property CFGBVS value1 [current_design]
 #where value1 is either VCCO or GND

 set_property CONFIG_VOLTAGE value2 [current_design]
 #where value2 is the voltage provided to configuration bank 0

Refer to the device configuration user guide for more information.
WARNING: [DRC CHECK-3] Report rule limit reached: REQP-1840 rule limit reached: 20 violations have been found.
WARNING: [DRC PORTPROP-2] selectio_diff_term: The port PLL_CLK_N has an invalid DIFF_TERM property value. For the target architecture, IOSTANDARD value DIFF_SSTL15 does not support on-chip input differential termination. The DIFF_TERM property value will be ignored.
WARNING: [DRC PORTPROP-2] selectio_diff_term: The port PLL_CLK_P has an invalid DIFF_TERM property value. For the target architecture, IOSTANDARD value DIFF_SSTL15 does not support on-chip input differential termination. The DIFF_TERM property value will be ignored.
WARNING: [DRC REQP-1840] RAMB18 async control check: The RAMB18E1 Ins_Flash_SPI/RAMB16_S1_S1_inst has an input control pin Ins_Flash_SPI/RAMB16_S1_S1_inst/ADDRARDADDR[0] (net: Ins_Flash_SPI/ADDRA[0]) which is driven by a register (Ins_Flash_SPI/RAM_RADDR_reg[0]) that has an active asychronous set or reset. This may cause corruption of the memory contents and/or read values when the set/reset is asserted and is not analyzed by the default static timing analysis. It is suggested to eliminate the use of a set/reset to registers driving this RAMB pin or else use a synchronous reset in which the assertion of the reset is timed by default.
WARNING: [DRC REQP-1840] RAMB18 async control check: The RAMB18E1 Ins_Flash_SPI/RAMB16_S1_S1_inst has an input control pin Ins_Flash_SPI/RAMB16_S1_S1_inst/ADDRARDADDR[10] (net: Ins_Flash_SPI/ADDRA[10]) which is driven by a register (Ins_Flash_SPI/RAM_RADDR_reg[10]) that has an active asychronous set or reset. This may cause corruption of the memory contents and/or read values when the set/reset is asserted and is not analyzed by the default static timing analysis. It is suggested to eliminate the use of a set/reset to registers driving this RAMB pin or else use a synchronous reset in which the assertion of the reset is timed by default.
WARNING: [DRC REQP-1840] RAMB18 async control check: The RAMB18E1 Ins_Flash_SPI/RAMB16_S1_S1_inst has an input control pin Ins_Flash_SPI/RAMB16_S1_S1_inst/ADDRARDADDR[11] (net: Ins_Flash_SPI/ADDRA[11]) which is driven by a register (Ins_Flash_SPI/RAM_RADDR_reg[11]) that has an active asychronous set or reset. This may cause corruption of the memory contents and/or read values when the set/reset is asserted and is not analyzed by the default static timing analysis. It is suggested to eliminate the use of a set/reset to registers driving this RAMB pin or else use a synchronous reset in which the assertion of the reset is timed by default.
WARNING: [DRC REQP-1840] RAMB18 async control check: The RAMB18E1 Ins_Flash_SPI/RAMB16_S1_S1_inst has an input control pin Ins_Flash_SPI/RAMB16_S1_S1_inst/ADDRARDADDR[12] (net: Ins_Flash_SPI/ADDRA[12]) which is driven by a register (Ins_Flash_SPI/RAM_RADDR_reg[12]) that has an active asychronous set or reset. This may cause corruption of the memory contents and/or read values when the set/reset is asserted and is not analyzed by the default static timing analysis. It is suggested to eliminate the use of a set/reset to registers driving this RAMB pin or else use a synchronous reset in which the assertion of the reset is timed by default.
WARNING: [DRC REQP-1840] RAMB18 async control check: The RAMB18E1 Ins_Flash_SPI/RAMB16_S1_S1_inst has an input control pin Ins_Flash_SPI/RAMB16_S1_S1_inst/ADDRARDADDR[13] (net: Ins_Flash_SPI/ADDRA[13]) which is driven by a register (Ins_Flash_SPI/RAM_RADDR_reg[13]) that has an active asychronous set or reset. This may cause corruption of the memory contents and/or read values when the set/reset is asserted and is not analyzed by the default static timing analysis. It is suggested to eliminate the use of a set/reset to registers driving this RAMB pin or else use a synchronous reset in which the assertion of the reset is timed by default.
WARNING: [DRC REQP-1840] RAMB18 async control check: The RAMB18E1 Ins_Flash_SPI/RAMB16_S1_S1_inst has an input control pin Ins_Flash_SPI/RAMB16_S1_S1_inst/ADDRARDADDR[1] (net: Ins_Flash_SPI/ADDRA[1]) which is driven by a register (Ins_Flash_SPI/RAM_RADDR_reg[1]) that has an active asychronous set or reset. This may cause corruption of the memory contents and/or read values when the set/reset is asserted and is not analyzed by the default static timing analysis. It is suggested to eliminate the use of a set/reset to registers driving this RAMB pin or else use a synchronous reset in which the assertion of the reset is timed by default.
WARNING: [DRC REQP-1840] RAMB18 async control check: The RAMB18E1 Ins_Flash_SPI/RAMB16_S1_S1_inst has an input control pin Ins_Flash_SPI/RAMB16_S1_S1_inst/ADDRARDADDR[2] (net: Ins_Flash_SPI/ADDRA[2]) which is driven by a register (Ins_Flash_SPI/RAM_RADDR_reg[2]) that has an active asychronous set or reset. This may cause corruption of the memory contents and/or read values when the set/reset is asserted and is not analyzed by the default static timing analysis. It is suggested to eliminate the use of a set/reset to registers driving this RAMB pin or else use a synchronous reset in which the assertion of the reset is timed by default.
WARNING: [DRC REQP-1840] RAMB18 async control check: The RAMB18E1 Ins_Flash_SPI/RAMB16_S1_S1_inst has an input control pin Ins_Flash_SPI/RAMB16_S1_S1_inst/ADDRARDADDR[3] (net: Ins_Flash_SPI/ADDRA[3]) which is driven by a register (Ins_Flash_SPI/RAM_RADDR_reg[3]) that has an active asychronous set or reset. This may cause corruption of the memory contents and/or read values when the set/reset is asserted and is not analyzed by the default static timing analysis. It is suggested to eliminate the use of a set/reset to registers driving this RAMB pin or else use a synchronous reset in which the assertion of the reset is timed by default.
WARNING: [DRC REQP-1840] RAMB18 async control check: The RAMB18E1 Ins_Flash_SPI/RAMB16_S1_S1_inst has an input control pin Ins_Flash_SPI/RAMB16_S1_S1_inst/ADDRARDADDR[4] (net: Ins_Flash_SPI/ADDRA[4]) which is driven by a register (Ins_Flash_SPI/RAM_RADDR_reg[4]) that has an active asychronous set or reset. This may cause corruption of the memory contents and/or read values when the set/reset is asserted and is not analyzed by the default static timing analysis. It is suggested to eliminate the use of a set/reset to registers driving this RAMB pin or else use a synchronous reset in which the assertion of the reset is timed by default.
WARNING: [DRC REQP-1840] RAMB18 async control check: The RAMB18E1 Ins_Flash_SPI/RAMB16_S1_S1_inst has an input control pin Ins_Flash_SPI/RAMB16_S1_S1_inst/ADDRARDADDR[5] (net: Ins_Flash_SPI/ADDRA[5]) which is driven by a register (Ins_Flash_SPI/RAM_RADDR_reg[5]) that has an active asychronous set or reset. This may cause corruption of the memory contents and/or read values when the set/reset is asserted and is not analyzed by the default static timing analysis. It is suggested to eliminate the use of a set/reset to registers driving this RAMB pin or else use a synchronous reset in which the assertion of the reset is timed by default.
WARNING: [DRC REQP-1840] RAMB18 async control check: The RAMB18E1 Ins_Flash_SPI/RAMB16_S1_S1_inst has an input control pin Ins_Flash_SPI/RAMB16_S1_S1_inst/ADDRARDADDR[6] (net: Ins_Flash_SPI/ADDRA[6]) which is driven by a register (Ins_Flash_SPI/RAM_RADDR_reg[6]) that has an active asychronous set or reset. This may cause corruption of the memory contents and/or read values when the set/reset is asserted and is not analyzed by the default static timing analysis. It is suggested to eliminate the use of a set/reset to registers driving this RAMB pin or else use a synchronous reset in which the assertion of the reset is timed by default.
WARNING: [DRC REQP-1840] RAMB18 async control check: The RAMB18E1 Ins_Flash_SPI/RAMB16_S1_S1_inst has an input control pin Ins_Flash_SPI/RAMB16_S1_S1_inst/ADDRARDADDR[7] (net: Ins_Flash_SPI/ADDRA[7]) which is driven by a register (Ins_Flash_SPI/RAM_RADDR_reg[7]) that has an active asychronous set or reset. This may cause corruption of the memory contents and/or read values when the set/reset is asserted and is not analyzed by the default static timing analysis. It is suggested to eliminate the use of a set/reset to registers driving this RAMB pin or else use a synchronous reset in which the assertion of the reset is timed by default.
WARNING: [DRC REQP-1840] RAMB18 async control check: The RAMB18E1 Ins_Flash_SPI/RAMB16_S1_S1_inst has an input control pin Ins_Flash_SPI/RAMB16_S1_S1_inst/ADDRARDADDR[8] (net: Ins_Flash_SPI/ADDRA[8]) which is driven by a register (Ins_Flash_SPI/RAM_RADDR_reg[8]) that has an active asychronous set or reset. This may cause corruption of the memory contents and/or read values when the set/reset is asserted and is not analyzed by the default static timing analysis. It is suggested to eliminate the use of a set/reset to registers driving this RAMB pin or else use a synchronous reset in which the assertion of the reset is timed by default.
WARNING: [DRC REQP-1840] RAMB18 async control check: The RAMB18E1 Ins_Flash_SPI/RAMB16_S1_S1_inst has an input control pin Ins_Flash_SPI/RAMB16_S1_S1_inst/ADDRARDADDR[9] (net: Ins_Flash_SPI/ADDRA[9]) which is driven by a register (Ins_Flash_SPI/RAM_RADDR_reg[9]) that has an active asychronous set or reset. This may cause corruption of the memory contents and/or read values when the set/reset is asserted and is not analyzed by the default static timing analysis. It is suggested to eliminate the use of a set/reset to registers driving this RAMB pin or else use a synchronous reset in which the assertion of the reset is timed by default.
WARNING: [DRC REQP-1840] RAMB18 async control check: The RAMB18E1 Ins_Flash_SPI/RAMB16_S1_S1_inst has an input control pin Ins_Flash_SPI/RAMB16_S1_S1_inst/ADDRBWRADDR[10] (net: Ins_Flash_SPI/ADDRB[10]) which is driven by a register (Ins_Flash_SPI/RAM_WADDR_reg[10]) that has an active asychronous set or reset. This may cause corruption of the memory contents and/or read values when the set/reset is asserted and is not analyzed by the default static timing analysis. It is suggested to eliminate the use of a set/reset to registers driving this RAMB pin or else use a synchronous reset in which the assertion of the reset is timed by default.
WARNING: [DRC REQP-1840] RAMB18 async control check: The RAMB18E1 Ins_Flash_SPI/RAMB16_S1_S1_inst has an input control pin Ins_Flash_SPI/RAMB16_S1_S1_inst/ADDRBWRADDR[11] (net: Ins_Flash_SPI/ADDRB[11]) which is driven by a register (Ins_Flash_SPI/RAM_WADDR_reg[11]) that has an active asychronous set or reset. This may cause corruption of the memory contents and/or read values when the set/reset is asserted and is not analyzed by the default static timing analysis. It is suggested to eliminate the use of a set/reset to registers driving this RAMB pin or else use a synchronous reset in which the assertion of the reset is timed by default.
WARNING: [DRC REQP-1840] RAMB18 async control check: The RAMB18E1 Ins_Flash_SPI/RAMB16_S1_S1_inst has an input control pin Ins_Flash_SPI/RAMB16_S1_S1_inst/ADDRBWRADDR[12] (net: Ins_Flash_SPI/ADDRB[12]) which is driven by a register (Ins_Flash_SPI/RAM_WADDR_reg[12]) that has an active asychronous set or reset. This may cause corruption of the memory contents and/or read values when the set/reset is asserted and is not analyzed by the default static timing analysis. It is suggested to eliminate the use of a set/reset to registers driving this RAMB pin or else use a synchronous reset in which the assertion of the reset is timed by default.
WARNING: [DRC REQP-1840] RAMB18 async control check: The RAMB18E1 Ins_Flash_SPI/RAMB16_S1_S1_inst has an input control pin Ins_Flash_SPI/RAMB16_S1_S1_inst/ADDRBWRADDR[13] (net: Ins_Flash_SPI/ADDRB[13]) which is driven by a register (Ins_Flash_SPI/RAM_WADDR_reg[13]) that has an active asychronous set or reset. This may cause corruption of the memory contents and/or read values when the set/reset is asserted and is not analyzed by the default static timing analysis. It is suggested to eliminate the use of a set/reset to registers driving this RAMB pin or else use a synchronous reset in which the assertion of the reset is timed by default.
WARNING: [DRC REQP-1840] RAMB18 async control check: The RAMB18E1 Ins_Flash_SPI/RAMB16_S1_S1_inst has an input control pin Ins_Flash_SPI/RAMB16_S1_S1_inst/ADDRBWRADDR[8] (net: Ins_Flash_SPI/ADDRB[8]) which is driven by a register (Ins_Flash_SPI/RAM_WADDR_reg[8]) that has an active asychronous set or reset. This may cause corruption of the memory contents and/or read values when the set/reset is asserted and is not analyzed by the default static timing analysis. It is suggested to eliminate the use of a set/reset to registers driving this RAMB pin or else use a synchronous reset in which the assertion of the reset is timed by default.
WARNING: [DRC REQP-1840] RAMB18 async control check: The RAMB18E1 Ins_Flash_SPI/RAMB16_S1_S1_inst has an input control pin Ins_Flash_SPI/RAMB16_S1_S1_inst/ADDRBWRADDR[9] (net: Ins_Flash_SPI/ADDRB[9]) which is driven by a register (Ins_Flash_SPI/RAM_WADDR_reg[9]) that has an active asychronous set or reset. This may cause corruption of the memory contents and/or read values when the set/reset is asserted and is not analyzed by the default static timing analysis. It is suggested to eliminate the use of a set/reset to registers driving this RAMB pin or else use a synchronous reset in which the assertion of the reset is timed by default.
WARNING: [DRC RPBF-3] IO port buffering is incomplete: Device port ETH_MDIO expects both input and output buffering but the buffers are incomplete.
WARNING: [DRC RPBF-3] IO port buffering is incomplete: Device port MDIO expects both input and output buffering but the buffers are incomplete.
report_drc (run_mandatory_drcs) completed successfully
INFO: [Vivado 12-3199] DRC finished with 0 Errors, 26 Warnings
INFO: [Vivado 12-3200] Please refer to the DRC report (report_drc) for more information.
INFO: [Project 1-821] Please set project.enableDesignId to be 'true'.
INFO: [Designutils 20-2272] Running write_bitstream with 4 threads.
Loading data files...
Loading site data...
Loading route data...
Processing options...
Creating bitmap...
Creating bitstream...
Bitstream compression saved 24257888 bits.
Writing bitstream ./En_Head.bit...
INFO: [Vivado 12-1842] Bitgen Completed Successfully.
INFO: [Project 1-120] WebTalk data collection is mandatory when using a WebPACK part without a full Vivado license. To see the specific WebTalk data collected for your design, open the usage_statistics_webtalk.html or usage_statistics_webtalk.xml file in the implementation directory.
72 Infos, 66 Warnings, 10 Critical Warnings and 0 Errors encountered.
write_bitstream completed successfully
write_bitstream: Time (s): cpu = 00:00:11 ; elapsed = 00:00:09 . Memory (MB): peak = 2444.695 ; gain = 291.809 ; free physical = 491 ; free virtual = 11801
INFO: [Common 17-206] Exiting Vivado at Tue Dec 12 09:15:42 2017...
