
*** Running vivado
    with args -log Arial16x16.vds -m64 -product Vivado -mode batch -messageDb vivado.pb -notrace -source Arial16x16.tcl


****** Vivado v2017.2 (64-bit)
  **** SW Build 1909853 on Thu Jun 15 18:39:10 MDT 2017
  **** IP Build 1909766 on Thu Jun 15 19:58:00 MDT 2017
    ** Copyright 1986-2017 Xilinx, Inc. All Rights Reserved.

source Arial16x16.tcl -notrace
Starting RTL Elaboration : Time (s): cpu = 00:00:03 ; elapsed = 00:00:03 . Memory (MB): peak = 1148.832 ; gain = 49.996 ; free physical = 1134 ; free virtual = 14026
INFO: [Synth 8-638] synthesizing module 'Arial16x16' [/home/farbizu/GIT/Carcasa_Artix/Carcasa.srcs/sources_1/ip/Arial16x16/synth/Arial16x16.vhd:66]
INFO: [Synth 8-256] done synthesizing module 'Arial16x16' (4#1) [/home/farbizu/GIT/Carcasa_Artix/Carcasa.srcs/sources_1/ip/Arial16x16/synth/Arial16x16.vhd:66]
Finished RTL Elaboration : Time (s): cpu = 00:00:11 ; elapsed = 00:00:11 . Memory (MB): peak = 1338.613 ; gain = 239.777 ; free physical = 1076 ; free virtual = 13969
Finished RTL Optimization Phase 1 : Time (s): cpu = 00:00:11 ; elapsed = 00:00:11 . Memory (MB): peak = 1338.613 ; gain = 239.777 ; free physical = 1079 ; free virtual = 13971
INFO: [Device 21-403] Loading part xa7a100tfgg484-2I
Constraint Validation Runtime : Time (s): cpu = 00:00:00.01 ; elapsed = 00:00:00.01 . Memory (MB): peak = 1454.004 ; gain = 0.000 ; free physical = 874 ; free virtual = 13767
Finished Constraint Validation : Time (s): cpu = 00:00:18 ; elapsed = 00:00:18 . Memory (MB): peak = 1454.004 ; gain = 355.168 ; free physical = 947 ; free virtual = 13840
Finished Loading Part and Timing Information : Time (s): cpu = 00:00:18 ; elapsed = 00:00:18 . Memory (MB): peak = 1454.004 ; gain = 355.168 ; free physical = 947 ; free virtual = 13840
Finished applying 'set_property' XDC Constraints : Time (s): cpu = 00:00:18 ; elapsed = 00:00:18 . Memory (MB): peak = 1454.004 ; gain = 355.168 ; free physical = 949 ; free virtual = 13841
Finished RTL Optimization Phase 2 : Time (s): cpu = 00:00:18 ; elapsed = 00:00:18 . Memory (MB): peak = 1462.012 ; gain = 363.176 ; free physical = 948 ; free virtual = 13841
Finished Cross Boundary and Area Optimization : Time (s): cpu = 00:00:19 ; elapsed = 00:00:19 . Memory (MB): peak = 1486.035 ; gain = 387.199 ; free physical = 918 ; free virtual = 13811
---------------------------------------------------------------------------------
Start ROM, RAM, DSP and Shift Register Reporting
---------------------------------------------------------------------------------

ROM:
+------------+------------+---------------+----------------+
|Module Name | RTL Object | Depth x Width | Implemented As | 
+------------+------------+---------------+----------------+
|rom         | rom[127]   | 128x128       | LUT            | 
+------------+------------+---------------+----------------+

---------------------------------------------------------------------------------
Finished ROM, RAM, DSP and Shift Register Reporting
---------------------------------------------------------------------------------
Finished Applying XDC Timing Constraints : Time (s): cpu = 00:00:24 ; elapsed = 00:00:24 . Memory (MB): peak = 1519.035 ; gain = 420.199 ; free physical = 793 ; free virtual = 13685
Finished Timing Optimization : Time (s): cpu = 00:00:24 ; elapsed = 00:00:24 . Memory (MB): peak = 1519.035 ; gain = 420.199 ; free physical = 793 ; free virtual = 13685
Finished Technology Mapping : Time (s): cpu = 00:00:24 ; elapsed = 00:00:24 . Memory (MB): peak = 1528.051 ; gain = 429.215 ; free physical = 792 ; free virtual = 13684
Finished IO Insertion : Time (s): cpu = 00:00:24 ; elapsed = 00:00:25 . Memory (MB): peak = 1528.051 ; gain = 429.215 ; free physical = 792 ; free virtual = 13684
Finished Renaming Generated Instances : Time (s): cpu = 00:00:24 ; elapsed = 00:00:25 . Memory (MB): peak = 1528.051 ; gain = 429.215 ; free physical = 792 ; free virtual = 13684
Finished Rebuilding User Hierarchy : Time (s): cpu = 00:00:24 ; elapsed = 00:00:25 . Memory (MB): peak = 1528.051 ; gain = 429.215 ; free physical = 792 ; free virtual = 13684
Finished Renaming Generated Ports : Time (s): cpu = 00:00:24 ; elapsed = 00:00:25 . Memory (MB): peak = 1528.051 ; gain = 429.215 ; free physical = 792 ; free virtual = 13684
Finished Handling Custom Attributes : Time (s): cpu = 00:00:24 ; elapsed = 00:00:25 . Memory (MB): peak = 1528.051 ; gain = 429.215 ; free physical = 792 ; free virtual = 13684
Finished Renaming Generated Nets : Time (s): cpu = 00:00:24 ; elapsed = 00:00:25 . Memory (MB): peak = 1528.051 ; gain = 429.215 ; free physical = 792 ; free virtual = 13684

Report Cell Usage: 
+------+------+------+
|      |Cell  |Count |
+------+------+------+
|1     |LUT2  |    15|
|2     |LUT3  |    25|
|3     |LUT6  |   185|
|4     |MUXF7 |    71|
+------+------+------+
Finished Writing Synthesis Report : Time (s): cpu = 00:00:24 ; elapsed = 00:00:25 . Memory (MB): peak = 1528.051 ; gain = 429.215 ; free physical = 792 ; free virtual = 13684
synth_design: Time (s): cpu = 00:00:25 ; elapsed = 00:00:25 . Memory (MB): peak = 1536.051 ; gain = 449.801 ; free physical = 821 ; free virtual = 13713
