
*** Running vivado
    with args -log Dplus.vds -m64 -product Vivado -mode batch -messageDb vivado.pb -notrace -source Dplus.tcl


****** Vivado v2017.3 (64-bit)
  **** SW Build 2018833 on Wed Oct  4 19:58:07 MDT 2017
  **** IP Build 2016188 on Wed Oct  4 21:52:56 MDT 2017
    ** Copyright 1986-2017 Xilinx, Inc. All Rights Reserved.

source Dplus.tcl -notrace
Starting RTL Elaboration : Time (s): cpu = 00:00:06 ; elapsed = 00:00:06 . Memory (MB): peak = 1252.312 ; gain = 77.996 ; free physical = 477 ; free virtual = 11396
INFO: [Synth 8-638] synthesizing module 'Dplus' [/home/farbizu/Trabajo_Final/System_8b10b/System_8b10b.srcs/sources_1/ip/Dplus/synth/Dplus.vhd:66]
INFO: [Synth 8-256] done synthesizing module 'Dplus' (4#1) [/home/farbizu/Trabajo_Final/System_8b10b/System_8b10b.srcs/sources_1/ip/Dplus/synth/Dplus.vhd:66]
Finished RTL Elaboration : Time (s): cpu = 00:00:07 ; elapsed = 00:00:07 . Memory (MB): peak = 1295.844 ; gain = 121.527 ; free physical = 492 ; free virtual = 11411
Finished RTL Optimization Phase 1 : Time (s): cpu = 00:00:07 ; elapsed = 00:00:07 . Memory (MB): peak = 1295.844 ; gain = 121.527 ; free physical = 491 ; free virtual = 11410
INFO: [Device 21-403] Loading part xc7a100tfgg484-2
Constraint Validation Runtime : Time (s): cpu = 00:00:00 ; elapsed = 00:00:00.01 . Memory (MB): peak = 1549.680 ; gain = 0.000 ; free physical = 236 ; free virtual = 11155
Finished Constraint Validation : Time (s): cpu = 00:00:18 ; elapsed = 00:00:27 . Memory (MB): peak = 1549.680 ; gain = 375.363 ; free physical = 309 ; free virtual = 11229
Finished Loading Part and Timing Information : Time (s): cpu = 00:00:18 ; elapsed = 00:00:27 . Memory (MB): peak = 1549.680 ; gain = 375.363 ; free physical = 309 ; free virtual = 11229
Finished applying 'set_property' XDC Constraints : Time (s): cpu = 00:00:18 ; elapsed = 00:00:27 . Memory (MB): peak = 1549.680 ; gain = 375.363 ; free physical = 310 ; free virtual = 11231
Finished RTL Optimization Phase 2 : Time (s): cpu = 00:00:18 ; elapsed = 00:00:27 . Memory (MB): peak = 1549.680 ; gain = 375.363 ; free physical = 310 ; free virtual = 11230
Finished Cross Boundary and Area Optimization : Time (s): cpu = 00:00:18 ; elapsed = 00:00:27 . Memory (MB): peak = 1557.688 ; gain = 383.371 ; free physical = 301 ; free virtual = 11222
---------------------------------------------------------------------------------
Start ROM, RAM, DSP and Shift Register Reporting
---------------------------------------------------------------------------------

ROM:
+------------+------------+---------------+----------------+
|Module Name | RTL Object | Depth x Width | Implemented As | 
+------------+------------+---------------+----------------+
|rom         | rom[15]    | 16x4          | LUT            | 
+------------+------------+---------------+----------------+

---------------------------------------------------------------------------------
Finished ROM, RAM, DSP and Shift Register Reporting
---------------------------------------------------------------------------------
Finished Applying XDC Timing Constraints : Time (s): cpu = 00:00:22 ; elapsed = 00:00:33 . Memory (MB): peak = 1591.688 ; gain = 417.371 ; free physical = 159 ; free virtual = 11095
Finished Timing Optimization : Time (s): cpu = 00:00:22 ; elapsed = 00:00:33 . Memory (MB): peak = 1591.688 ; gain = 417.371 ; free physical = 159 ; free virtual = 11095
Finished Technology Mapping : Time (s): cpu = 00:00:22 ; elapsed = 00:00:33 . Memory (MB): peak = 1600.703 ; gain = 426.387 ; free physical = 158 ; free virtual = 11094
Finished IO Insertion : Time (s): cpu = 00:00:23 ; elapsed = 00:00:34 . Memory (MB): peak = 1600.703 ; gain = 426.387 ; free physical = 166 ; free virtual = 11094
Finished Renaming Generated Instances : Time (s): cpu = 00:00:23 ; elapsed = 00:00:34 . Memory (MB): peak = 1600.703 ; gain = 426.387 ; free physical = 166 ; free virtual = 11094
Finished Rebuilding User Hierarchy : Time (s): cpu = 00:00:23 ; elapsed = 00:00:34 . Memory (MB): peak = 1600.703 ; gain = 426.387 ; free physical = 166 ; free virtual = 11094
Finished Renaming Generated Ports : Time (s): cpu = 00:00:23 ; elapsed = 00:00:34 . Memory (MB): peak = 1600.703 ; gain = 426.387 ; free physical = 166 ; free virtual = 11094
Finished Handling Custom Attributes : Time (s): cpu = 00:00:23 ; elapsed = 00:00:34 . Memory (MB): peak = 1600.703 ; gain = 426.387 ; free physical = 166 ; free virtual = 11094
Finished Renaming Generated Nets : Time (s): cpu = 00:00:23 ; elapsed = 00:00:34 . Memory (MB): peak = 1600.703 ; gain = 426.387 ; free physical = 166 ; free virtual = 11094

Report Cell Usage: 
+------+-----+------+
|      |Cell |Count |
+------+-----+------+
|1     |LUT3 |     1|
|2     |LUT4 |     3|
+------+-----+------+
Finished Writing Synthesis Report : Time (s): cpu = 00:00:23 ; elapsed = 00:00:34 . Memory (MB): peak = 1600.703 ; gain = 426.387 ; free physical = 166 ; free virtual = 11094
synth_design: Time (s): cpu = 00:00:24 ; elapsed = 00:00:35 . Memory (MB): peak = 1608.703 ; gain = 447.762 ; free physical = 206 ; free virtual = 11134
