ISim log file
Running: /home/fede/GIT/Jaquenod/Trabajo_Final/System_8b10b/LVDS_ISE/Head_TB_isim_beh.exe -intstyle ise -gui -tclbatch isim.cmd -wdb /home/fede/GIT/Jaquenod/Trabajo_Final/System_8b10b/LVDS_ISE/Head_TB_isim_beh.wdb 
ISim P.20131013 (signature 0xfbc00daa)
This is a Full version of ISim.
Time resolution is 1 ps
# onerror resume
# wave add /
# run 100000000 ns
Simulator is doing circuit initialization process.
at 0 ps, Instance /head_tb/ : Warning: NUMERIC_STD."/=": metavalue detected, returning TRUE
at 0 ps, Instance /head_tb/Ins_Head/Ins_LVDS_TX/Ins_Cod_Menos/Ins_DCh/U0/ : Warning: This core is supplied with a behavioral model. To model cycle-accurate behavior you must run timing simulation.
at 0 ps, Instance /head_tb/Ins_Head/Ins_LVDS_TX/Ins_Cod_Menos/Ins_Dplus/U0/ : Warning: This core is supplied with a behavioral model. To model cycle-accurate behavior you must run timing simulation.
at 0 ps, Instance /head_tb/Ins_Head/Ins_LVDS_TX/Ins_Cod_Menos/Ins_KCh/U0/ : Warning: This core is supplied with a behavioral model. To model cycle-accurate behavior you must run timing simulation.
at 0 ps, Instance /head_tb/Ins_Head/Ins_LVDS_TX/Ins_Cod_Menos/Ins_Kplus/U0/ : Warning: This core is supplied with a behavioral model. To model cycle-accurate behavior you must run timing simulation.
at 0 ps, Instance /head_tb/Ins_Head/Ins_LVDS_TX/Ins_Cod_Mas/Ins_DCh/U0/ : Warning: This core is supplied with a behavioral model. To model cycle-accurate behavior you must run timing simulation.
at 0 ps, Instance /head_tb/Ins_Head/Ins_LVDS_TX/Ins_Cod_Mas/Ins_Dplus/U0/ : Warning: This core is supplied with a behavioral model. To model cycle-accurate behavior you must run timing simulation.
at 0 ps, Instance /head_tb/Ins_Head/Ins_LVDS_TX/Ins_Cod_Mas/Ins_KCh/U0/ : Warning: This core is supplied with a behavioral model. To model cycle-accurate behavior you must run timing simulation.
at 0 ps, Instance /head_tb/Ins_Head/Ins_LVDS_TX/Ins_Cod_Mas/Ins_Kplus/U0/ : Warning: This core is supplied with a behavioral model. To model cycle-accurate behavior you must run timing simulation.
at 0 ps, Instance /head_tb/Ins_Head/Ins_LVDS_RX/Ins_Dec/Ins_DCh/U0/ : Warning: This core is supplied with a behavioral model. To model cycle-accurate behavior you must run timing simulation.
at 0 ps, Instance /head_tb/Ins_Head/Ins_LVDS_RX/Ins_Dec/Ins_Dplus/U0/ : Warning: This core is supplied with a behavioral model. To model cycle-accurate behavior you must run timing simulation.
at 0 ps, Instance /head_tb/Ins_Head/Ins_LVDS_RX/Ins_Dec/Ins_Kplus/U0/ : Warning: This core is supplied with a behavioral model. To model cycle-accurate behavior you must run timing simulation.
Finished circuit initialization process.
at 0 ps, Instance /head_tb/Ins_Head/Ins_LVDS_TX/Ins_Cod_Menos/Ins_DCh/U0/ : Warning: NUMERIC_STD.TO_INTEGER: metavalue detected, returning 0
at 0 ps, Instance /head_tb/Ins_Head/Ins_LVDS_TX/Ins_Cod_Menos/Ins_Dplus/U0/ : Warning: NUMERIC_STD.TO_INTEGER: metavalue detected, returning 0
at 0 ps, Instance /head_tb/Ins_Head/Ins_LVDS_TX/Ins_Cod_Menos/Ins_KCh/U0/ : Warning: NUMERIC_STD.TO_INTEGER: metavalue detected, returning 0
at 0 ps, Instance /head_tb/Ins_Head/Ins_LVDS_TX/Ins_Cod_Menos/Ins_Kplus/U0/ : Warning: NUMERIC_STD.TO_INTEGER: metavalue detected, returning 0
at 0 ps, Instance /head_tb/Ins_Head/Ins_LVDS_TX/Ins_Cod_Mas/Ins_DCh/U0/ : Warning: NUMERIC_STD.TO_INTEGER: metavalue detected, returning 0
at 0 ps, Instance /head_tb/Ins_Head/Ins_LVDS_TX/Ins_Cod_Mas/Ins_Dplus/U0/ : Warning: NUMERIC_STD.TO_INTEGER: metavalue detected, returning 0
at 0 ps, Instance /head_tb/Ins_Head/Ins_LVDS_TX/Ins_Cod_Mas/Ins_KCh/U0/ : Warning: NUMERIC_STD.TO_INTEGER: metavalue detected, returning 0
at 0 ps, Instance /head_tb/Ins_Head/Ins_LVDS_TX/Ins_Cod_Mas/Ins_Kplus/U0/ : Warning: NUMERIC_STD.TO_INTEGER: metavalue detected, returning 0
at 0 ps, Instance /head_tb/Ins_Head/Ins_LVDS_RX/Ins_Dec/Ins_DCh/U0/ : Warning: NUMERIC_STD.TO_INTEGER: metavalue detected, returning 0
at 0 ps, Instance /head_tb/Ins_Head/Ins_LVDS_RX/Ins_Dec/Ins_Dplus/U0/ : Warning: NUMERIC_STD.TO_INTEGER: metavalue detected, returning 0
at 0 ps, Instance /head_tb/Ins_Head/Ins_LVDS_RX/Ins_Dec/Ins_Kplus/U0/ : Warning: NUMERIC_STD.TO_INTEGER: metavalue detected, returning 0
at 0 ps, Instance /head_tb/Ins_Head/Ins_LVDS_TX/Ins_Cod_Menos/Ins_Dplus/U0/ : Warning: NUMERIC_STD.TO_INTEGER: metavalue detected, returning 0
at 0 ps, Instance /head_tb/Ins_Head/Ins_LVDS_TX/Ins_Cod_Menos/Ins_Kplus/U0/ : Warning: NUMERIC_STD.TO_INTEGER: metavalue detected, returning 0
at 0 ps, Instance /head_tb/Ins_Head/Ins_LVDS_TX/Ins_Cod_Mas/Ins_Dplus/U0/ : Warning: NUMERIC_STD.TO_INTEGER: metavalue detected, returning 0
at 0 ps, Instance /head_tb/Ins_Head/Ins_LVDS_TX/Ins_Cod_Mas/Ins_Kplus/U0/ : Warning: NUMERIC_STD.TO_INTEGER: metavalue detected, returning 0
at 23 ps(5), Instance /head_tb/Ins_Head/Ins_LVDS_RX/Ins_Dec/Ins_Dplus/U0/ : Warning: NUMERIC_STD.TO_INTEGER: metavalue detected, returning 0
at 23 ps(5), Instance /head_tb/Ins_Head/Ins_LVDS_RX/Ins_Dec/Ins_Kplus/U0/ : Warning: NUMERIC_STD.TO_INTEGER: metavalue detected, returning 0
at 25 ps(5), Instance /head_tb/Ins_Head/Ins_LVDS_RX/Ins_Dec/Ins_Dplus/U0/ : Warning: NUMERIC_STD.TO_INTEGER: metavalue detected, returning 0
at 25 ps(5), Instance /head_tb/Ins_Head/Ins_LVDS_RX/Ins_Dec/Ins_Kplus/U0/ : Warning: NUMERIC_STD.TO_INTEGER: metavalue detected, returning 0
at 27 ps(5), Instance /head_tb/Ins_Head/Ins_LVDS_RX/Ins_Dec/Ins_Dplus/U0/ : Warning: NUMERIC_STD.TO_INTEGER: metavalue detected, returning 0
at 27 ps(5), Instance /head_tb/Ins_Head/Ins_LVDS_RX/Ins_Dec/Ins_Kplus/U0/ : Warning: NUMERIC_STD.TO_INTEGER: metavalue detected, returning 0
at 31 ps(4), Instance /head_tb/Ins_Head/Ins_LVDS_RX/Ins_Dec/Ins_DCh/U0/ : Warning: NUMERIC_STD.TO_INTEGER: metavalue detected, returning 0
at 33 ps(4), Instance /head_tb/Ins_Head/Ins_LVDS_RX/Ins_Dec/Ins_DCh/U0/ : Warning: NUMERIC_STD.TO_INTEGER: metavalue detected, returning 0
at 35 ps(4), Instance /head_tb/Ins_Head/Ins_LVDS_RX/Ins_Dec/Ins_DCh/U0/ : Warning: NUMERIC_STD.TO_INTEGER: metavalue detected, returning 0
at 37 ps(4), Instance /head_tb/Ins_Head/Ins_LVDS_RX/Ins_Dec/Ins_DCh/U0/ : Warning: NUMERIC_STD.TO_INTEGER: metavalue detected, returning 0
at 39 ps(4), Instance /head_tb/Ins_Head/Ins_LVDS_RX/Ins_Dec/Ins_DCh/U0/ : Warning: NUMERIC_STD.TO_INTEGER: metavalue detected, returning 0
Stopped at time : 766061034 ps : File "/home/fede/GIT/Jaquenod/Trabajo_Final/System_8b10b/LVDS_ISE/Sources/Head_TB.vhd" Line 50
# exit 0
