ISim log file
Running: /home/fede/Documents/Jaquenod/GIT/Modulo3/Guia3/ISE/Actividad 3_2/Sistema_Coherente/TB_Receptor_isim_beh.exe -intstyle ise -gui -tclbatch isim.cmd -wdb /home/fede/Documents/Jaquenod/GIT/Modulo3/Guia3/ISE/Actividad 3_2/Sistema_Coherente/TB_Receptor_isim_beh.wdb 
ISim P.20131013 (signature 0xfbc00daa)
This is a Full version of ISim.
Time resolution is 1 ps
# onerror resume
# wave add /
# run 1000000 ns
Simulator is doing circuit initialization process.
at 0 ps, Instance /tb_receptor/uut/ : Warning: NUMERIC_STD.">": metavalue detected, returning FALSE
at 0 ps, Instance /tb_receptor/uut/ : Warning: NUMERIC_STD.">": metavalue detected, returning FALSE
Finished circuit initialization process.
ISim P.20131013 (signature 0xfbc00daa)
This is a Full version of ISim.
# run 1000000 ns
Simulator is doing circuit initialization process.
at 0 ps, Instance /tb_receptor/uut/ : Warning: NUMERIC_STD.">": metavalue detected, returning FALSE
at 0 ps, Instance /tb_receptor/uut/ : Warning: NUMERIC_STD.">": metavalue detected, returning FALSE
Finished circuit initialization process.
ISim P.20131013 (signature 0xfbc00daa)
This is a Full version of ISim.
# run 1000000 ns
Simulator is doing circuit initialization process.
at 0 ps, Instance /tb_receptor/uut/ : Warning: NUMERIC_STD.">": metavalue detected, returning FALSE
at 0 ps, Instance /tb_receptor/uut/ : Warning: NUMERIC_STD.">": metavalue detected, returning FALSE
Finished circuit initialization process.
ISim P.20131013 (signature 0xfbc00daa)
This is a Full version of ISim.
# run 1000000 ns
Simulator is doing circuit initialization process.
at 0 ps, Instance /tb_receptor/uut/ : Warning: NUMERIC_STD.">": metavalue detected, returning FALSE
at 0 ps, Instance /tb_receptor/uut/ : Warning: NUMERIC_STD.">": metavalue detected, returning FALSE
Finished circuit initialization process.
ISim P.20131013 (signature 0xfbc00daa)
This is a Full version of ISim.
# run 1000000 ns
Simulator is doing circuit initialization process.
at 0 ps, Instance /tb_receptor/uut/ : Warning: NUMERIC_STD.">": metavalue detected, returning FALSE
at 0 ps, Instance /tb_receptor/uut/ : Warning: NUMERIC_STD.">": metavalue detected, returning FALSE
Finished circuit initialization process.
ISim P.20131013 (signature 0xfbc00daa)
This is a Full version of ISim.
# run 1000000 ns
Simulator is doing circuit initialization process.
at 0 ps, Instance /tb_receptor/uut/ : Warning: NUMERIC_STD."<": metavalue detected, returning FALSE
at 0 ps, Instance /tb_receptor/uut/ : Warning: NUMERIC_STD."<": metavalue detected, returning FALSE
Finished circuit initialization process.
ISim P.20131013 (signature 0xfbc00daa)
This is a Full version of ISim.
# run 1000000 ns
Simulator is doing circuit initialization process.
at 0 ps, Instance /tb_receptor/uut/ : Warning: NUMERIC_STD.">": metavalue detected, returning FALSE
at 0 ps, Instance /tb_receptor/uut/ : Warning: NUMERIC_STD.">": metavalue detected, returning FALSE
Finished circuit initialization process.
ISim P.20131013 (signature 0xfbc00daa)
This is a Full version of ISim.
# run 1000000 ns
Simulator is doing circuit initialization process.
at 0 ps, Instance /tb_receptor/uut/ : Warning: NUMERIC_STD.">": metavalue detected, returning FALSE
at 0 ps, Instance /tb_receptor/uut/ : Warning: NUMERIC_STD.">": metavalue detected, returning FALSE
Finished circuit initialization process.
ISim P.20131013 (signature 0xfbc00daa)
This is a Full version of ISim.
# run 1000000 ns
Simulator is doing circuit initialization process.
at 0 ps, Instance /tb_receptor/uut/ : Warning: NUMERIC_STD.">": metavalue detected, returning FALSE
at 0 ps, Instance /tb_receptor/uut/ : Warning: NUMERIC_STD.">": metavalue detected, returning FALSE
Finished circuit initialization process.
ISim P.20131013 (signature 0xfbc00daa)
This is a Full version of ISim.
# run 1000000 ns
Simulator is doing circuit initialization process.
at 0 ps, Instance /tb_receptor/uut/ : Warning: NUMERIC_STD.">": metavalue detected, returning FALSE
at 0 ps, Instance /tb_receptor/uut/ : Warning: NUMERIC_STD.">": metavalue detected, returning FALSE
Finished circuit initialization process.
ISim P.20131013 (signature 0xfbc00daa)
This is a Full version of ISim.
# run 1000000 ns
Simulator is doing circuit initialization process.
at 0 ps, Instance /tb_receptor/uut/ : Warning: NUMERIC_STD.">": metavalue detected, returning FALSE
at 0 ps, Instance /tb_receptor/uut/ : Warning: NUMERIC_STD.">": metavalue detected, returning FALSE
Finished circuit initialization process.
ISim P.20131013 (signature 0xfbc00daa)
This is a Full version of ISim.
# run 1000000 ns
Simulator is doing circuit initialization process.
at 0 ps, Instance /tb_receptor/uut/ : Warning: NUMERIC_STD.">": metavalue detected, returning FALSE
at 0 ps, Instance /tb_receptor/uut/ : Warning: NUMERIC_STD.">": metavalue detected, returning FALSE
Finished circuit initialization process.
ISim P.20131013 (signature 0xfbc00daa)
This is a Full version of ISim.
# run 1000000 ns
Simulator is doing circuit initialization process.
at 0 ps, Instance /tb_receptor/uut/ : Warning: NUMERIC_STD.">": metavalue detected, returning FALSE
at 0 ps, Instance /tb_receptor/uut/ : Warning: NUMERIC_STD.">": metavalue detected, returning FALSE
Finished circuit initialization process.
# run all
Stopped at time : 49675584852 ps : File "/home/fede/Documents/Jaquenod/GIT/Modulo3/Guia3/ISE/Actividad 3_2/Sistema_Coherente/Sources/TB_Receptor.vhd" Line 66
ISim P.20131013 (signature 0xfbc00daa)
This is a Full version of ISim.
# run 1000000 ns
Simulator is doing circuit initialization process.
at 0 ps, Instance /tb_receptor/uut/ : Warning: NUMERIC_STD.">": metavalue detected, returning FALSE
at 0 ps, Instance /tb_receptor/uut/ : Warning: NUMERIC_STD.">": metavalue detected, returning FALSE
Finished circuit initialization process.
ISim P.20131013 (signature 0xfbc00daa)
This is a Full version of ISim.
# run 1000000 ns
Simulator is doing circuit initialization process.
at 0 ps, Instance /tb_receptor/uut/ : Warning: NUMERIC_STD.">": metavalue detected, returning FALSE
at 0 ps, Instance /tb_receptor/uut/ : Warning: NUMERIC_STD.">": metavalue detected, returning FALSE
Finished circuit initialization process.
# exit 0
