Release 14.7 - xst P.20131013 (lin64)
Copyright (c) 1995-2013 Xilinx, Inc.  All rights reserved.
--> 
Parameter TMPDIR set to xst/projnav.tmp


Total REAL time to Xst completion: 0.00 secs
Total CPU time to Xst completion: 0.05 secs
 
--> 
Parameter xsthdpdir set to xst


Total REAL time to Xst completion: 0.00 secs
Total CPU time to Xst completion: 0.05 secs
 
--> 
Reading design: En_Codificador.prj

TABLE OF CONTENTS
  1) Synthesis Options Summary
  2) HDL Parsing
  3) HDL Elaboration
  4) HDL Synthesis
       4.1) HDL Synthesis Report
  5) Advanced HDL Synthesis
       5.1) Advanced HDL Synthesis Report
  6) Low Level Synthesis
  7) Partition Report
  8) Design Summary
       8.1) Primitive and Black Box Usage
       8.2) Device utilization summary
       8.3) Partition Resource Summary
       8.4) Timing Report
            8.4.1) Clock Information
            8.4.2) Asynchronous Control Signals Information
            8.4.3) Timing Summary
            8.4.4) Timing Details
            8.4.5) Cross Clock Domains Report


=========================================================================
*                      Synthesis Options Summary                        *
=========================================================================
---- Source Parameters
Input File Name                    : "En_Codificador.prj"
Ignore Synthesis Constraint File   : NO

---- Target Parameters
Output File Name                   : "En_Codificador"
Output Format                      : NGC
Target Device                      : xc7a100t-2-fgg484

---- Source Options
Top Module Name                    : En_Codificador
Automatic FSM Extraction           : YES
FSM Encoding Algorithm             : Auto
Safe Implementation                : No
FSM Style                          : LUT
RAM Extraction                     : Yes
RAM Style                          : Auto
ROM Extraction                     : Yes
Shift Register Extraction          : YES
ROM Style                          : Auto
Resource Sharing                   : YES
Asynchronous To Synchronous        : NO
Shift Register Minimum Size        : 2
Use DSP Block                      : Auto
Automatic Register Balancing       : No

---- Target Options
LUT Combining                      : Auto
Reduce Control Sets                : Auto
Add IO Buffers                     : YES
Global Maximum Fanout              : 100000
Add Generic Clock Buffer(BUFG)     : 32
Register Duplication               : YES
Optimize Instantiated Primitives   : NO
Use Clock Enable                   : Auto
Use Synchronous Set                : Auto
Use Synchronous Reset              : Auto
Pack IO Registers into IOBs        : Auto
Equivalent register Removal        : YES

---- General Options
Optimization Goal                  : Speed
Optimization Effort                : 1
Power Reduction                    : NO
Keep Hierarchy                     : No
Netlist Hierarchy                  : As_Optimized
RTL Output                         : Yes
Global Optimization                : AllClockNets
Read Cores                         : YES
Write Timing Constraints           : NO
Cross Clock Analysis               : NO
Hierarchy Separator                : /
Bus Delimiter                      : <>
Case Specifier                     : Maintain
Slice Utilization Ratio            : 100
BRAM Utilization Ratio             : 100
DSP48 Utilization Ratio            : 100
Auto BRAM Packing                  : NO
Slice Utilization Ratio Delta      : 5

=========================================================================


=========================================================================
*                          HDL Parsing                                  *
=========================================================================
Parsing VHDL file "/home/fede/GIT/Jaquenod/Modulo11/Guia/ISE/Actividad_11_1_1/Manchester/Codificador/Sources/Codificador.vhd" into library work
Parsing entity <En_Codificador>.
Parsing architecture <Arq_Codificador> of entity <en_codificador>.

=========================================================================
*                            HDL Elaboration                            *
=========================================================================

Elaborating entity <En_Codificador> (architecture <Arq_Codificador>) from library <work>.

=========================================================================
*                           HDL Synthesis                               *
=========================================================================

Synthesizing Unit <En_Codificador>.
    Related source file is "/home/fede/GIT/Jaquenod/Modulo11/Guia/ISE/Actividad_11_1_1/Manchester/Codificador/Sources/Codificador.vhd".
    Found 1-bit register for signal <Flanco>.
    Found 1-bit register for signal <Data_Out>.
    Summary:
	inferred   2 D-type flip-flop(s).
	inferred   1 Multiplexer(s).
Unit <En_Codificador> synthesized.

=========================================================================
HDL Synthesis Report

Macro Statistics
# Registers                                            : 2
 1-bit register                                        : 2
# Multiplexers                                         : 1
 1-bit 2-to-1 multiplexer                              : 1

=========================================================================

=========================================================================
*                       Advanced HDL Synthesis                          *
=========================================================================


=========================================================================
Advanced HDL Synthesis Report

Macro Statistics
# Registers                                            : 2
 Flip-Flops                                            : 2

=========================================================================

=========================================================================
*                         Low Level Synthesis                           *
=========================================================================

Optimizing unit <En_Codificador> ...

Mapping all equations...
Building and optimizing final netlist ...
Found area constraint ratio of 100 (+ 5) on block En_Codificador, actual ratio is 0.

Final Macro Processing ...

=========================================================================
Final Register Report

Macro Statistics
# Registers                                            : 2
 Flip-Flops                                            : 2

=========================================================================

=========================================================================
*                           Partition Report                            *
=========================================================================

Partition Implementation Status
-------------------------------

  No Partitions were found in this design.

-------------------------------

=========================================================================
*                            Design Summary                             *
=========================================================================

Top Level Output File Name         : En_Codificador.ngc

Primitive and Black Box Usage:
------------------------------
# BELS                             : 2
#      INV                         : 1
#      LUT2                        : 1
# FlipFlops/Latches                : 2
#      FDC                         : 2
# Clock Buffers                    : 1
#      BUFGP                       : 1
# IO Buffers                       : 3
#      IBUF                        : 2
#      OBUF                        : 1

Device utilization summary:
---------------------------

Selected Device : 7a100tfgg484-2 


Slice Logic Utilization: 
 Number of Slice Registers:               2  out of  126800     0%  
 Number of Slice LUTs:                    2  out of  63400     0%  
    Number used as Logic:                 2  out of  63400     0%  

Slice Logic Distribution: 
 Number of LUT Flip Flop pairs used:      4
   Number with an unused Flip Flop:       2  out of      4    50%  
   Number with an unused LUT:             2  out of      4    50%  
   Number of fully used LUT-FF pairs:     0  out of      4     0%  
   Number of unique control sets:         1

IO Utilization: 
 Number of IOs:                           4
 Number of bonded IOBs:                   4  out of    285     1%  

Specific Feature Utilization:
 Number of BUFG/BUFGCTRLs:                1  out of     32     3%  

---------------------------
Partition Resource Summary:
---------------------------

  No Partitions were found in this design.

---------------------------


=========================================================================
Timing Report

NOTE: THESE TIMING NUMBERS ARE ONLY A SYNTHESIS ESTIMATE.
      FOR ACCURATE TIMING INFORMATION PLEASE REFER TO THE TRACE REPORT
      GENERATED AFTER PLACE-and-ROUTE.

Clock Information:
------------------
-----------------------------------+------------------------+-------+
Clock Signal                       | Clock buffer(FF name)  | Load  |
-----------------------------------+------------------------+-------+
CLKx2                              | BUFGP                  | 2     |
-----------------------------------+------------------------+-------+

Asynchronous Control Signals Information:
----------------------------------------
No asynchronous control signals found in this design

Timing Summary:
---------------
Speed Grade: -2

   Minimum period: 1.219ns (Maximum Frequency: 820.075MHz)
   Minimum input arrival time before clock: 0.742ns
   Maximum output required time after clock: 0.737ns
   Maximum combinational path delay: No path found

Timing Details:
---------------
All values displayed in nanoseconds (ns)

=========================================================================
Timing constraint: Default period analysis for Clock 'CLKx2'
  Clock period: 1.219ns (frequency: 820.075MHz)
  Total number of paths / destination ports: 2 / 2
-------------------------------------------------------------------------
Delay:               1.219ns (Levels of Logic = 1)
  Source:            Flanco (FF)
  Destination:       Flanco (FF)
  Source Clock:      CLKx2 rising
  Destination Clock: CLKx2 rising

  Data Path: Flanco to Flanco
                                Gate     Net
    Cell:in->out      fanout   Delay   Delay  Logical Name (Net Name)
    ----------------------------------------  ------------
     FDC:C->Q              2   0.398   0.344  Flanco (Flanco)
     INV:I->O              1   0.123   0.339  Flanco_INV_3_o1_INV_0 (Flanco_INV_3_o)
     FDC:D                     0.015          Flanco
    ----------------------------------------
    Total                      1.219ns (0.536ns logic, 0.683ns route)
                                       (44.0% logic, 56.0% route)

=========================================================================
Timing constraint: Default OFFSET IN BEFORE for Clock 'CLKx2'
  Total number of paths / destination ports: 3 / 3
-------------------------------------------------------------------------
Offset:              0.742ns (Levels of Logic = 1)
  Source:            RST (PAD)
  Destination:       Flanco (FF)
  Destination Clock: CLKx2 rising

  Data Path: RST to Flanco
                                Gate     Net
    Cell:in->out      fanout   Delay   Delay  Logical Name (Net Name)
    ----------------------------------------  ------------
     IBUF:I->O             2   0.001   0.344  RST_IBUF (RST_IBUF)
     FDC:CLR                   0.397          Flanco
    ----------------------------------------
    Total                      0.742ns (0.398ns logic, 0.344ns route)
                                       (53.6% logic, 46.4% route)

=========================================================================
Timing constraint: Default OFFSET OUT AFTER for Clock 'CLKx2'
  Total number of paths / destination ports: 1 / 1
-------------------------------------------------------------------------
Offset:              0.737ns (Levels of Logic = 1)
  Source:            Data_Out (FF)
  Destination:       Data_Out (PAD)
  Source Clock:      CLKx2 rising

  Data Path: Data_Out to Data_Out
                                Gate     Net
    Cell:in->out      fanout   Delay   Delay  Logical Name (Net Name)
    ----------------------------------------  ------------
     FDC:C->Q              1   0.398   0.339  Data_Out (Data_Out_OBUF)
     OBUF:I->O                 0.000          Data_Out_OBUF (Data_Out)
    ----------------------------------------
    Total                      0.737ns (0.398ns logic, 0.339ns route)
                                       (54.0% logic, 46.0% route)

=========================================================================

Cross Clock Domains Report:
--------------------------

Clock to Setup on destination clock CLKx2
---------------+---------+---------+---------+---------+
               | Src:Rise| Src:Fall| Src:Rise| Src:Fall|
Source Clock   |Dest:Rise|Dest:Rise|Dest:Fall|Dest:Fall|
---------------+---------+---------+---------+---------+
CLKx2          |    1.219|         |         |         |
---------------+---------+---------+---------+---------+

=========================================================================


Total REAL time to Xst completion: 8.00 secs
Total CPU time to Xst completion: 7.67 secs
 
--> 


Total memory usage is 506896 kilobytes

Number of errors   :    0 (   0 filtered)
Number of warnings :    0 (   0 filtered)
Number of infos    :    0 (   0 filtered)

