Release 14.7 - xst P.20131013 (lin64)
Copyright (c) 1995-2013 Xilinx, Inc.  All rights reserved.
--> 
Parameter TMPDIR set to xst/projnav.tmp


Total REAL time to Xst completion: 0.00 secs
Total CPU time to Xst completion: 0.03 secs
 
--> 
Parameter xsthdpdir set to xst


Total REAL time to Xst completion: 0.00 secs
Total CPU time to Xst completion: 0.03 secs
 
--> 
Reading design: En_LFSR.prj

TABLE OF CONTENTS
  1) Synthesis Options Summary
  2) HDL Parsing
  3) HDL Elaboration
  4) HDL Synthesis
       4.1) HDL Synthesis Report
  5) Advanced HDL Synthesis
       5.1) Advanced HDL Synthesis Report
  6) Low Level Synthesis
  7) Partition Report
  8) Design Summary
       8.1) Primitive and Black Box Usage
       8.2) Device utilization summary
       8.3) Partition Resource Summary
       8.4) Timing Report
            8.4.1) Clock Information
            8.4.2) Asynchronous Control Signals Information
            8.4.3) Timing Summary
            8.4.4) Timing Details
            8.4.5) Cross Clock Domains Report


=========================================================================
*                      Synthesis Options Summary                        *
=========================================================================
---- Source Parameters
Input File Name                    : "En_LFSR.prj"
Ignore Synthesis Constraint File   : NO

---- Target Parameters
Output File Name                   : "En_LFSR"
Output Format                      : NGC
Target Device                      : xc7a100t-2-fgg484

---- Source Options
Top Module Name                    : En_LFSR
Automatic FSM Extraction           : YES
FSM Encoding Algorithm             : Auto
Safe Implementation                : No
FSM Style                          : LUT
RAM Extraction                     : Yes
RAM Style                          : Auto
ROM Extraction                     : Yes
Shift Register Extraction          : YES
ROM Style                          : Auto
Resource Sharing                   : YES
Asynchronous To Synchronous        : NO
Shift Register Minimum Size        : 2
Use DSP Block                      : Auto
Automatic Register Balancing       : No

---- Target Options
LUT Combining                      : Auto
Reduce Control Sets                : Auto
Add IO Buffers                     : YES
Global Maximum Fanout              : 100000
Add Generic Clock Buffer(BUFG)     : 32
Register Duplication               : YES
Optimize Instantiated Primitives   : NO
Use Clock Enable                   : Auto
Use Synchronous Set                : Auto
Use Synchronous Reset              : Auto
Pack IO Registers into IOBs        : Auto
Equivalent register Removal        : YES

---- General Options
Optimization Goal                  : Speed
Optimization Effort                : 1
Power Reduction                    : NO
Keep Hierarchy                     : No
Netlist Hierarchy                  : As_Optimized
RTL Output                         : Yes
Global Optimization                : AllClockNets
Read Cores                         : YES
Write Timing Constraints           : NO
Cross Clock Analysis               : NO
Hierarchy Separator                : /
Bus Delimiter                      : <>
Case Specifier                     : Maintain
Slice Utilization Ratio            : 100
BRAM Utilization Ratio             : 100
DSP48 Utilization Ratio            : 100
Auto BRAM Packing                  : NO
Slice Utilization Ratio Delta      : 5

=========================================================================


=========================================================================
*                          HDL Parsing                                  *
=========================================================================
Parsing VHDL file "/home/fede/GIT/Jaquenod/Modulo2/ISE/Actividad_2_2_2/LFSR_Sincronico/Sources/LFSR.vhd" into library work
Parsing entity <En_LFSR>.
Parsing architecture <Arq_LFSR> of entity <en_lfsr>.

=========================================================================
*                            HDL Elaboration                            *
=========================================================================

Elaborating entity <En_LFSR> (architecture <Arq_LFSR>) with generics from library <work>.

=========================================================================
*                           HDL Synthesis                               *
=========================================================================

Synthesizing Unit <En_LFSR>.
    Related source file is "/home/fede/GIT/Jaquenod/Modulo2/ISE/Actividad_2_2_2/LFSR_Sincronico/Sources/LFSR.vhd".
        N = 20
    Found 20-bit register for signal <Q>.
    Summary:
	inferred  20 D-type flip-flop(s).
Unit <En_LFSR> synthesized.

=========================================================================
HDL Synthesis Report

Macro Statistics
# Registers                                            : 1
 20-bit register                                       : 1
# Xors                                                 : 1
 1-bit xor2                                            : 1

=========================================================================

=========================================================================
*                       Advanced HDL Synthesis                          *
=========================================================================


=========================================================================
Advanced HDL Synthesis Report

Macro Statistics
# Registers                                            : 20
 Flip-Flops                                            : 20
# Xors                                                 : 1
 1-bit xor2                                            : 1

=========================================================================

=========================================================================
*                         Low Level Synthesis                           *
=========================================================================

Optimizing unit <En_LFSR> ...

Mapping all equations...
Building and optimizing final netlist ...
Found area constraint ratio of 100 (+ 5) on block En_LFSR, actual ratio is 0.

Final Macro Processing ...

=========================================================================
Final Register Report

Macro Statistics
# Registers                                            : 20
 Flip-Flops                                            : 20

=========================================================================

=========================================================================
*                           Partition Report                            *
=========================================================================

Partition Implementation Status
-------------------------------

  No Partitions were found in this design.

-------------------------------

=========================================================================
*                            Design Summary                             *
=========================================================================

Top Level Output File Name         : En_LFSR.ngc

Primitive and Black Box Usage:
------------------------------
# BELS                             : 1
#      LUT2                        : 1
# FlipFlops/Latches                : 20
#      FDR                         : 20
# Clock Buffers                    : 1
#      BUFGP                       : 1
# IO Buffers                       : 21
#      IBUF                        : 1
#      OBUF                        : 20

Device utilization summary:
---------------------------

Selected Device : 7a100tfgg484-2 


Slice Logic Utilization: 
 Number of Slice Registers:              20  out of  126800     0%  
 Number of Slice LUTs:                    1  out of  63400     0%  
    Number used as Logic:                 1  out of  63400     0%  

Slice Logic Distribution: 
 Number of LUT Flip Flop pairs used:     20
   Number with an unused Flip Flop:       0  out of     20     0%  
   Number with an unused LUT:            19  out of     20    95%  
   Number of fully used LUT-FF pairs:     1  out of     20     5%  
   Number of unique control sets:         1

IO Utilization: 
 Number of IOs:                          22
 Number of bonded IOBs:                  22  out of    285     7%  

Specific Feature Utilization:
 Number of BUFG/BUFGCTRLs:                1  out of     32     3%  

---------------------------
Partition Resource Summary:
---------------------------

  No Partitions were found in this design.

---------------------------


=========================================================================
Timing Report

NOTE: THESE TIMING NUMBERS ARE ONLY A SYNTHESIS ESTIMATE.
      FOR ACCURATE TIMING INFORMATION PLEASE REFER TO THE TRACE REPORT
      GENERATED AFTER PLACE-and-ROUTE.

Clock Information:
------------------
-----------------------------------+------------------------+-------+
Clock Signal                       | Clock buffer(FF name)  | Load  |
-----------------------------------+------------------------+-------+
CLK                                | BUFGP                  | 20    |
-----------------------------------+------------------------+-------+

Asynchronous Control Signals Information:
----------------------------------------
No asynchronous control signals found in this design

Timing Summary:
---------------
Speed Grade: -2

   Minimum period: 0.974ns (Maximum Frequency: 1026.431MHz)
   Minimum input arrival time before clock: 0.843ns
   Maximum output required time after clock: 0.749ns
   Maximum combinational path delay: No path found

Timing Details:
---------------
All values displayed in nanoseconds (ns)

=========================================================================
Timing constraint: Default period analysis for Clock 'CLK'
  Clock period: 0.974ns (frequency: 1026.431MHz)
  Total number of paths / destination ports: 21 / 20
-------------------------------------------------------------------------
Delay:               0.974ns (Levels of Logic = 1)
  Source:            sQ_20 (FF)
  Destination:       sQ_1 (FF)
  Source Clock:      CLK rising
  Destination Clock: CLK rising

  Data Path: sQ_20 to sQ_1
                                Gate     Net
    Cell:in->out      fanout   Delay   Delay  Logical Name (Net Name)
    ----------------------------------------  ------------
     FDR:C->Q              2   0.398   0.456  sQ_20 (sQ_20)
     LUT2:I0->O            1   0.105   0.000  sQ[2]_sQ[20]_XNOR_1_o1 (sQ[2]_sQ[20]_XNOR_1_o)
     FDR:D                     0.015          sQ_1
    ----------------------------------------
    Total                      0.974ns (0.518ns logic, 0.456ns route)
                                       (53.2% logic, 46.8% route)

=========================================================================
Timing constraint: Default OFFSET IN BEFORE for Clock 'CLK'
  Total number of paths / destination ports: 20 / 20
-------------------------------------------------------------------------
Offset:              0.843ns (Levels of Logic = 1)
  Source:            RESET (PAD)
  Destination:       sQ_1 (FF)
  Destination Clock: CLK rising

  Data Path: RESET to sQ_1
                                Gate     Net
    Cell:in->out      fanout   Delay   Delay  Logical Name (Net Name)
    ----------------------------------------  ------------
     IBUF:I->O            20   0.001   0.445  RESET_IBUF (RESET_IBUF)
     FDR:R                     0.397          sQ_1
    ----------------------------------------
    Total                      0.843ns (0.398ns logic, 0.445ns route)
                                       (47.2% logic, 52.8% route)

=========================================================================
Timing constraint: Default OFFSET OUT AFTER for Clock 'CLK'
  Total number of paths / destination ports: 20 / 20
-------------------------------------------------------------------------
Offset:              0.749ns (Levels of Logic = 1)
  Source:            sQ_2 (FF)
  Destination:       Q<2> (PAD)
  Source Clock:      CLK rising

  Data Path: sQ_2 to Q<2>
                                Gate     Net
    Cell:in->out      fanout   Delay   Delay  Logical Name (Net Name)
    ----------------------------------------  ------------
     FDR:C->Q              3   0.398   0.351  sQ_2 (sQ_2)
     OBUF:I->O                 0.000          Q_2_OBUF (Q<2>)
    ----------------------------------------
    Total                      0.749ns (0.398ns logic, 0.351ns route)
                                       (53.1% logic, 46.9% route)

=========================================================================

Cross Clock Domains Report:
--------------------------

Clock to Setup on destination clock CLK
---------------+---------+---------+---------+---------+
               | Src:Rise| Src:Fall| Src:Rise| Src:Fall|
Source Clock   |Dest:Rise|Dest:Rise|Dest:Fall|Dest:Fall|
---------------+---------+---------+---------+---------+
CLK            |    0.974|         |         |         |
---------------+---------+---------+---------+---------+

=========================================================================


Total REAL time to Xst completion: 7.00 secs
Total CPU time to Xst completion: 6.22 secs
 
--> 


Total memory usage is 511260 kilobytes

Number of errors   :    0 (   0 filtered)
Number of warnings :    0 (   0 filtered)
Number of infos    :    0 (   0 filtered)

