ISim log file
Running: /home/fedeserver/Documents/Jaquenod/GIT/Modulo1/ISE/testbench_isim_beh.exe -intstyle ise -gui -tclbatch isim.cmd -wdb /home/fedeserver/Documents/Jaquenod/GIT/Modulo1/ISE/testbench_isim_beh.wdb 
ISim P.20131013 (signature 0xfbc00daa)
This is a Full version of ISim.
Time resolution is 1 ps
# onerror resume
# wave add /
# run 300 ns
Simulator is doing circuit initialization process.
The simulator has terminated in an unexpected manner.  Please review the ISim log (isim.log) for details.
ISim P.20131013 (signature 0xfbc00daa)
This is a Full version of ISim.
# run 300 ns
Simulator is doing circuit initialization process.
Stopped at time : 0 fs : File "/home/fedeserver/Documents/Jaquenod/GIT/Modulo1/ISE/Sources/Head_TB.vhd" Line 34
ISim P.20131013 (signature 0xfbc00daa)
This is a Full version of ISim.
# run 300 ns
Simulator is doing circuit initialization process.
The simulator has terminated in an unexpected manner.  Please review the ISim log (isim.log) for details.
