Running: /opt/Xilinx/14.7/ISE_DS/ISE/bin/lin/unwrapped/fuse -relaunch -intstyle "ise" -incremental -o "/home/fede/Documents/Jaquenod/GIT/Modulo6/Guia/ISE/Actividad_6_2/XAPP224/Head_TB_isim_beh.exe" -prj "/home/fede/Documents/Jaquenod/GIT/Modulo6/Guia/ISE/Actividad_6_2/XAPP224/Head_TB_beh.prj" "work.Head_TB" 
ISim P.20131013 (signature 0xfbc00daa)
Number of CPUs detected in this system: 2
Turning on mult-threading, number of parallel sub-compilation jobs: 4 
Determining compilation order of HDL files
Parsing VHDL file "/home/fede/Documents/Jaquenod/GIT/Modulo6/Guia/ISE/Actividad_6_2/XAPP224/Sources/Head.vhd" into library work
Parsing VHDL file "/home/fede/Documents/Jaquenod/GIT/Modulo6/Guia/ISE/Actividad_6_2/XAPP224/Sources/Head_TB.vhd" into library work
Starting static elaboration
Completed static elaboration
Fuse Memory Usage: 47064 KB
Fuse CPU Usage: 3440 ms
Compiling package standard
Compiling package std_logic_1164
Compiling package vcomponents
Compiling package textio
Compiling package vital_timing
Compiling package vital_primitives
Compiling package vpkg
Compiling architecture dcm_sp_clock_divide_by_2_v of entity dcm_sp_clock_divide_by_2 [dcm_sp_clock_divide_by_2_default]
Compiling architecture dcm_sp_maximum_period_check_v of entity dcm_sp_maximum_period_check [\dcm_sp_maximum_period_check("*"...]
Compiling architecture dcm_sp_maximum_period_check_v of entity dcm_sp_maximum_period_check [\dcm_sp_maximum_period_check("*"...]
Compiling architecture dcm_sp_clock_lost_v of entity dcm_sp_clock_lost [dcm_sp_clock_lost_default]
Compiling architecture dcm_sp_v of entity DCM_SP [\DCM_SP(true,"*",true,false,2.0,...]
Compiling architecture arq_head of entity En_Head [en_head_default]
Compiling architecture behavior of entity head_tb
Time Resolution for simulation is 1ps.
Waiting for 1 sub-compilation(s) to finish...
Compiled 20 VHDL Units
Built simulation executable /home/fede/Documents/Jaquenod/GIT/Modulo6/Guia/ISE/Actividad_6_2/XAPP224/Head_TB_isim_beh.exe
Fuse Memory Usage: 104748 KB
Fuse CPU Usage: 4410 ms
GCC CPU Usage: 610 ms
