
*** Running vivado
    with args -log Inv_Dplus.vds -m64 -product Vivado -mode batch -messageDb vivado.pb -notrace -source Inv_Dplus.tcl


****** Vivado v2017.3 (64-bit)
  **** SW Build 2018833 on Wed Oct  4 19:58:07 MDT 2017
  **** IP Build 2016188 on Wed Oct  4 21:52:56 MDT 2017
    ** Copyright 1986-2017 Xilinx, Inc. All Rights Reserved.

source Inv_Dplus.tcl -notrace
Starting RTL Elaboration : Time (s): cpu = 00:00:06 ; elapsed = 00:00:06 . Memory (MB): peak = 1252.305 ; gain = 77.996 ; free physical = 627 ; free virtual = 11501
INFO: [Synth 8-638] synthesizing module 'Inv_Dplus' [/home/farbizu/Trabajo_Final/System_8b10b/System_8b10b.srcs/sources_1/ip/Inv_Dplus/synth/Inv_Dplus.vhd:66]
INFO: [Synth 8-256] done synthesizing module 'Inv_Dplus' (4#1) [/home/farbizu/Trabajo_Final/System_8b10b/System_8b10b.srcs/sources_1/ip/Inv_Dplus/synth/Inv_Dplus.vhd:66]
Finished RTL Elaboration : Time (s): cpu = 00:00:06 ; elapsed = 00:00:07 . Memory (MB): peak = 1294.836 ; gain = 120.527 ; free physical = 641 ; free virtual = 11513
Finished RTL Optimization Phase 1 : Time (s): cpu = 00:00:06 ; elapsed = 00:00:07 . Memory (MB): peak = 1294.836 ; gain = 120.527 ; free physical = 641 ; free virtual = 11513
INFO: [Device 21-403] Loading part xc7a100tfgg484-2
Constraint Validation Runtime : Time (s): cpu = 00:00:00 ; elapsed = 00:00:00 . Memory (MB): peak = 1549.688 ; gain = 0.000 ; free physical = 359 ; free virtual = 11248
Finished Constraint Validation : Time (s): cpu = 00:00:18 ; elapsed = 00:00:27 . Memory (MB): peak = 1549.688 ; gain = 375.379 ; free physical = 433 ; free virtual = 11322
Finished Loading Part and Timing Information : Time (s): cpu = 00:00:18 ; elapsed = 00:00:27 . Memory (MB): peak = 1549.688 ; gain = 375.379 ; free physical = 433 ; free virtual = 11322
Finished applying 'set_property' XDC Constraints : Time (s): cpu = 00:00:18 ; elapsed = 00:00:27 . Memory (MB): peak = 1549.688 ; gain = 375.379 ; free physical = 435 ; free virtual = 11324
Finished RTL Optimization Phase 2 : Time (s): cpu = 00:00:18 ; elapsed = 00:00:27 . Memory (MB): peak = 1549.688 ; gain = 375.379 ; free physical = 434 ; free virtual = 11323
Finished Cross Boundary and Area Optimization : Time (s): cpu = 00:00:18 ; elapsed = 00:00:27 . Memory (MB): peak = 1557.695 ; gain = 383.387 ; free physical = 425 ; free virtual = 11314
---------------------------------------------------------------------------------
Start ROM, RAM, DSP and Shift Register Reporting
---------------------------------------------------------------------------------

ROM:
+------------+------------+---------------+----------------+
|Module Name | RTL Object | Depth x Width | Implemented As | 
+------------+------------+---------------+----------------+
|rom         | rom[15]    | 16x4          | LUT            | 
+------------+------------+---------------+----------------+

---------------------------------------------------------------------------------
Finished ROM, RAM, DSP and Shift Register Reporting
---------------------------------------------------------------------------------
Finished Applying XDC Timing Constraints : Time (s): cpu = 00:00:23 ; elapsed = 00:00:33 . Memory (MB): peak = 1591.695 ; gain = 417.387 ; free physical = 300 ; free virtual = 11189
Finished Timing Optimization : Time (s): cpu = 00:00:23 ; elapsed = 00:00:33 . Memory (MB): peak = 1591.695 ; gain = 417.387 ; free physical = 300 ; free virtual = 11189
Finished Technology Mapping : Time (s): cpu = 00:00:23 ; elapsed = 00:00:33 . Memory (MB): peak = 1600.711 ; gain = 426.402 ; free physical = 300 ; free virtual = 11188
Finished IO Insertion : Time (s): cpu = 00:00:23 ; elapsed = 00:00:34 . Memory (MB): peak = 1600.711 ; gain = 426.402 ; free physical = 300 ; free virtual = 11189
Finished Renaming Generated Instances : Time (s): cpu = 00:00:23 ; elapsed = 00:00:34 . Memory (MB): peak = 1600.711 ; gain = 426.402 ; free physical = 300 ; free virtual = 11189
Finished Rebuilding User Hierarchy : Time (s): cpu = 00:00:23 ; elapsed = 00:00:34 . Memory (MB): peak = 1600.711 ; gain = 426.402 ; free physical = 300 ; free virtual = 11189
Finished Renaming Generated Ports : Time (s): cpu = 00:00:23 ; elapsed = 00:00:34 . Memory (MB): peak = 1600.711 ; gain = 426.402 ; free physical = 300 ; free virtual = 11189
Finished Handling Custom Attributes : Time (s): cpu = 00:00:23 ; elapsed = 00:00:34 . Memory (MB): peak = 1600.711 ; gain = 426.402 ; free physical = 300 ; free virtual = 11189
Finished Renaming Generated Nets : Time (s): cpu = 00:00:23 ; elapsed = 00:00:34 . Memory (MB): peak = 1600.711 ; gain = 426.402 ; free physical = 300 ; free virtual = 11189

Report Cell Usage: 
+------+-----+------+
|      |Cell |Count |
+------+-----+------+
|1     |LUT4 |     4|
+------+-----+------+
Finished Writing Synthesis Report : Time (s): cpu = 00:00:23 ; elapsed = 00:00:34 . Memory (MB): peak = 1600.711 ; gain = 426.402 ; free physical = 300 ; free virtual = 11189
synth_design: Time (s): cpu = 00:00:24 ; elapsed = 00:00:35 . Memory (MB): peak = 1608.711 ; gain = 447.777 ; free physical = 340 ; free virtual = 11228
