Running: /opt/Xilinx/14.7/ISE_DS/ISE/bin/lin64/unwrapped/fuse -intstyle ise -incremental -lib secureip -o /media/storage/Documents/GIT/Jaquenod/Modulo7/Guia/ISE/Actividad_7_2_1/PRNG/PRNG_TB_isim_beh.exe -prj /media/storage/Documents/GIT/Jaquenod/Modulo7/Guia/ISE/Actividad_7_2_1/PRNG/PRNG_TB_beh.prj work.PRNG_TB 
ISim P.20131013 (signature 0xfbc00daa)
Number of CPUs detected in this system: 4
Turning on mult-threading, number of parallel sub-compilation jobs: 8 
Determining compilation order of HDL files
Parsing VHDL file "/media/storage/Documents/GIT/Jaquenod/Modulo7/Guia/ISE/Actividad_7_2_1/PRNG/Sources/PRNG.vhd" into library work
Parsing VHDL file "/media/storage/Documents/GIT/Jaquenod/Modulo7/Guia/ISE/Actividad_7_2_1/PRNG/Sources/PRNG_TB.vhd" into library work
Starting static elaboration
Completed static elaboration
Fuse Memory Usage: 95064 KB
Fuse CPU Usage: 1090 ms
Compiling package standard
Compiling package std_logic_1164
Compiling architecture arq_prng_150 of entity En_PRNG_150 [\En_PRNG_150(10)\]
Compiling architecture behavior of entity prng_tb
Time Resolution for simulation is 1ps.
Waiting for 1 sub-compilation(s) to finish...
Compiled 5 VHDL Units
Built simulation executable /media/storage/Documents/GIT/Jaquenod/Modulo7/Guia/ISE/Actividad_7_2_1/PRNG/PRNG_TB_isim_beh.exe
Fuse Memory Usage: 660804 KB
Fuse CPU Usage: 1130 ms
GCC CPU Usage: 640 ms
