
*** Running vivado
    with args -log KCh.vds -m64 -product Vivado -mode batch -messageDb vivado.pb -notrace -source KCh.tcl


****** Vivado v2017.3 (64-bit)
  **** SW Build 2018833 on Wed Oct  4 19:58:07 MDT 2017
  **** IP Build 2016188 on Wed Oct  4 21:52:56 MDT 2017
    ** Copyright 1986-2017 Xilinx, Inc. All Rights Reserved.

source KCh.tcl -notrace
Starting RTL Elaboration : Time (s): cpu = 00:00:06 ; elapsed = 00:00:06 . Memory (MB): peak = 1252.309 ; gain = 77.996 ; free physical = 9058 ; free virtual = 12637
INFO: [Synth 8-638] synthesizing module 'KCh' [/home/farbizu/Trabajo_Final/System_8b10b/System_8b10b.srcs/sources_1/ip/KCh/synth/KCh.vhd:66]
INFO: [Synth 8-256] done synthesizing module 'KCh' (4#1) [/home/farbizu/Trabajo_Final/System_8b10b/System_8b10b.srcs/sources_1/ip/KCh/synth/KCh.vhd:66]
Finished RTL Elaboration : Time (s): cpu = 00:00:06 ; elapsed = 00:00:07 . Memory (MB): peak = 1295.840 ; gain = 121.527 ; free physical = 9070 ; free virtual = 12649
Finished RTL Optimization Phase 1 : Time (s): cpu = 00:00:07 ; elapsed = 00:00:07 . Memory (MB): peak = 1295.840 ; gain = 121.527 ; free physical = 9069 ; free virtual = 12649
INFO: [Device 21-403] Loading part xc7a100tfgg484-2
Constraint Validation Runtime : Time (s): cpu = 00:00:00 ; elapsed = 00:00:00 . Memory (MB): peak = 1549.660 ; gain = 0.000 ; free physical = 8808 ; free virtual = 12385
Finished Constraint Validation : Time (s): cpu = 00:00:18 ; elapsed = 00:00:27 . Memory (MB): peak = 1549.660 ; gain = 375.348 ; free physical = 8883 ; free virtual = 12461
Finished Loading Part and Timing Information : Time (s): cpu = 00:00:18 ; elapsed = 00:00:27 . Memory (MB): peak = 1549.660 ; gain = 375.348 ; free physical = 8883 ; free virtual = 12461
Finished applying 'set_property' XDC Constraints : Time (s): cpu = 00:00:18 ; elapsed = 00:00:27 . Memory (MB): peak = 1549.660 ; gain = 375.348 ; free physical = 8885 ; free virtual = 12462
Finished RTL Optimization Phase 2 : Time (s): cpu = 00:00:18 ; elapsed = 00:00:27 . Memory (MB): peak = 1557.668 ; gain = 383.355 ; free physical = 8884 ; free virtual = 12462
Finished Cross Boundary and Area Optimization : Time (s): cpu = 00:00:18 ; elapsed = 00:00:27 . Memory (MB): peak = 1565.676 ; gain = 391.363 ; free physical = 8878 ; free virtual = 12455
---------------------------------------------------------------------------------
Start ROM, RAM, DSP and Shift Register Reporting
---------------------------------------------------------------------------------

ROM:
+------------+------------+---------------+----------------+
|Module Name | RTL Object | Depth x Width | Implemented As | 
+------------+------------+---------------+----------------+
|rom         | rom[31]    | 32x6          | LUT            | 
+------------+------------+---------------+----------------+

---------------------------------------------------------------------------------
Finished ROM, RAM, DSP and Shift Register Reporting
---------------------------------------------------------------------------------
Finished Applying XDC Timing Constraints : Time (s): cpu = 00:00:23 ; elapsed = 00:00:33 . Memory (MB): peak = 1591.676 ; gain = 417.363 ; free physical = 8762 ; free virtual = 12339
Finished Timing Optimization : Time (s): cpu = 00:00:23 ; elapsed = 00:00:33 . Memory (MB): peak = 1591.676 ; gain = 417.363 ; free physical = 8762 ; free virtual = 12339
Finished Technology Mapping : Time (s): cpu = 00:00:23 ; elapsed = 00:00:33 . Memory (MB): peak = 1600.691 ; gain = 426.379 ; free physical = 8762 ; free virtual = 12339
Finished IO Insertion : Time (s): cpu = 00:00:23 ; elapsed = 00:00:34 . Memory (MB): peak = 1600.691 ; gain = 426.379 ; free physical = 8762 ; free virtual = 12339
Finished Renaming Generated Instances : Time (s): cpu = 00:00:23 ; elapsed = 00:00:34 . Memory (MB): peak = 1600.691 ; gain = 426.379 ; free physical = 8762 ; free virtual = 12339
Finished Rebuilding User Hierarchy : Time (s): cpu = 00:00:23 ; elapsed = 00:00:34 . Memory (MB): peak = 1600.691 ; gain = 426.379 ; free physical = 8762 ; free virtual = 12339
Finished Renaming Generated Ports : Time (s): cpu = 00:00:23 ; elapsed = 00:00:34 . Memory (MB): peak = 1600.691 ; gain = 426.379 ; free physical = 8762 ; free virtual = 12339
Finished Handling Custom Attributes : Time (s): cpu = 00:00:23 ; elapsed = 00:00:34 . Memory (MB): peak = 1600.691 ; gain = 426.379 ; free physical = 8762 ; free virtual = 12339
Finished Renaming Generated Nets : Time (s): cpu = 00:00:23 ; elapsed = 00:00:34 . Memory (MB): peak = 1600.691 ; gain = 426.379 ; free physical = 8762 ; free virtual = 12339

Report Cell Usage: 
+------+-----+------+
|      |Cell |Count |
+------+-----+------+
|1     |LUT5 |     6|
+------+-----+------+
Finished Writing Synthesis Report : Time (s): cpu = 00:00:23 ; elapsed = 00:00:34 . Memory (MB): peak = 1600.691 ; gain = 426.379 ; free physical = 8762 ; free virtual = 12339
synth_design: Time (s): cpu = 00:00:24 ; elapsed = 00:00:35 . Memory (MB): peak = 1608.691 ; gain = 447.754 ; free physical = 8801 ; free virtual = 12378
