Release 14.7 - xst P.20131013 (lin64)
Copyright (c) 1995-2013 Xilinx, Inc.  All rights reserved.
--> 
Parameter TMPDIR set to xst/projnav.tmp


Total REAL time to Xst completion: 0.00 secs
Total CPU time to Xst completion: 0.05 secs
 
--> 
Parameter xsthdpdir set to xst


Total REAL time to Xst completion: 0.00 secs
Total CPU time to Xst completion: 0.05 secs
 
--> 
Reading design: En_LFSR.prj

TABLE OF CONTENTS
  1) Synthesis Options Summary
  2) HDL Parsing
  3) HDL Elaboration
  4) HDL Synthesis
       4.1) HDL Synthesis Report
  5) Advanced HDL Synthesis
       5.1) Advanced HDL Synthesis Report
  6) Low Level Synthesis
  7) Partition Report
  8) Design Summary
       8.1) Primitive and Black Box Usage
       8.2) Device utilization summary
       8.3) Partition Resource Summary
       8.4) Timing Report
            8.4.1) Clock Information
            8.4.2) Asynchronous Control Signals Information
            8.4.3) Timing Summary
            8.4.4) Timing Details
            8.4.5) Cross Clock Domains Report


=========================================================================
*                      Synthesis Options Summary                        *
=========================================================================
---- Source Parameters
Input File Name                    : "En_LFSR.prj"
Ignore Synthesis Constraint File   : NO

---- Target Parameters
Output File Name                   : "En_LFSR"
Output Format                      : NGC
Target Device                      : xc7a100t-2-fgg484

---- Source Options
Top Module Name                    : En_LFSR
Automatic FSM Extraction           : YES
FSM Encoding Algorithm             : Auto
Safe Implementation                : No
FSM Style                          : LUT
RAM Extraction                     : Yes
RAM Style                          : Auto
ROM Extraction                     : Yes
Shift Register Extraction          : YES
ROM Style                          : Auto
Resource Sharing                   : YES
Asynchronous To Synchronous        : NO
Shift Register Minimum Size        : 2
Use DSP Block                      : Auto
Automatic Register Balancing       : No

---- Target Options
LUT Combining                      : Auto
Reduce Control Sets                : Auto
Add IO Buffers                     : YES
Global Maximum Fanout              : 100000
Add Generic Clock Buffer(BUFG)     : 32
Register Duplication               : YES
Optimize Instantiated Primitives   : NO
Use Clock Enable                   : Auto
Use Synchronous Set                : Auto
Use Synchronous Reset              : Auto
Pack IO Registers into IOBs        : Auto
Equivalent register Removal        : YES

---- General Options
Optimization Goal                  : Speed
Optimization Effort                : 1
Power Reduction                    : NO
Keep Hierarchy                     : No
Netlist Hierarchy                  : As_Optimized
RTL Output                         : Yes
Global Optimization                : AllClockNets
Read Cores                         : YES
Write Timing Constraints           : NO
Cross Clock Analysis               : NO
Hierarchy Separator                : /
Bus Delimiter                      : <>
Case Specifier                     : Maintain
Slice Utilization Ratio            : 100
BRAM Utilization Ratio             : 100
DSP48 Utilization Ratio            : 100
Auto BRAM Packing                  : NO
Slice Utilization Ratio Delta      : 5

=========================================================================


=========================================================================
*                          HDL Parsing                                  *
=========================================================================
Parsing VHDL file "/home/fede/Desktop/Modulo2/ISE/Actividad_2_2_3/Sources/Common_Types_Pck.vhd" into library work
Parsing package <Common_Types_Pck>.
Parsing VHDL file "/home/fede/Desktop/Modulo2/ISE/Actividad_2_2_3/Sources/LFSR.vhd" into library work
Parsing entity <En_LFSR>.
Parsing architecture <Arq_LFSR> of entity <en_lfsr>.

=========================================================================
*                            HDL Elaboration                            *
=========================================================================

Elaborating entity <En_LFSR> (architecture <Arq_LFSR>) with generics from library <work>.

=========================================================================
*                           HDL Synthesis                               *
=========================================================================

Synthesizing Unit <En_LFSR>.
    Related source file is "/home/fede/Desktop/Modulo2/ISE/Actividad_2_2_3/Sources/LFSR.vhd".
        N = 20
    Found 20-bit register for signal <Q>.
    Summary:
	inferred  20 D-type flip-flop(s).
Unit <En_LFSR> synthesized.

=========================================================================
HDL Synthesis Report

Macro Statistics
# Registers                                            : 1
 20-bit register                                       : 1
# Xors                                                 : 1
 1-bit xor2                                            : 1

=========================================================================

=========================================================================
*                       Advanced HDL Synthesis                          *
=========================================================================


=========================================================================
Advanced HDL Synthesis Report

Macro Statistics
# Registers                                            : 20
 Flip-Flops                                            : 20
# Xors                                                 : 1
 1-bit xor2                                            : 1

=========================================================================

=========================================================================
*                         Low Level Synthesis                           *
=========================================================================

Optimizing unit <En_LFSR> ...

Mapping all equations...
Building and optimizing final netlist ...
Found area constraint ratio of 100 (+ 5) on block En_LFSR, actual ratio is 0.

Final Macro Processing ...

=========================================================================
Final Register Report

Macro Statistics
# Registers                                            : 20
 Flip-Flops                                            : 20

=========================================================================

=========================================================================
*                           Partition Report                            *
=========================================================================

Partition Implementation Status
-------------------------------

  No Partitions were found in this design.

-------------------------------

=========================================================================
*                            Design Summary                             *
=========================================================================

Top Level Output File Name         : En_LFSR.ngc

Primitive and Black Box Usage:
------------------------------
# BELS                             : 50
#      LUT2                        : 21
#      LUT3                        : 4
#      LUT4                        : 3
#      LUT5                        : 5
#      LUT6                        : 17
# FlipFlops/Latches                : 20
#      FD                          : 20
# Clock Buffers                    : 1
#      BUFGP                       : 1
# IO Buffers                       : 11
#      IBUF                        : 1
#      OBUF                        : 10

Device utilization summary:
---------------------------

Selected Device : 7a100tfgg484-2 


Slice Logic Utilization: 
 Number of Slice Registers:              20  out of  126800     0%  
 Number of Slice LUTs:                   50  out of  63400     0%  
    Number used as Logic:                50  out of  63400     0%  

Slice Logic Distribution: 
 Number of LUT Flip Flop pairs used:     50
   Number with an unused Flip Flop:      30  out of     50    60%  
   Number with an unused LUT:             0  out of     50     0%  
   Number of fully used LUT-FF pairs:    20  out of     50    40%  
   Number of unique control sets:         1

IO Utilization: 
 Number of IOs:                          12
 Number of bonded IOBs:                  12  out of    285     4%  

Specific Feature Utilization:
 Number of BUFG/BUFGCTRLs:                1  out of     32     3%  

---------------------------
Partition Resource Summary:
---------------------------

  No Partitions were found in this design.

---------------------------


=========================================================================
Timing Report

NOTE: THESE TIMING NUMBERS ARE ONLY A SYNTHESIS ESTIMATE.
      FOR ACCURATE TIMING INFORMATION PLEASE REFER TO THE TRACE REPORT
      GENERATED AFTER PLACE-and-ROUTE.

Clock Information:
------------------
-----------------------------------+------------------------+-------+
Clock Signal                       | Clock buffer(FF name)  | Load  |
-----------------------------------+------------------------+-------+
CLK                                | BUFGP                  | 20    |
-----------------------------------+------------------------+-------+

Asynchronous Control Signals Information:
----------------------------------------
No asynchronous control signals found in this design

Timing Summary:
---------------
Speed Grade: -2

   Minimum period: 2.473ns (Maximum Frequency: 404.392MHz)
   Minimum input arrival time before clock: 1.483ns
   Maximum output required time after clock: 3.651ns
   Maximum combinational path delay: No path found

Timing Details:
---------------
All values displayed in nanoseconds (ns)

=========================================================================
Timing constraint: Default period analysis for Clock 'CLK'
  Clock period: 2.473ns (frequency: 404.392MHz)
  Total number of paths / destination ports: 421 / 20
-------------------------------------------------------------------------
Delay:               2.473ns (Levels of Logic = 3)
  Source:            Q_5 (FF)
  Destination:       Q_1 (FF)
  Source Clock:      CLK rising
  Destination Clock: CLK rising

  Data Path: Q_5 to Q_1
                                Gate     Net
    Cell:in->out      fanout   Delay   Delay  Logical Name (Net Name)
    ----------------------------------------  ------------
     FD:C->Q               6   0.398   0.627  Q_5 (Q_5)
     LUT3:I0->O            2   0.105   0.654  Reset_number_to_find[0][20]_OR_20_o1_SW0 (N4)
     LUT6:I2->O           20   0.105   0.463  Reset_number_to_find[0][20]_OR_20_o4 (Reset_number_to_find[0][20]_OR_20_o)
     LUT2:I1->O            1   0.105   0.000  Q_2_rstpot (Q_2_rstpot)
     FD:D                      0.015          Q_2
    ----------------------------------------
    Total                      2.473ns (0.728ns logic, 1.745ns route)
                                       (29.4% logic, 70.6% route)

=========================================================================
Timing constraint: Default OFFSET IN BEFORE for Clock 'CLK'
  Total number of paths / destination ports: 20 / 20
-------------------------------------------------------------------------
Offset:              1.483ns (Levels of Logic = 3)
  Source:            Reset (PAD)
  Destination:       Q_1 (FF)
  Destination Clock: CLK rising

  Data Path: Reset to Q_1
                                Gate     Net
    Cell:in->out      fanout   Delay   Delay  Logical Name (Net Name)
    ----------------------------------------  ------------
     IBUF:I->O             1   0.001   0.793  Reset_IBUF (Reset_IBUF)
     LUT6:I0->O           20   0.105   0.463  Reset_number_to_find[0][20]_OR_20_o4 (Reset_number_to_find[0][20]_OR_20_o)
     LUT2:I1->O            1   0.105   0.000  Q_2_rstpot (Q_2_rstpot)
     FD:D                      0.015          Q_2
    ----------------------------------------
    Total                      1.483ns (0.226ns logic, 1.257ns route)
                                       (15.2% logic, 84.8% route)

=========================================================================
Timing constraint: Default OFFSET OUT AFTER for Clock 'CLK'
  Total number of paths / destination ports: 200 / 10
-------------------------------------------------------------------------
Offset:              3.651ns (Levels of Logic = 5)
  Source:            Q_17 (FF)
  Destination:       ocasiones<7> (PAD)
  Source Clock:      CLK rising

  Data Path: Q_17 to ocasiones<7>
                                Gate     Net
    Cell:in->out      fanout   Delay   Delay  Logical Name (Net Name)
    ----------------------------------------  ------------
     FD:C->Q               5   0.398   0.672  Q_17 (Q_17)
     LUT4:I0->O            2   0.105   0.654  ocasiones<10><20>111 (ocasiones<10><20>11)
     LUT5:I1->O            3   0.105   0.369  ocasiones<1><20>11 (ocasiones<1><20>1)
     LUT5:I4->O            2   0.105   0.798  ocasiones<6><20>11 (ocasiones<6><20>1)
     LUT6:I0->O            1   0.105   0.339  ocasiones<7><20> (ocasiones_7_OBUF)
     OBUF:I->O                 0.000          ocasiones_7_OBUF (ocasiones<7>)
    ----------------------------------------
    Total                      3.651ns (0.818ns logic, 2.833ns route)
                                       (22.4% logic, 77.6% route)

=========================================================================

Cross Clock Domains Report:
--------------------------

Clock to Setup on destination clock CLK
---------------+---------+---------+---------+---------+
               | Src:Rise| Src:Fall| Src:Rise| Src:Fall|
Source Clock   |Dest:Rise|Dest:Rise|Dest:Fall|Dest:Fall|
---------------+---------+---------+---------+---------+
CLK            |    2.473|         |         |         |
---------------+---------+---------+---------+---------+

=========================================================================


Total REAL time to Xst completion: 32.00 secs
Total CPU time to Xst completion: 31.27 secs
 
--> 


Total memory usage is 511528 kilobytes

Number of errors   :    0 (   0 filtered)
Number of warnings :    0 (   0 filtered)
Number of infos    :    0 (   0 filtered)

