ISim log file
Running: /home/fede/Documents/Jaquenod/Jaquenod/Modulo4/Guia4/ISE/Actividad 4_2/Decodificador/TB_Recup_CLK_isim_beh.exe -intstyle ise -gui -tclbatch isim.cmd -wdb /home/fede/Documents/Jaquenod/Jaquenod/Modulo4/Guia4/ISE/Actividad 4_2/Decodificador/TB_Recup_CLK_isim_beh.wdb 
INFO: There is another simulation running in the same directory. Using database file name isim1.wdb.
ISim P.20131013 (signature 0xfbc00daa)
This is a Full version of ISim.
Time resolution is 1 ps
# onerror resume
# wave add /
# run 1000 ns
Simulator is doing circuit initialization process.
at 0 ps, Instance /tb_recup_clk/uut/ : Warning: NUMERIC_STD.">": metavalue detected, returning FALSE
at 0 ps, Instance /tb_recup_clk/uut/ : Warning: NUMERIC_STD.">": metavalue detected, returning FALSE
Finished circuit initialization process.
INFO: There is another simulation running in the same directory. Using database file name isim1.wdb.
ISim P.20131013 (signature 0xfbc00daa)
This is a Full version of ISim.
# run 1000 ns
Simulator is doing circuit initialization process.
at 0 ps, Instance /tb_recup_clk/uut/ : Warning: NUMERIC_STD.">": metavalue detected, returning FALSE
at 0 ps, Instance /tb_recup_clk/uut/ : Warning: NUMERIC_STD.">": metavalue detected, returning FALSE
Finished circuit initialization process.
INFO: There is another simulation running in the same directory. Using database file name isim1.wdb.
ISim P.20131013 (signature 0xfbc00daa)
This is a Full version of ISim.
# run 1000 ns
Simulator is doing circuit initialization process.
at 0 ps, Instance /tb_recup_clk/uut/ : Warning: NUMERIC_STD.">": metavalue detected, returning FALSE
at 0 ps, Instance /tb_recup_clk/uut/ : Warning: NUMERIC_STD.">": metavalue detected, returning FALSE
Finished circuit initialization process.
# exit 0
ISim P.20131013 (signature 0xfbc00daa)
This is a Full version of ISim.
# run 1000 ns
Simulator is doing circuit initialization process.
at 0 ps, Instance /tb_recup_clk/uut/ : Warning: NUMERIC_STD.">": metavalue detected, returning FALSE
at 0 ps, Instance /tb_recup_clk/uut/ : Warning: NUMERIC_STD.">": metavalue detected, returning FALSE
Finished circuit initialization process.
ISim P.20131013 (signature 0xfbc00daa)
This is a Full version of ISim.
# run 1000 ns
Simulator is doing circuit initialization process.
at 0 ps, Instance /tb_recup_clk/uut/ : Warning: NUMERIC_STD.">": metavalue detected, returning FALSE
at 0 ps, Instance /tb_recup_clk/uut/ : Warning: NUMERIC_STD.">": metavalue detected, returning FALSE
Finished circuit initialization process.
# exit 0
