ISim log file
Running: /home/fede/GIT/Jaquenod/Trabajo_Final/System_8b10b/ISE/Head_TB_isim_beh.exe -intstyle ise -gui -tclbatch isim.cmd -wdb /home/fede/GIT/Jaquenod/Trabajo_Final/System_8b10b/ISE/Head_TB_isim_beh.wdb 
ISim P.20131013 (signature 0xfbc00daa)
This is a Full version of ISim.
Time resolution is 1 ps
# onerror resume
# wave add /
# run 1000 ns
Simulator is doing circuit initialization process.
at 0 ps, Instance /head_tb/ : Warning: NUMERIC_STD."=": metavalue detected, returning FALSE
at 0 ps, Instance /head_tb/Inst_Head/Ins_Cod/Ins_DCh/U0/ : Warning: This core is supplied with a behavioral model. To model cycle-accurate behavior you must run timing simulation.
at 0 ps, Instance /head_tb/Inst_Head/Ins_Cod/Ins_Dplus/U0/ : Warning: This core is supplied with a behavioral model. To model cycle-accurate behavior you must run timing simulation.
at 0 ps, Instance /head_tb/Inst_Head/Ins_Cod/Ins_KCh/U0/ : Warning: This core is supplied with a behavioral model. To model cycle-accurate behavior you must run timing simulation.
at 0 ps, Instance /head_tb/Inst_Head/Ins_Cod/Ins_Kplus/U0/ : Warning: This core is supplied with a behavioral model. To model cycle-accurate behavior you must run timing simulation.
at 0 ps, Instance /head_tb/Inst_Head/Ins_Dec/Ins_DCh/U0/ : Warning: This core is supplied with a behavioral model. To model cycle-accurate behavior you must run timing simulation.
at 0 ps, Instance /head_tb/Inst_Head/Ins_Dec/Ins_Dplus/U0/ : Warning: This core is supplied with a behavioral model. To model cycle-accurate behavior you must run timing simulation.
at 0 ps, Instance /head_tb/Inst_Head/Ins_Dec/Ins_Kplus/U0/ : Warning: This core is supplied with a behavioral model. To model cycle-accurate behavior you must run timing simulation.
Finished circuit initialization process.
at 0 ps, Instance /head_tb/Inst_Head/Ins_Cod/Ins_DCh/U0/ : Warning: NUMERIC_STD.TO_INTEGER: metavalue detected, returning 0
at 0 ps, Instance /head_tb/Inst_Head/Ins_Cod/Ins_Dplus/U0/ : Warning: NUMERIC_STD.TO_INTEGER: metavalue detected, returning 0
at 0 ps, Instance /head_tb/Inst_Head/Ins_Cod/Ins_KCh/U0/ : Warning: NUMERIC_STD.TO_INTEGER: metavalue detected, returning 0
at 0 ps, Instance /head_tb/Inst_Head/Ins_Cod/Ins_Kplus/U0/ : Warning: NUMERIC_STD.TO_INTEGER: metavalue detected, returning 0
at 0 ps, Instance /head_tb/Inst_Head/Ins_Dec/Ins_DCh/U0/ : Warning: NUMERIC_STD.TO_INTEGER: metavalue detected, returning 0
at 0 ps, Instance /head_tb/Inst_Head/Ins_Dec/Ins_Dplus/U0/ : Warning: NUMERIC_STD.TO_INTEGER: metavalue detected, returning 0
at 0 ps, Instance /head_tb/Inst_Head/Ins_Dec/Ins_Kplus/U0/ : Warning: NUMERIC_STD.TO_INTEGER: metavalue detected, returning 0
at 0 ps, Instance /head_tb/Inst_Head/Ins_Cod/Ins_Dplus/U0/ : Warning: NUMERIC_STD.TO_INTEGER: metavalue detected, returning 0
at 0 ps, Instance /head_tb/Inst_Head/Ins_Cod/Ins_Kplus/U0/ : Warning: NUMERIC_STD.TO_INTEGER: metavalue detected, returning 0
at 0 ps, Instance /head_tb/ : Warning: NUMERIC_STD."=": metavalue detected, returning FALSE
at 0 ps, Instance /head_tb/Inst_Head/Ins_Dec/Ins_DCh/U0/ : Warning: NUMERIC_STD.TO_INTEGER: metavalue detected, returning 0
at 0 ps, Instance /head_tb/Inst_Head/Ins_Dec/Ins_Dplus/U0/ : Warning: NUMERIC_STD.TO_INTEGER: metavalue detected, returning 0
at 0 ps, Instance /head_tb/Inst_Head/Ins_Dec/Ins_Kplus/U0/ : Warning: NUMERIC_STD.TO_INTEGER: metavalue detected, returning 0
# exit 0
