Running: /opt/Xilinx/14.7/ISE_DS/ISE/bin/lin64/unwrapped/fuse -relaunch -intstyle "ise" -incremental -lib "secureip" -o "/home/fede/GIT/Jaquenod/Modulo7/Guia/ISE/Actividad_7_2_2/Cordic/Head_TB_ISE_isim_beh.exe" -prj "/home/fede/GIT/Jaquenod/Modulo7/Guia/ISE/Actividad_7_2_2/Cordic/Head_TB_ISE_beh.prj" "work.Head_TB_ISE" 
ISim P.20131013 (signature 0xfbc00daa)
Number of CPUs detected in this system: 2
Turning on mult-threading, number of parallel sub-compilation jobs: 4 
Determining compilation order of HDL files
Parsing VHDL file "/home/fede/GIT/Jaquenod/Modulo7/Guia/ISE/Actividad_7_2_2/Cordic/ipcore_dir/arctan.vhd" into library work
Parsing VHDL file "/home/fede/GIT/Jaquenod/Modulo7/Guia/ISE/Actividad_7_2_2/Cordic/Cordic.srcs/sources_1/new/Head.vhd" into library work
Parsing VHDL file "/home/fede/GIT/Jaquenod/Modulo7/Guia/ISE/Actividad_7_2_2/Cordic/Cordic.srcs/sim_1/new/Head_TB_ISE.vhd" into library work
Starting static elaboration
Completed static elaboration
Fuse Memory Usage: 112964 KB
Fuse CPU Usage: 3300 ms
Compiling package standard
Compiling package std_logic_1164
Compiling package numeric_std
Compiling package vcomponents
Compiling package textio
Compiling architecture behavioral of entity dist_mem_gen_v7_2 [\dist_mem_gen_v7_2("artix7",5,"0...]
Compiling architecture arctan_a of entity arctan [arctan_default]
Compiling architecture arq_head of entity En_Head [en_head_default]
Compiling architecture behavior of entity head_tb_ise
Time Resolution for simulation is 1ps.
Waiting for 1 sub-compilation(s) to finish...
Compiled 12 VHDL Units
Built simulation executable /home/fede/GIT/Jaquenod/Modulo7/Guia/ISE/Actividad_7_2_2/Cordic/Head_TB_ISE_isim_beh.exe
Fuse Memory Usage: 425892 KB
Fuse CPU Usage: 3860 ms
GCC CPU Usage: 660 ms
