ISim log file
Running: /home/fede/GIT/Jaquenod/Modulo7/Guia/ISE/Actividad_7_2_2/Cordic/Head_TB_ISE_isim_beh.exe -intstyle ise -gui -tclbatch isim.cmd -wdb /home/fede/GIT/Jaquenod/Modulo7/Guia/ISE/Actividad_7_2_2/Cordic/Head_TB_ISE_isim_beh.wdb 
ISim P.20131013 (signature 0xfbc00daa)
This is a Full version of ISim.
Time resolution is 1 ps
# onerror resume
# wave add /
# run 1000 ns
Simulator is doing circuit initialization process.
at 0 ps, Instance /head_tb_ise/uut/Ins_arctan/U0/ : Warning: This core is supplied with a behavioral model. To model cycle-accurate behavior you must run timing simulation.
Finished circuit initialization process.
at 0 ps, Instance /head_tb_ise/uut/Ins_arctan/U0/ : Warning: NUMERIC_STD.TO_INTEGER: metavalue detected, returning 0
ISim P.20131013 (signature 0xfbc00daa)
This is a Full version of ISim.
# run 1000 ns
Simulator is doing circuit initialization process.
at 0 ps, Instance /head_tb_ise/uut/Ins_arctan/U0/ : Warning: This core is supplied with a behavioral model. To model cycle-accurate behavior you must run timing simulation.
Finished circuit initialization process.
at 0 ps, Instance /head_tb_ise/uut/Ins_arctan/U0/ : Warning: NUMERIC_STD.TO_INTEGER: metavalue detected, returning 0
ISim P.20131013 (signature 0xfbc00daa)
This is a Full version of ISim.
# run 1000 ns
Simulator is doing circuit initialization process.
at 0 ps, Instance /head_tb_ise/uut/Ins_arctan/U0/ : Warning: This core is supplied with a behavioral model. To model cycle-accurate behavior you must run timing simulation.
Finished circuit initialization process.
at 0 ps, Instance /head_tb_ise/uut/Ins_arctan/U0/ : Warning: NUMERIC_STD.TO_INTEGER: metavalue detected, returning 0
# exit 0
