
*** Running vivado
    with args -log Inv_Kplus.vds -m64 -product Vivado -mode batch -messageDb vivado.pb -notrace -source Inv_Kplus.tcl


****** Vivado v2017.3 (64-bit)
  **** SW Build 2018833 on Wed Oct  4 19:58:07 MDT 2017
  **** IP Build 2016188 on Wed Oct  4 21:52:56 MDT 2017
    ** Copyright 1986-2017 Xilinx, Inc. All Rights Reserved.

source Inv_Kplus.tcl -notrace
Starting RTL Elaboration : Time (s): cpu = 00:00:09 ; elapsed = 00:00:09 . Memory (MB): peak = 1243.312 ; gain = 68.996 ; free physical = 11792 ; free virtual = 13631
INFO: [Synth 8-638] synthesizing module 'Inv_Kplus' [/home/fede/GIT/Jaquenod/Trabajo_Final/System_8b10b/System_8b10b.srcs/sources_1/ip/Inv_Kplus/synth/Inv_Kplus.vhd:66]
INFO: [Synth 8-256] done synthesizing module 'Inv_Kplus' (4#1) [/home/fede/GIT/Jaquenod/Trabajo_Final/System_8b10b/System_8b10b.srcs/sources_1/ip/Inv_Kplus/synth/Inv_Kplus.vhd:66]
Finished RTL Elaboration : Time (s): cpu = 00:00:10 ; elapsed = 00:00:11 . Memory (MB): peak = 1285.844 ; gain = 111.527 ; free physical = 11806 ; free virtual = 13644
Finished RTL Optimization Phase 1 : Time (s): cpu = 00:00:10 ; elapsed = 00:00:11 . Memory (MB): peak = 1285.844 ; gain = 111.527 ; free physical = 11806 ; free virtual = 13644
INFO: [Device 21-403] Loading part xc7a100tfgg484-2
Constraint Validation Runtime : Time (s): cpu = 00:00:00 ; elapsed = 00:00:00 . Memory (MB): peak = 1539.672 ; gain = 0.000 ; free physical = 11547 ; free virtual = 13385
Finished Constraint Validation : Time (s): cpu = 00:00:28 ; elapsed = 00:00:42 . Memory (MB): peak = 1539.672 ; gain = 365.355 ; free physical = 11623 ; free virtual = 13461
Finished Loading Part and Timing Information : Time (s): cpu = 00:00:28 ; elapsed = 00:00:42 . Memory (MB): peak = 1539.672 ; gain = 365.355 ; free physical = 11623 ; free virtual = 13461
Finished applying 'set_property' XDC Constraints : Time (s): cpu = 00:00:28 ; elapsed = 00:00:42 . Memory (MB): peak = 1539.672 ; gain = 365.355 ; free physical = 11625 ; free virtual = 13463
Finished RTL Optimization Phase 2 : Time (s): cpu = 00:00:28 ; elapsed = 00:00:42 . Memory (MB): peak = 1539.672 ; gain = 365.355 ; free physical = 11624 ; free virtual = 13462
Finished Cross Boundary and Area Optimization : Time (s): cpu = 00:00:29 ; elapsed = 00:00:42 . Memory (MB): peak = 1547.680 ; gain = 373.363 ; free physical = 11616 ; free virtual = 13454
---------------------------------------------------------------------------------
Start ROM, RAM, DSP and Shift Register Reporting
---------------------------------------------------------------------------------

ROM:
+------------+------------+---------------+----------------+
|Module Name | RTL Object | Depth x Width | Implemented As | 
+------------+------------+---------------+----------------+
|rom         | rom[15]    | 16x4          | LUT            | 
+------------+------------+---------------+----------------+

---------------------------------------------------------------------------------
Finished ROM, RAM, DSP and Shift Register Reporting
---------------------------------------------------------------------------------
Finished Applying XDC Timing Constraints : Time (s): cpu = 00:00:36 ; elapsed = 00:00:53 . Memory (MB): peak = 1581.680 ; gain = 407.363 ; free physical = 11488 ; free virtual = 13326
Finished Timing Optimization : Time (s): cpu = 00:00:36 ; elapsed = 00:00:53 . Memory (MB): peak = 1581.680 ; gain = 407.363 ; free physical = 11488 ; free virtual = 13326
Finished Technology Mapping : Time (s): cpu = 00:00:36 ; elapsed = 00:00:53 . Memory (MB): peak = 1591.695 ; gain = 417.379 ; free physical = 11487 ; free virtual = 13325
Finished IO Insertion : Time (s): cpu = 00:00:37 ; elapsed = 00:00:54 . Memory (MB): peak = 1591.695 ; gain = 417.379 ; free physical = 11487 ; free virtual = 13325
Finished Renaming Generated Instances : Time (s): cpu = 00:00:37 ; elapsed = 00:00:54 . Memory (MB): peak = 1591.695 ; gain = 417.379 ; free physical = 11487 ; free virtual = 13325
Finished Rebuilding User Hierarchy : Time (s): cpu = 00:00:37 ; elapsed = 00:00:54 . Memory (MB): peak = 1591.695 ; gain = 417.379 ; free physical = 11487 ; free virtual = 13325
Finished Renaming Generated Ports : Time (s): cpu = 00:00:37 ; elapsed = 00:00:54 . Memory (MB): peak = 1591.695 ; gain = 417.379 ; free physical = 11487 ; free virtual = 13325
Finished Handling Custom Attributes : Time (s): cpu = 00:00:37 ; elapsed = 00:00:54 . Memory (MB): peak = 1591.695 ; gain = 417.379 ; free physical = 11487 ; free virtual = 13325
Finished Renaming Generated Nets : Time (s): cpu = 00:00:37 ; elapsed = 00:00:54 . Memory (MB): peak = 1591.695 ; gain = 417.379 ; free physical = 11487 ; free virtual = 13325

Report Cell Usage: 
+------+-----+------+
|      |Cell |Count |
+------+-----+------+
|1     |LUT4 |     4|
+------+-----+------+
Finished Writing Synthesis Report : Time (s): cpu = 00:00:37 ; elapsed = 00:00:54 . Memory (MB): peak = 1591.695 ; gain = 417.379 ; free physical = 11487 ; free virtual = 13325
synth_design: Time (s): cpu = 00:00:39 ; elapsed = 00:00:55 . Memory (MB): peak = 1598.695 ; gain = 437.754 ; free physical = 11528 ; free virtual = 13366
