ISim log file
Running: /home/fede/Documents/Jaquenod/Jaquenod/Modulo4/Guia4/ISE/Actividad 4_1_2/Recuperador_PLL/TB_Receptor_isim_beh.exe -intstyle ise -gui -tclbatch isim.cmd -wdb /home/fede/Documents/Jaquenod/Jaquenod/Modulo4/Guia4/ISE/Actividad 4_1_2/Recuperador_PLL/TB_Receptor_isim_beh.wdb 
ISim P.20131013 (signature 0xfbc00daa)
This is a Full version of ISim.
Time resolution is 1 ps
# onerror resume
# wave add /
# run 10000000 ns
Simulator is doing circuit initialization process.
at 0 ps, Instance /tb_receptor/uut/ : Warning: NUMERIC_STD.">": metavalue detected, returning FALSE
at 0 ps, Instance /tb_receptor/uut/ : Warning: NUMERIC_STD.">": metavalue detected, returning FALSE
Finished circuit initialization process.
ISim P.20131013 (signature 0xfbc00daa)
This is a Full version of ISim.
# run 10000000 ns
Simulator is doing circuit initialization process.
at 0 ps, Instance /tb_receptor/uut/ : Warning: NUMERIC_STD.">": metavalue detected, returning FALSE
at 0 ps, Instance /tb_receptor/uut/ : Warning: NUMERIC_STD.">": metavalue detected, returning FALSE
Finished circuit initialization process.
ISim P.20131013 (signature 0xfbc00daa)
This is a Full version of ISim.
# run 10000000 ns
Simulator is doing circuit initialization process.
at 0 ps, Instance /tb_receptor/uut/ : Warning: NUMERIC_STD.">": metavalue detected, returning FALSE
at 0 ps, Instance /tb_receptor/uut/ : Warning: NUMERIC_STD.">": metavalue detected, returning FALSE
Finished circuit initialization process.
ISim P.20131013 (signature 0xfbc00daa)
This is a Full version of ISim.
# run 10000000 ns
Simulator is doing circuit initialization process.
at 0 ps, Instance /tb_receptor/uut/ : Warning: NUMERIC_STD.">": metavalue detected, returning FALSE
at 0 ps, Instance /tb_receptor/uut/ : Warning: NUMERIC_STD.">": metavalue detected, returning FALSE
Finished circuit initialization process.
ISim P.20131013 (signature 0xfbc00daa)
This is a Full version of ISim.
# run 10000000 ns
Simulator is doing circuit initialization process.
at 0 ps, Instance /tb_receptor/uut/ : Warning: NUMERIC_STD.">": metavalue detected, returning FALSE
at 0 ps, Instance /tb_receptor/uut/ : Warning: NUMERIC_STD.">": metavalue detected, returning FALSE
Finished circuit initialization process.
ISim P.20131013 (signature 0xfbc00daa)
This is a Full version of ISim.
# run 10000000 ns
Simulator is doing circuit initialization process.
at 0 ps, Instance /tb_receptor/uut/ : Warning: NUMERIC_STD.">": metavalue detected, returning FALSE
at 0 ps, Instance /tb_receptor/uut/ : Warning: NUMERIC_STD.">": metavalue detected, returning FALSE
Finished circuit initialization process.
ISim P.20131013 (signature 0xfbc00daa)
This is a Full version of ISim.
# run 10000000 ns
Simulator is doing circuit initialization process.
at 0 ps, Instance /tb_receptor/uut/ : Warning: NUMERIC_STD.">": metavalue detected, returning FALSE
at 0 ps, Instance /tb_receptor/uut/ : Warning: NUMERIC_STD.">": metavalue detected, returning FALSE
Finished circuit initialization process.
ISim P.20131013 (signature 0xfbc00daa)
This is a Full version of ISim.
# run 10000000 ns
Simulator is doing circuit initialization process.
at 0 ps, Instance /tb_receptor/uut/ : Warning: NUMERIC_STD.">": metavalue detected, returning FALSE
at 0 ps, Instance /tb_receptor/uut/ : Warning: NUMERIC_STD.">": metavalue detected, returning FALSE
Finished circuit initialization process.
ISim P.20131013 (signature 0xfbc00daa)
This is a Full version of ISim.
# run 10000000 ns
Simulator is doing circuit initialization process.
at 0 ps, Instance /tb_receptor/uut/ : Warning: NUMERIC_STD.">": metavalue detected, returning FALSE
at 0 ps, Instance /tb_receptor/uut/ : Warning: NUMERIC_STD.">": metavalue detected, returning FALSE
Finished circuit initialization process.
ISim P.20131013 (signature 0xfbc00daa)
This is a Full version of ISim.
# run 10000000 ns
Simulator is doing circuit initialization process.
at 0 ps, Instance /tb_receptor/uut/ : Warning: NUMERIC_STD.">": metavalue detected, returning FALSE
at 0 ps, Instance /tb_receptor/uut/ : Warning: NUMERIC_STD.">": metavalue detected, returning FALSE
Finished circuit initialization process.
ISim P.20131013 (signature 0xfbc00daa)
This is a Full version of ISim.
# run 10000000 ns
Simulator is doing circuit initialization process.
at 0 ps, Instance /tb_receptor/uut/ : Warning: NUMERIC_STD.TO_INTEGER: metavalue detected, returning 0
at 0 ps, Instance /tb_receptor/uut/ : Warning: NUMERIC_STD.">": metavalue detected, returning FALSE
at 0 ps, Instance /tb_receptor/uut/ : Warning: NUMERIC_STD.TO_INTEGER: metavalue detected, returning 0
at 0 ps, Instance /tb_receptor/uut/ : Warning: NUMERIC_STD.">": metavalue detected, returning FALSE
Finished circuit initialization process.
ISim P.20131013 (signature 0xfbc00daa)
This is a Full version of ISim.
# run 10000000 ns
Simulator is doing circuit initialization process.
at 0 ps, Instance /tb_receptor/uut/ : Warning: NUMERIC_STD.TO_INTEGER: metavalue detected, returning 0
at 0 ps, Instance /tb_receptor/uut/ : Warning: NUMERIC_STD.">": metavalue detected, returning FALSE
at 0 ps, Instance /tb_receptor/uut/ : Warning: NUMERIC_STD.TO_INTEGER: metavalue detected, returning 0
at 0 ps, Instance /tb_receptor/uut/ : Warning: NUMERIC_STD.">": metavalue detected, returning FALSE
Finished circuit initialization process.
ISim P.20131013 (signature 0xfbc00daa)
This is a Full version of ISim.
# run 10000000 ns
Simulator is doing circuit initialization process.
at 0 ps, Instance /tb_receptor/uut/ : Warning: NUMERIC_STD.TO_INTEGER: metavalue detected, returning 0
at 0 ps, Instance /tb_receptor/uut/ : Warning: NUMERIC_STD.">": metavalue detected, returning FALSE
at 0 ps, Instance /tb_receptor/uut/ : Warning: NUMERIC_STD.TO_INTEGER: metavalue detected, returning 0
at 0 ps, Instance /tb_receptor/uut/ : Warning: NUMERIC_STD.">": metavalue detected, returning FALSE
Finished circuit initialization process.
ISim P.20131013 (signature 0xfbc00daa)
This is a Full version of ISim.
# run 10000000 ns
Simulator is doing circuit initialization process.
at 0 ps, Instance /tb_receptor/uut/ : Warning: NUMERIC_STD.TO_INTEGER: metavalue detected, returning 0
at 0 ps, Instance /tb_receptor/uut/ : Warning: NUMERIC_STD.">": metavalue detected, returning FALSE
at 0 ps, Instance /tb_receptor/uut/ : Warning: NUMERIC_STD.TO_INTEGER: metavalue detected, returning 0
at 0 ps, Instance /tb_receptor/uut/ : Warning: NUMERIC_STD.">": metavalue detected, returning FALSE
Finished circuit initialization process.
ISim P.20131013 (signature 0xfbc00daa)
This is a Full version of ISim.
# run 10000000 ns
Simulator is doing circuit initialization process.
at 0 ps, Instance /tb_receptor/uut/ : Warning: NUMERIC_STD.TO_INTEGER: metavalue detected, returning 0
at 0 ps, Instance /tb_receptor/uut/ : Warning: NUMERIC_STD.">": metavalue detected, returning FALSE
at 0 ps, Instance /tb_receptor/uut/ : Warning: NUMERIC_STD.TO_INTEGER: metavalue detected, returning 0
at 0 ps, Instance /tb_receptor/uut/ : Warning: NUMERIC_STD.">": metavalue detected, returning FALSE
Finished circuit initialization process.
ISim P.20131013 (signature 0xfbc00daa)
This is a Full version of ISim.
# run 10000000 ns
Simulator is doing circuit initialization process.
at 0 ps, Instance /tb_receptor/uut/ : Warning: NUMERIC_STD.TO_INTEGER: metavalue detected, returning 0
at 0 ps, Instance /tb_receptor/uut/ : Warning: NUMERIC_STD.">": metavalue detected, returning FALSE
at 0 ps, Instance /tb_receptor/uut/ : Warning: NUMERIC_STD.TO_INTEGER: metavalue detected, returning 0
at 0 ps, Instance /tb_receptor/uut/ : Warning: NUMERIC_STD.">": metavalue detected, returning FALSE
Finished circuit initialization process.
ISim P.20131013 (signature 0xfbc00daa)
This is a Full version of ISim.
# run 10000000 ns
Simulator is doing circuit initialization process.
at 0 ps, Instance /tb_receptor/uut/ : Warning: NUMERIC_STD.TO_INTEGER: metavalue detected, returning 0
at 0 ps, Instance /tb_receptor/uut/ : Warning: NUMERIC_STD.">": metavalue detected, returning FALSE
at 0 ps, Instance /tb_receptor/uut/ : Warning: NUMERIC_STD.TO_INTEGER: metavalue detected, returning 0
at 0 ps, Instance /tb_receptor/uut/ : Warning: NUMERIC_STD.">": metavalue detected, returning FALSE
Finished circuit initialization process.
ISim P.20131013 (signature 0xfbc00daa)
This is a Full version of ISim.
# run 10000000 ns
Simulator is doing circuit initialization process.
at 0 ps, Instance /tb_receptor/uut/ : Warning: NUMERIC_STD.TO_INTEGER: metavalue detected, returning 0
at 0 ps, Instance /tb_receptor/uut/ : Warning: NUMERIC_STD.">": metavalue detected, returning FALSE
at 0 ps, Instance /tb_receptor/uut/ : Warning: NUMERIC_STD.TO_INTEGER: metavalue detected, returning 0
at 0 ps, Instance /tb_receptor/uut/ : Warning: NUMERIC_STD.">": metavalue detected, returning FALSE
Finished circuit initialization process.
ISim P.20131013 (signature 0xfbc00daa)
This is a Full version of ISim.
# run 10000000 ns
Simulator is doing circuit initialization process.
at 0 ps, Instance /tb_receptor/uut/ : Warning: NUMERIC_STD.TO_INTEGER: metavalue detected, returning 0
at 0 ps, Instance /tb_receptor/uut/ : Warning: NUMERIC_STD.">": metavalue detected, returning FALSE
at 0 ps, Instance /tb_receptor/uut/ : Warning: NUMERIC_STD.TO_INTEGER: metavalue detected, returning 0
at 0 ps, Instance /tb_receptor/uut/ : Warning: NUMERIC_STD.">": metavalue detected, returning FALSE
Finished circuit initialization process.
ISim P.20131013 (signature 0xfbc00daa)
This is a Full version of ISim.
# run 10000000 ns
Simulator is doing circuit initialization process.
at 0 ps, Instance /tb_receptor/uut/ : Warning: NUMERIC_STD.TO_INTEGER: metavalue detected, returning 0
at 0 ps, Instance /tb_receptor/uut/ : Warning: NUMERIC_STD.">": metavalue detected, returning FALSE
at 0 ps, Instance /tb_receptor/uut/ : Warning: NUMERIC_STD.TO_INTEGER: metavalue detected, returning 0
at 0 ps, Instance /tb_receptor/uut/ : Warning: NUMERIC_STD.">": metavalue detected, returning FALSE
Finished circuit initialization process.
ISim P.20131013 (signature 0xfbc00daa)
This is a Full version of ISim.
# run 10000000 ns
Simulator is doing circuit initialization process.
at 0 ps, Instance /tb_receptor/uut/ : Warning: NUMERIC_STD.TO_INTEGER: metavalue detected, returning 0
at 0 ps, Instance /tb_receptor/uut/ : Warning: NUMERIC_STD.">": metavalue detected, returning FALSE
at 0 ps, Instance /tb_receptor/uut/ : Warning: NUMERIC_STD.TO_INTEGER: metavalue detected, returning 0
at 0 ps, Instance /tb_receptor/uut/ : Warning: NUMERIC_STD.">": metavalue detected, returning FALSE
Finished circuit initialization process.
ISim P.20131013 (signature 0xfbc00daa)
This is a Full version of ISim.
# run 10000000 ns
Simulator is doing circuit initialization process.
at 0 ps, Instance /tb_receptor/uut/ : Warning: NUMERIC_STD.TO_INTEGER: metavalue detected, returning 0
at 0 ps, Instance /tb_receptor/uut/ : Warning: NUMERIC_STD.">": metavalue detected, returning FALSE
at 0 ps, Instance /tb_receptor/uut/ : Warning: NUMERIC_STD.TO_INTEGER: metavalue detected, returning 0
at 0 ps, Instance /tb_receptor/uut/ : Warning: NUMERIC_STD.">": metavalue detected, returning FALSE
Finished circuit initialization process.
