Running: /opt/Xilinx/14.1/ISE_DS/ISE/bin/lin64/unwrapped/fuse -relaunch -intstyle "ise" -incremental -lib "secureip" -o "/home/fede/GIT/Jaquenod/Modulo2/ISE/Actividad_2_2_1/TB_LFSR_isim_beh.exe" -prj "/home/fede/GIT/Jaquenod/Modulo2/ISE/Actividad_2_2_1/TB_LFSR_beh.prj" "work.TB_LFSR" 
ISim P.15xf (signature 0x8ddf5b5d)
Number of CPUs detected in this system: 4
Turning on mult-threading, number of parallel sub-compilation jobs: 8 
Determining compilation order of HDL files
Parsing VHDL file "/home/fede/GIT/Jaquenod/Modulo2/ISE/Actividad_2_2_1/Sources/LFSR.vhd" into library work
Parsing VHDL file "/home/fede/GIT/Jaquenod/Modulo2/ISE/Actividad_2_2_1/Sources/TB_LFSR.vhd" into library work
Starting static elaboration
Completed static elaboration
Fuse Memory Usage: 96104 KB
Fuse CPU Usage: 850 ms
Compiling package standard
Compiling package std_logic_1164
Compiling package numeric_std
Compiling architecture arq_lfsr of entity En_LFSR [en_lfsr_default]
Compiling architecture behavior of entity tb_lfsr
Time Resolution for simulation is 1ps.
Waiting for 1 sub-compilation(s) to finish...
Compiled 6 VHDL Units
Built simulation executable /home/fede/GIT/Jaquenod/Modulo2/ISE/Actividad_2_2_1/TB_LFSR_isim_beh.exe
Fuse Memory Usage: 667816 KB
Fuse CPU Usage: 910 ms
GCC CPU Usage: 80 ms
