ISim log file
Running: /home/fede/GIT/Jaquenod/Modulo2/ISE/Actividad_2_2_1/TB_LFSR_isim_beh.exe -intstyle ise -gui -tclbatch isim.cmd -wdb /home/fede/GIT/Jaquenod/Modulo2/ISE/Actividad_2_2_1/TB_LFSR_isim_beh.wdb 
ISim P.15xf (signature 0x8ddf5b5d)
This is a Full version of ISim.
Time resolution is 1 ps
# onerror resume
# wave add /
# run 1000 ns
Simulator is doing circuit initialization process.
Finished circuit initialization process.
ISim P.15xf (signature 0x8ddf5b5d)
This is a Full version of ISim.
# run 1000 ns
Simulator is doing circuit initialization process.
Finished circuit initialization process.
ISim P.15xf (signature 0x8ddf5b5d)
This is a Full version of ISim.
# run 1000 ns
Simulator is doing circuit initialization process.
Finished circuit initialization process.
ISim P.15xf (signature 0x8ddf5b5d)
This is a Full version of ISim.
# run 1000 ns
Simulator is doing circuit initialization process.
Finished circuit initialization process.
ISim P.15xf (signature 0x8ddf5b5d)
This is a Full version of ISim.
# run 1000 ns
Simulator is doing circuit initialization process.
Finished circuit initialization process.
ISim P.15xf (signature 0x8ddf5b5d)
This is a Full version of ISim.
# run 1000 ns
Simulator is doing circuit initialization process.
Finished circuit initialization process.
ISim P.15xf (signature 0x8ddf5b5d)
This is a Full version of ISim.
# run 1000 ns
Simulator is doing circuit initialization process.
Finished circuit initialization process.
ISim P.15xf (signature 0x8ddf5b5d)
This is a Full version of ISim.
# run 1000 ns
Simulator is doing circuit initialization process.
Finished circuit initialization process.
ISim P.15xf (signature 0x8ddf5b5d)
This is a Full version of ISim.
# run 1000 ns
Simulator is doing circuit initialization process.
Finished circuit initialization process.
ISim P.15xf (signature 0x8ddf5b5d)
This is a Full version of ISim.
# run 1000 ns
Simulator is doing circuit initialization process.
Finished circuit initialization process.
# restart
# step
Simulator is doing circuit initialization process.
Stopped at time : 0 fs : File "/home/fede/GIT/Jaquenod/Modulo2/ISE/Actividad_2_2_1/Sources/LFSR.vhd" Line 72
# step
Finished circuit initialization process.
# step
# step
# step
# step
# step
# step
# step
# step
# step
# step
# step
# step
# step
# step
# step
# step
# step
# step
# step
# step
# step
# step
# step
# step
# step
# step
# step
# step
# step
# restart
# restart
# run all
Simulator is doing circuit initialization process.
Finished circuit initialization process.
ISim P.15xf (signature 0x8ddf5b5d)
This is a Full version of ISim.
# run 1000 ns
Simulator is doing circuit initialization process.
Finished circuit initialization process.
ISim P.15xf (signature 0x8ddf5b5d)
This is a Full version of ISim.
# run 1000 ns
Simulator is doing circuit initialization process.
Finished circuit initialization process.
ISim P.15xf (signature 0x8ddf5b5d)
This is a Full version of ISim.
# run 1000 ns
Simulator is doing circuit initialization process.
Finished circuit initialization process.
ISim P.15xf (signature 0x8ddf5b5d)
This is a Full version of ISim.
# run 1000 ns
Simulator is doing circuit initialization process.
Finished circuit initialization process.
ISim P.15xf (signature 0x8ddf5b5d)
This is a Full version of ISim.
# run 1000 ns
Simulator is doing circuit initialization process.
Finished circuit initialization process.
ISim P.15xf (signature 0x8ddf5b5d)
This is a Full version of ISim.
# run 1000 ns
Simulator is doing circuit initialization process.
Finished circuit initialization process.
# exit 0
