
*** Running vivado
    with args -log Arial16x16.vds -m64 -product Vivado -mode batch -messageDb vivado.pb -notrace -source Arial16x16.tcl


****** Vivado v2017.2 (64-bit)
  **** SW Build 1909853 on Thu Jun 15 18:39:10 MDT 2017
  **** IP Build 1909766 on Thu Jun 15 19:58:00 MDT 2017
    ** Copyright 1986-2017 Xilinx, Inc. All Rights Reserved.

source Arial16x16.tcl -notrace
Starting RTL Elaboration : Time (s): cpu = 00:00:03 ; elapsed = 00:00:03 . Memory (MB): peak = 1148.836 ; gain = 49.996 ; free physical = 1191 ; free virtual = 14116
INFO: [Synth 8-638] synthesizing module 'Arial16x16' [/home/farbizu/GIT/Carcasa_Artix/Carcasa.srcs/sources_1/ip/Arial16x16/synth/Arial16x16.vhd:66]
INFO: [Synth 8-256] done synthesizing module 'Arial16x16' (4#1) [/home/farbizu/GIT/Carcasa_Artix/Carcasa.srcs/sources_1/ip/Arial16x16/synth/Arial16x16.vhd:66]
Finished RTL Elaboration : Time (s): cpu = 00:00:11 ; elapsed = 00:00:11 . Memory (MB): peak = 1338.617 ; gain = 239.777 ; free physical = 1133 ; free virtual = 14058
Finished RTL Optimization Phase 1 : Time (s): cpu = 00:00:11 ; elapsed = 00:00:11 . Memory (MB): peak = 1338.617 ; gain = 239.777 ; free physical = 1135 ; free virtual = 14061
INFO: [Device 21-403] Loading part xa7a100tfgg484-2I
Constraint Validation Runtime : Time (s): cpu = 00:00:00.01 ; elapsed = 00:00:00.01 . Memory (MB): peak = 1454.008 ; gain = 0.000 ; free physical = 930 ; free virtual = 13856
Finished Constraint Validation : Time (s): cpu = 00:00:18 ; elapsed = 00:00:18 . Memory (MB): peak = 1454.008 ; gain = 355.168 ; free physical = 1003 ; free virtual = 13929
Finished Loading Part and Timing Information : Time (s): cpu = 00:00:18 ; elapsed = 00:00:18 . Memory (MB): peak = 1454.008 ; gain = 355.168 ; free physical = 1003 ; free virtual = 13929
Finished applying 'set_property' XDC Constraints : Time (s): cpu = 00:00:18 ; elapsed = 00:00:18 . Memory (MB): peak = 1454.008 ; gain = 355.168 ; free physical = 1005 ; free virtual = 13930
Finished RTL Optimization Phase 2 : Time (s): cpu = 00:00:18 ; elapsed = 00:00:18 . Memory (MB): peak = 1462.016 ; gain = 363.176 ; free physical = 1005 ; free virtual = 13930
Finished Cross Boundary and Area Optimization : Time (s): cpu = 00:00:19 ; elapsed = 00:00:20 . Memory (MB): peak = 1486.039 ; gain = 387.199 ; free physical = 976 ; free virtual = 13901
---------------------------------------------------------------------------------
Start ROM, RAM, DSP and Shift Register Reporting
---------------------------------------------------------------------------------

ROM:
+------------+------------+---------------+----------------+
|Module Name | RTL Object | Depth x Width | Implemented As | 
+------------+------------+---------------+----------------+
|rom         | rom[127]   | 128x128       | LUT            | 
+------------+------------+---------------+----------------+

---------------------------------------------------------------------------------
Finished ROM, RAM, DSP and Shift Register Reporting
---------------------------------------------------------------------------------
Finished Applying XDC Timing Constraints : Time (s): cpu = 00:00:24 ; elapsed = 00:00:24 . Memory (MB): peak = 1518.039 ; gain = 419.199 ; free physical = 851 ; free virtual = 13777
Finished Timing Optimization : Time (s): cpu = 00:00:24 ; elapsed = 00:00:24 . Memory (MB): peak = 1518.039 ; gain = 419.199 ; free physical = 851 ; free virtual = 13777
Finished Technology Mapping : Time (s): cpu = 00:00:24 ; elapsed = 00:00:24 . Memory (MB): peak = 1528.055 ; gain = 429.215 ; free physical = 851 ; free virtual = 13776
Finished IO Insertion : Time (s): cpu = 00:00:24 ; elapsed = 00:00:25 . Memory (MB): peak = 1528.055 ; gain = 429.215 ; free physical = 851 ; free virtual = 13776
Finished Renaming Generated Instances : Time (s): cpu = 00:00:24 ; elapsed = 00:00:25 . Memory (MB): peak = 1528.055 ; gain = 429.215 ; free physical = 851 ; free virtual = 13776
Finished Rebuilding User Hierarchy : Time (s): cpu = 00:00:24 ; elapsed = 00:00:25 . Memory (MB): peak = 1528.055 ; gain = 429.215 ; free physical = 851 ; free virtual = 13776
Finished Renaming Generated Ports : Time (s): cpu = 00:00:24 ; elapsed = 00:00:25 . Memory (MB): peak = 1528.055 ; gain = 429.215 ; free physical = 851 ; free virtual = 13776
Finished Handling Custom Attributes : Time (s): cpu = 00:00:24 ; elapsed = 00:00:25 . Memory (MB): peak = 1528.055 ; gain = 429.215 ; free physical = 851 ; free virtual = 13776
Finished Renaming Generated Nets : Time (s): cpu = 00:00:24 ; elapsed = 00:00:25 . Memory (MB): peak = 1528.055 ; gain = 429.215 ; free physical = 851 ; free virtual = 13776

Report Cell Usage: 
+------+------+------+
|      |Cell  |Count |
+------+------+------+
|1     |LUT2  |    15|
|2     |LUT3  |    26|
|3     |LUT6  |   183|
|4     |MUXF7 |    70|
+------+------+------+
Finished Writing Synthesis Report : Time (s): cpu = 00:00:24 ; elapsed = 00:00:25 . Memory (MB): peak = 1528.055 ; gain = 429.215 ; free physical = 851 ; free virtual = 13776
synth_design: Time (s): cpu = 00:00:25 ; elapsed = 00:00:26 . Memory (MB): peak = 1536.055 ; gain = 449.801 ; free physical = 879 ; free virtual = 13804
