
*** Running vivado
    with args -log Dplus.vds -m64 -product Vivado -mode batch -messageDb vivado.pb -notrace -source Dplus.tcl


****** Vivado v2017.3 (64-bit)
  **** SW Build 2018833 on Wed Oct  4 19:58:07 MDT 2017
  **** IP Build 2016188 on Wed Oct  4 21:52:56 MDT 2017
    ** Copyright 1986-2017 Xilinx, Inc. All Rights Reserved.

source Dplus.tcl -notrace
Starting RTL Elaboration : Time (s): cpu = 00:00:09 ; elapsed = 00:00:10 . Memory (MB): peak = 1243.309 ; gain = 68.996 ; free physical = 11555 ; free virtual = 13392
INFO: [Synth 8-638] synthesizing module 'Dplus' [/home/fede/GIT/Jaquenod/Trabajo_Final/System_8b10b/System_8b10b.srcs/sources_1/ip/Dplus/synth/Dplus.vhd:66]
INFO: [Synth 8-256] done synthesizing module 'Dplus' (4#1) [/home/fede/GIT/Jaquenod/Trabajo_Final/System_8b10b/System_8b10b.srcs/sources_1/ip/Dplus/synth/Dplus.vhd:66]
Finished RTL Elaboration : Time (s): cpu = 00:00:10 ; elapsed = 00:00:12 . Memory (MB): peak = 1285.840 ; gain = 111.527 ; free physical = 11591 ; free virtual = 13428
Finished RTL Optimization Phase 1 : Time (s): cpu = 00:00:11 ; elapsed = 00:00:12 . Memory (MB): peak = 1285.840 ; gain = 111.527 ; free physical = 11578 ; free virtual = 13415
INFO: [Device 21-403] Loading part xc7a100tfgg484-2
Constraint Validation Runtime : Time (s): cpu = 00:00:00 ; elapsed = 00:00:00 . Memory (MB): peak = 1539.668 ; gain = 0.000 ; free physical = 11137 ; free virtual = 12974
Finished Constraint Validation : Time (s): cpu = 00:00:30 ; elapsed = 00:00:46 . Memory (MB): peak = 1539.668 ; gain = 365.355 ; free physical = 11217 ; free virtual = 13055
Finished Loading Part and Timing Information : Time (s): cpu = 00:00:30 ; elapsed = 00:00:46 . Memory (MB): peak = 1539.668 ; gain = 365.355 ; free physical = 11217 ; free virtual = 13055
Finished applying 'set_property' XDC Constraints : Time (s): cpu = 00:00:30 ; elapsed = 00:00:46 . Memory (MB): peak = 1539.668 ; gain = 365.355 ; free physical = 11219 ; free virtual = 13057
Finished RTL Optimization Phase 2 : Time (s): cpu = 00:00:30 ; elapsed = 00:00:46 . Memory (MB): peak = 1539.668 ; gain = 365.355 ; free physical = 11218 ; free virtual = 13056
Finished Cross Boundary and Area Optimization : Time (s): cpu = 00:00:31 ; elapsed = 00:00:46 . Memory (MB): peak = 1547.676 ; gain = 373.363 ; free physical = 11202 ; free virtual = 13039
---------------------------------------------------------------------------------
Start ROM, RAM, DSP and Shift Register Reporting
---------------------------------------------------------------------------------

ROM:
+------------+------------+---------------+----------------+
|Module Name | RTL Object | Depth x Width | Implemented As | 
+------------+------------+---------------+----------------+
|rom         | rom[15]    | 16x4          | LUT            | 
+------------+------------+---------------+----------------+

---------------------------------------------------------------------------------
Finished ROM, RAM, DSP and Shift Register Reporting
---------------------------------------------------------------------------------
Finished Applying XDC Timing Constraints : Time (s): cpu = 00:00:39 ; elapsed = 00:00:58 . Memory (MB): peak = 1581.676 ; gain = 407.363 ; free physical = 10951 ; free virtual = 12789
Finished Timing Optimization : Time (s): cpu = 00:00:39 ; elapsed = 00:00:58 . Memory (MB): peak = 1581.676 ; gain = 407.363 ; free physical = 10951 ; free virtual = 12789
Finished Technology Mapping : Time (s): cpu = 00:00:39 ; elapsed = 00:00:58 . Memory (MB): peak = 1590.691 ; gain = 416.379 ; free physical = 10950 ; free virtual = 12788
Finished IO Insertion : Time (s): cpu = 00:00:40 ; elapsed = 00:00:58 . Memory (MB): peak = 1590.691 ; gain = 416.379 ; free physical = 10951 ; free virtual = 12788
Finished Renaming Generated Instances : Time (s): cpu = 00:00:40 ; elapsed = 00:00:58 . Memory (MB): peak = 1590.691 ; gain = 416.379 ; free physical = 10951 ; free virtual = 12788
Finished Rebuilding User Hierarchy : Time (s): cpu = 00:00:40 ; elapsed = 00:00:58 . Memory (MB): peak = 1590.691 ; gain = 416.379 ; free physical = 10951 ; free virtual = 12788
Finished Renaming Generated Ports : Time (s): cpu = 00:00:40 ; elapsed = 00:00:58 . Memory (MB): peak = 1590.691 ; gain = 416.379 ; free physical = 10951 ; free virtual = 12788
Finished Handling Custom Attributes : Time (s): cpu = 00:00:40 ; elapsed = 00:00:58 . Memory (MB): peak = 1590.691 ; gain = 416.379 ; free physical = 10951 ; free virtual = 12788
Finished Renaming Generated Nets : Time (s): cpu = 00:00:40 ; elapsed = 00:00:58 . Memory (MB): peak = 1590.691 ; gain = 416.379 ; free physical = 10951 ; free virtual = 12788

Report Cell Usage: 
+------+-----+------+
|      |Cell |Count |
+------+-----+------+
|1     |LUT3 |     1|
|2     |LUT4 |     3|
+------+-----+------+
Finished Writing Synthesis Report : Time (s): cpu = 00:00:40 ; elapsed = 00:00:58 . Memory (MB): peak = 1590.691 ; gain = 416.379 ; free physical = 10951 ; free virtual = 12788
synth_design: Time (s): cpu = 00:00:42 ; elapsed = 00:01:00 . Memory (MB): peak = 1598.691 ; gain = 437.754 ; free physical = 10998 ; free virtual = 12835
