ISim log file
Running: /home/fedeserver/Documents/Jaquenod/GIT/Modulo2/ISE/LFSR/TB_Head_isim_beh.exe -intstyle ise -gui -tclbatch isim.cmd -wdb /home/fedeserver/Documents/Jaquenod/GIT/Modulo2/ISE/LFSR/TB_Head_isim_beh.wdb 
ISim P.20131013 (signature 0xfbc00daa)
This is a Full version of ISim.
Time resolution is 1 ps
# onerror resume
# wave add /
# run 1000 ps
Simulator is doing circuit initialization process.
Stopped at time : 0 fs : File "/home/fedeserver/Documents/Jaquenod/GIT/Modulo2/ISE/LFSR/En_Head.vhd" Line 49
# run all
Stopped at time : 0 fs : File "/home/fedeserver/Documents/Jaquenod/GIT/Modulo2/ISE/LFSR/En_Head.vhd" Line 46
ISim P.20131013 (signature 0xfbc00daa)
This is a Full version of ISim.
# run 1000 ps
Simulator is doing circuit initialization process.
Stopped at time : 0 fs : File "/home/fedeserver/Documents/Jaquenod/GIT/Modulo2/ISE/LFSR/En_Head.vhd" Line 49
ISim P.20131013 (signature 0xfbc00daa)
This is a Full version of ISim.
# run 1000 ps
Simulator is doing circuit initialization process.
Stopped at time : 0 fs : File "/home/fedeserver/Documents/Jaquenod/GIT/Modulo2/ISE/LFSR/En_Head.vhd" Line 49
# exit 0
